<?xml version="1.0" encoding="UTF-8" standalone="yes"?><!DOCTYPE report PUBLIC "-//JACOCO//DTD Report 1.1//EN" "report.dtd"><report name="Dependency-Check Utils"><sessioninfo id="localhost-d347defb" start="1573556394427" dump="1573556397808"/><sessioninfo id="localhost-7e6efe6f" start="1573556399294" dump="1573556408041"/><package name="org/owasp/dependencycheck/utils/search"><class name="org/owasp/dependencycheck/utils/search/FileContentSearch" sourcefilename="FileContentSearch.java"><method name="contains" desc="(Ljava/io/File;Ljava/lang/String;)Z" line="53"><counter type="INSTRUCTION" missed="0" covered="22"/><counter type="BRANCH" missed="0" covered="2"/><counter type="LINE" missed="0" covered="5"/><counter type="COMPLEXITY" missed="0" covered="2"/><counter type="METHOD" missed="0" covered="1"/></method><method name="contains" desc="(Ljava/io/File;[Ljava/lang/String;)Z" line="72"><counter type="INSTRUCTION" missed="0" covered="41"/><counter type="BRANCH" missed="0" covered="2"/><counter type="LINE" missed="0" covered="5"/><counter type="COMPLEXITY" missed="0" covered="2"/><counter type="METHOD" missed="0" covered="1"/></method><method name="lambda$contains$0" desc="(Ljava/util/Scanner;Ljava/util/regex/Pattern;)Z" line="77"><counter type="INSTRUCTION" missed="0" covered="9"/><counter type="BRANCH" missed="0" covered="2"/><counter type="LINE" missed="0" covered="1"/><counter type="COMPLEXITY" missed="0" covered="2"/><counter type="METHOD" missed="0" covered="1"/></method><counter type="INSTRUCTION" missed="0" covered="72"/><counter type="BRANCH" missed="0" covered="6"/><counter type="LINE" missed="0" covered="10"/><counter type="COMPLEXITY" missed="0" covered="6"/><counter type="METHOD" missed="0" covered="3"/><counter type="CLASS" missed="0" covered="1"/></class><sourcefile name="FileContentSearch.java"><line nr="53" mi="0" ci="8" mb="0" cb="0"/><line nr="54" mi="0" ci="3" mb="0" cb="0"/><line nr="55" mi="0" ci="5" mb="0" cb="2"/><line nr="56" mi="0" ci="4" mb="0" cb="0"/><line nr="59" mi="0" ci="2" mb="0" cb="0"/><line nr="72" mi="0" ci="4" mb="0" cb="0"/><line nr="73" mi="0" ci="16" mb="0" cb="2"/><line nr="74" mi="0" ci="5" mb="0" cb="0"/><line nr="76" mi="0" ci="8" mb="0" cb="0"/><line nr="77" mi="0" ci="17" mb="0" cb="2"/><counter type="INSTRUCTION" missed="0" covered="72"/><counter type="BRANCH" missed="0" covered="6"/><counter type="LINE" missed="0" covered="10"/><counter type="COMPLEXITY" missed="0" covered="6"/><counter type="METHOD" missed="0" covered="3"/><counter type="CLASS" missed="0" covered="1"/></sourcefile><counter type="INSTRUCTION" missed="0" covered="72"/><counter type="BRANCH" missed="0" covered="6"/><counter type="LINE" missed="0" covered="10"/><counter type="COMPLEXITY" missed="0" covered="6"/><counter type="METHOD" missed="0" covered="3"/><counter type="CLASS" missed="0" covered="1"/></package><package name="org/owasp/dependencycheck/utils"><class name="org/owasp/dependencycheck/utils/FileUtils" sourcefilename="FileUtils.java"><method name="getFileExtension" desc="(Ljava/lang/String;)Ljava/lang/String;" line="74"><counter type="INSTRUCTION" missed="0" covered="16"/><counter type="BRANCH" missed="0" covered="2"/><counter type="LINE" missed="0" covered="2"/><counter type="COMPLEXITY" missed="0" covered="2"/><counter type="METHOD" missed="0" covered="1"/></method><method name="delete" desc="(Ljava/io/File;)Z" line="86"><counter type="INSTRUCTION" missed="12" covered="9"/><counter type="BRANCH" missed="2" covered="2"/><counter type="LINE" missed="4" covered="4"/><counter type="COMPLEXITY" missed="2" covered="1"/><counter type="METHOD" missed="0" covered="1"/></method><method name="createTempDirectory" desc="(Ljava/io/File;)Ljava/io/File;" line="109"><counter type="INSTRUCTION" missed="18" covered="27"/><counter type="BRANCH" missed="2" covered="2"/><counter type="LINE" missed="2" covered="5"/><counter type="COMPLEXITY" missed="2" covered="1"/><counter type="METHOD" missed="0" covered="1"/></method><method name="getBitBucket" desc="()Ljava/lang/String;" line="128"><counter type="INSTRUCTION" missed="6" covered="0"/><counter type="BRANCH" missed="2" covered="0"/><counter type="LINE" missed="1" covered="0"/><counter type="COMPLEXITY" missed="2" covered="0"/><counter type="METHOD" missed="1" covered="0"/></method><method name="close" desc="(Ljava/io/Closeable;)V" line="138"><counter type="INSTRUCTION" missed="12" covered="0"/><counter type="BRANCH" missed="2" covered="0"/><counter type="LINE" missed="6" covered="0"/><counter type="COMPLEXITY" missed="2" covered="0"/><counter type="METHOD" missed="1" covered="0"/></method><method name="getResourceAsStream" desc="(Ljava/lang/String;)Ljava/io/InputStream;" line="155"><counter type="INSTRUCTION" missed="19" covered="14"/><counter type="BRANCH" missed="2" covered="2"/><counter type="LINE" missed="3" covered="6"/><counter type="COMPLEXITY" missed="2" covered="1"/><counter type="METHOD" missed="0" covered="1"/></method><method name="getResourceAsFile" desc="(Ljava/lang/String;)Ljava/io/File;" line="178"><counter type="INSTRUCTION" missed="26" covered="0"/><counter type="BRANCH" missed="4" covered="0"/><counter type="LINE" missed="7" covered="0"/><counter type="COMPLEXITY" missed="3" covered="0"/><counter type="METHOD" missed="1" covered="0"/></method><method name="&lt;clinit&gt;" desc="()V" line="48"><counter type="INSTRUCTION" missed="0" covered="4"/><counter type="LINE" missed="0" covered="1"/><counter type="COMPLEXITY" missed="0" covered="1"/><counter type="METHOD" missed="0" covered="1"/></method><counter type="INSTRUCTION" missed="93" covered="70"/><counter type="BRANCH" missed="14" covered="8"/><counter type="LINE" missed="23" covered="18"/><counter type="COMPLEXITY" missed="13" covered="6"/><counter type="METHOD" missed="3" covered="5"/><counter type="CLASS" missed="0" covered="1"/></class><class name="org/owasp/dependencycheck/utils/Settings$KEYS" sourcefilename="Settings.java"/><class name="org/owasp/dependencycheck/utils/HttpResourceConnection" sourcefilename="HttpResourceConnection.java"><method name="&lt;init&gt;" desc="(Lorg/owasp/dependencycheck/utils/Settings;)V" line="86"><counter type="INSTRUCTION" missed="0" covered="5"/><counter type="LINE" missed="0" covered="2"/><counter type="COMPLEXITY" missed="0" covered="1"/><counter type="METHOD" missed="0" covered="1"/></method><method name="&lt;init&gt;" desc="(Lorg/owasp/dependencycheck/utils/Settings;Z)V" line="74"><counter type="INSTRUCTION" missed="0" covered="18"/><counter type="LINE" missed="0" covered="6"/><counter type="COMPLEXITY" missed="0" covered="1"/><counter type="METHOD" missed="0" covered="1"/></method><method name="fetch" desc="(Ljava/net/URL;)Ljava/io/InputStream;" line="113"><counter type="INSTRUCTION" missed="153" covered="25"/><counter type="BRANCH" missed="10" covered="4"/><counter type="LINE" missed="26" covered="7"/><counter type="COMPLEXITY" missed="7" covered="1"/><counter type="METHOD" missed="0" covered="1"/></method><method name="obtainConnection" desc="(Ljava/net/URL;)Ljava/net/HttpURLConnection;" line="173"><counter type="INSTRUCTION" missed="125" covered="46"/><counter type="BRANCH" missed="12" covered="6"/><counter type="LINE" missed="30" covered="13"/><counter type="COMPLEXITY" missed="9" covered="1"/><counter type="METHOD" missed="0" covered="1"/></method><method name="getLastModified" desc="(Ljava/net/URL;)J" line="257"><counter type="INSTRUCTION" missed="0" covered="5"/><counter type="LINE" missed="0" covered="1"/><counter type="COMPLEXITY" missed="0" covered="1"/><counter type="METHOD" missed="0" covered="1"/></method><method name="getLastModified" desc="(Ljava/net/URL;Z)J" line="278"><counter type="INSTRUCTION" missed="144" covered="41"/><counter type="BRANCH" missed="10" covered="4"/><counter type="LINE" missed="23" covered="13"/><counter type="COMPLEXITY" missed="7" covered="1"/><counter type="METHOD" missed="0" covered="1"/></method><method name="close" desc="()V" line="339"><counter type="INSTRUCTION" missed="0" covered="10"/><counter type="BRANCH" missed="0" covered="2"/><counter type="LINE" missed="0" covered="4"/><counter type="COMPLEXITY" missed="0" covered="2"/><counter type="METHOD" missed="0" covered="1"/></method><method name="isClosed" desc="()Z" line="354"><counter type="INSTRUCTION" missed="0" covered="7"/><counter type="BRANCH" missed="0" covered="2"/><counter type="LINE" missed="0" covered="1"/><counter type="COMPLEXITY" missed="0" covered="2"/><counter type="METHOD" missed="0" covered="1"/></method><method name="determineHttpMethod" desc="()Ljava/lang/String;" line="363"><counter type="INSTRUCTION" missed="1" covered="6"/><counter type="BRANCH" missed="1" covered="1"/><counter type="LINE" missed="0" covered="1"/><counter type="COMPLEXITY" missed="1" covered="1"/><counter type="METHOD" missed="0" covered="1"/></method><method name="isQuickQuery" desc="()Z" line="373"><counter type="INSTRUCTION" missed="0" covered="6"/><counter type="LINE" missed="0" covered="1"/><counter type="COMPLEXITY" missed="0" covered="1"/><counter type="METHOD" missed="0" covered="1"/></method><method name="checkForCommonExceptionTypes" desc="(Ljava/io/IOException;)V" line="387"><counter type="INSTRUCTION" missed="70" covered="0"/><counter type="BRANCH" missed="6" covered="0"/><counter type="LINE" missed="16" covered="0"/><counter type="COMPLEXITY" missed="4" covered="0"/><counter type="METHOD" missed="1" covered="0"/></method><method name="&lt;clinit&gt;" desc="()V" line="48"><counter type="INSTRUCTION" missed="0" covered="4"/><counter type="LINE" missed="0" covered="1"/><counter type="COMPLEXITY" missed="0" covered="1"/><counter type="METHOD" missed="0" covered="1"/></method><counter type="INSTRUCTION" missed="493" covered="173"/><counter type="BRANCH" missed="39" covered="19"/><counter type="LINE" missed="95" covered="50"/><counter type="COMPLEXITY" missed="28" covered="13"/><counter type="METHOD" missed="1" covered="11"/><counter type="CLASS" missed="0" covered="1"/></class><class name="org/owasp/dependencycheck/utils/Settings" sourcefilename="Settings.java"><method name="&lt;init&gt;" desc="()V" line="71"><counter type="INSTRUCTION" missed="0" covered="12"/><counter type="LINE" missed="0" covered="5"/><counter type="COMPLEXITY" missed="0" covered="1"/><counter type="METHOD" missed="0" covered="1"/></method><method name="&lt;init&gt;" desc="(Ljava/util/Properties;)V" line="71"><counter type="INSTRUCTION" missed="17" covered="0"/><counter type="LINE" missed="6" covered="0"/><counter type="COMPLEXITY" missed="1" covered="0"/><counter type="METHOD" missed="1" covered="0"/></method><method name="&lt;init&gt;" desc="(Ljava/lang/String;)V" line="71"><counter type="INSTRUCTION" missed="12" covered="0"/><counter type="LINE" missed="5" covered="0"/><counter type="COMPLEXITY" missed="1" covered="0"/><counter type="METHOD" missed="1" covered="0"/></method><method name="initialize" desc="(Ljava/lang/String;)V" line="657"><counter type="INSTRUCTION" missed="19" covered="21"/><counter type="LINE" missed="6" covered="6"/><counter type="COMPLEXITY" missed="0" covered="1"/><counter type="METHOD" missed="0" covered="1"/></method><method name="cleanup" desc="()V" line="674"><counter type="INSTRUCTION" missed="4" covered="0"/><counter type="LINE" missed="2" covered="0"/><counter type="COMPLEXITY" missed="1" covered="0"/><counter type="METHOD" missed="1" covered="0"/></method><method name="cleanup" desc="(Z)V" line="684"><counter type="INSTRUCTION" missed="0" covered="23"/><counter type="BRANCH" missed="2" covered="4"/><counter type="LINE" missed="0" covered="5"/><counter type="COMPLEXITY" missed="2" covered="2"/><counter type="METHOD" missed="0" covered="1"/></method><method name="getMaskedKeys" desc="()Ljava/util/List;" line="697"><counter type="INSTRUCTION" missed="0" covered="11"/><counter type="LINE" missed="0" covered="4"/><counter type="COMPLEXITY" missed="0" covered="1"/><counter type="METHOD" missed="0" covered="1"/></method><method name="isKeyMasked" desc="(Ljava/lang/String;)Z" line="711"><counter type="INSTRUCTION" missed="0" covered="7"/><counter type="LINE" missed="0" covered="1"/><counter type="COMPLEXITY" missed="0" covered="1"/><counter type="METHOD" missed="0" covered="1"/></method><method name="getPrintableValue" desc="(Ljava/lang/String;Ljava/lang/String;)Ljava/lang/String;" line="723"><counter type="INSTRUCTION" missed="0" covered="14"/><counter type="BRANCH" missed="1" covered="3"/><counter type="LINE" missed="0" covered="4"/><counter type="COMPLEXITY" missed="1" covered="2"/><counter type="METHOD" missed="0" covered="1"/></method><method name="initMaskedKeys" desc="()V" line="737"><counter type="INSTRUCTION" missed="0" covered="5"/><counter type="LINE" missed="0" covered="2"/><counter type="COMPLEXITY" missed="0" covered="1"/><counter type="METHOD" missed="0" covered="1"/></method><method name="logProperties" desc="(Ljava/lang/String;Ljava/util/Properties;)V" line="748"><counter type="INSTRUCTION" missed="63" covered="4"/><counter type="BRANCH" missed="5" covered="1"/><counter type="LINE" missed="13" covered="2"/><counter type="COMPLEXITY" missed="3" covered="1"/><counter type="METHOD" missed="0" covered="1"/></method><method name="setString" desc="(Ljava/lang/String;Ljava/lang/String;)V" line="774"><counter type="INSTRUCTION" missed="0" covered="12"/><counter type="LINE" missed="0" covered="3"/><counter type="COMPLEXITY" missed="0" covered="1"/><counter type="METHOD" missed="0" covered="1"/></method><method name="setStringIfNotNull" desc="(Ljava/lang/String;Ljava/lang/String;)V" line="785"><counter type="INSTRUCTION" missed="4" covered="4"/><counter type="BRANCH" missed="1" covered="1"/><counter type="LINE" missed="1" covered="2"/><counter type="COMPLEXITY" missed="1" covered="1"/><counter type="METHOD" missed="0" covered="1"/></method><method name="setStringIfNotEmpty" desc="(Ljava/lang/String;Ljava/lang/String;)V" line="797"><counter type="INSTRUCTION" missed="4" covered="7"/><counter type="BRANCH" missed="2" covered="2"/><counter type="LINE" missed="1" covered="2"/><counter type="COMPLEXITY" missed="2" covered="1"/><counter type="METHOD" missed="0" covered="1"/></method><method name="setArrayIfNotEmpty" desc="(Ljava/lang/String;[Ljava/lang/String;)V" line="809"><counter type="INSTRUCTION" missed="8" covered="7"/><counter type="BRANCH" missed="1" covered="3"/><counter type="LINE" missed="1" covered="2"/><counter type="COMPLEXITY" missed="1" covered="2"/><counter type="METHOD" missed="0" covered="1"/></method><method name="setArrayIfNotEmpty" desc="(Ljava/lang/String;Ljava/util/List;)V" line="821"><counter type="INSTRUCTION" missed="0" covered="15"/><counter type="BRANCH" missed="2" covered="2"/><counter type="LINE" missed="0" covered="3"/><counter type="COMPLEXITY" missed="2" covered="1"/><counter type="METHOD" missed="0" covered="1"/></method><method name="setBoolean" desc="(Ljava/lang/String;Z)V" line="833"><counter type="INSTRUCTION" missed="6" covered="0"/><counter type="LINE" missed="2" covered="0"/><counter type="COMPLEXITY" missed="1" covered="0"/><counter type="METHOD" missed="1" covered="0"/></method><method name="setBooleanIfNotNull" desc="(Ljava/lang/String;Ljava/lang/Boolean;)V" line="843"><counter type="INSTRUCTION" missed="9" covered="0"/><counter type="BRANCH" missed="2" covered="0"/><counter type="LINE" missed="3" covered="0"/><counter type="COMPLEXITY" missed="2" covered="0"/><counter type="METHOD" missed="1" covered="0"/></method><method name="setFloat" desc="(Ljava/lang/String;F)V" line="855"><counter type="INSTRUCTION" missed="6" covered="0"/><counter type="LINE" missed="2" covered="0"/><counter type="COMPLEXITY" missed="1" covered="0"/><counter type="METHOD" missed="1" covered="0"/></method><method name="setInt" desc="(Ljava/lang/String;I)V" line="865"><counter type="INSTRUCTION" missed="14" covered="0"/><counter type="LINE" missed="3" covered="0"/><counter type="COMPLEXITY" missed="1" covered="0"/><counter type="METHOD" missed="1" covered="0"/></method><method name="setIntIfNotNull" desc="(Ljava/lang/String;Ljava/lang/Integer;)V" line="876"><counter type="INSTRUCTION" missed="9" covered="0"/><counter type="BRANCH" missed="2" covered="0"/><counter type="LINE" missed="3" covered="0"/><counter type="COMPLEXITY" missed="2" covered="0"/><counter type="METHOD" missed="1" covered="0"/></method><method name="mergeProperties" desc="(Ljava/io/File;)V" line="895"><counter type="INSTRUCTION" missed="11" covered="0"/><counter type="LINE" missed="3" covered="0"/><counter type="COMPLEXITY" missed="1" covered="0"/><counter type="METHOD" missed="1" covered="0"/></method><method name="mergeProperties" desc="(Ljava/lang/String;)V" line="914"><counter type="INSTRUCTION" missed="0" covered="11"/><counter type="LINE" missed="0" covered="3"/><counter type="COMPLEXITY" missed="0" covered="1"/><counter type="METHOD" missed="0" covered="1"/></method><method name="mergeProperties" desc="(Ljava/io/InputStream;)V" line="930"><counter type="INSTRUCTION" missed="0" covered="10"/><counter type="LINE" missed="0" covered="3"/><counter type="COMPLEXITY" missed="0" covered="1"/><counter type="METHOD" missed="0" covered="1"/></method><method name="getFile" desc="(Ljava/lang/String;)Ljava/io/File;" line="945"><counter type="INSTRUCTION" missed="13" covered="0"/><counter type="BRANCH" missed="2" covered="0"/><counter type="LINE" missed="4" covered="0"/><counter type="COMPLEXITY" missed="2" covered="0"/><counter type="METHOD" missed="1" covered="0"/></method><method name="getDataFile" desc="(Ljava/lang/String;)Ljava/io/File;" line="967"><counter type="INSTRUCTION" missed="28" covered="19"/><counter type="BRANCH" missed="2" covered="2"/><counter type="LINE" missed="7" covered="5"/><counter type="COMPLEXITY" missed="2" covered="1"/><counter type="METHOD" missed="0" covered="1"/></method><method name="getJarPath" desc="()Ljava/io/File;" line="990"><counter type="INSTRUCTION" missed="52" covered="0"/><counter type="BRANCH" missed="8" covered="0"/><counter type="LINE" missed="13" covered="0"/><counter type="COMPLEXITY" missed="5" covered="0"/><counter type="METHOD" missed="1" covered="0"/></method><method name="getString" desc="(Ljava/lang/String;Ljava/lang/String;)Ljava/lang/String;" line="1021"><counter type="INSTRUCTION" missed="0" covered="8"/><counter type="LINE" missed="0" covered="1"/><counter type="COMPLEXITY" missed="0" covered="1"/><counter type="METHOD" missed="0" covered="1"/></method><method name="getTempDirectory" desc="()Ljava/io/File;" line="1031"><counter type="INSTRUCTION" missed="0" covered="19"/><counter type="BRANCH" missed="1" covered="1"/><counter type="LINE" missed="0" covered="4"/><counter type="COMPLEXITY" missed="1" covered="1"/><counter type="METHOD" missed="0" covered="1"/></method><method name="getString" desc="(Ljava/lang/String;)Ljava/lang/String;" line="1048"><counter type="INSTRUCTION" missed="0" covered="7"/><counter type="LINE" missed="0" covered="1"/><counter type="COMPLEXITY" missed="0" covered="1"/><counter type="METHOD" missed="0" covered="1"/></method><method name="getArray" desc="(Ljava/lang/String;)[Ljava/lang/String;" line="1061"><counter type="INSTRUCTION" missed="0" covered="30"/><counter type="BRANCH" missed="1" covered="5"/><counter type="LINE" missed="0" covered="6"/><counter type="COMPLEXITY" missed="1" covered="3"/><counter type="METHOD" missed="0" covered="1"/></method><method name="removeProperty" desc="(Ljava/lang/String;)V" line="1079"><counter type="INSTRUCTION" missed="0" covered="6"/><counter type="LINE" missed="0" covered="2"/><counter type="COMPLEXITY" missed="0" covered="1"/><counter type="METHOD" missed="0" covered="1"/></method><method name="getInt" desc="(Ljava/lang/String;)I" line="1095"><counter type="INSTRUCTION" missed="16" covered="5"/><counter type="LINE" missed="2" covered="1"/><counter type="COMPLEXITY" missed="0" covered="1"/><counter type="METHOD" missed="0" covered="1"/></method><method name="getInt" desc="(Ljava/lang/String;I)I" line="1115"><counter type="INSTRUCTION" missed="6" covered="31"/><counter type="BRANCH" missed="0" covered="2"/><counter type="LINE" missed="2" covered="5"/><counter type="COMPLEXITY" missed="0" covered="2"/><counter type="METHOD" missed="0" covered="1"/></method><method name="getLong" desc="(Ljava/lang/String;)J" line="1138"><counter type="INSTRUCTION" missed="16" covered="5"/><counter type="LINE" missed="2" covered="1"/><counter type="COMPLEXITY" missed="0" covered="1"/><counter type="METHOD" missed="0" covered="1"/></method><method name="getBoolean" desc="(Ljava/lang/String;)Z" line="1157"><counter type="INSTRUCTION" missed="0" covered="5"/><counter type="LINE" missed="0" covered="1"/><counter type="COMPLEXITY" missed="0" covered="1"/><counter type="METHOD" missed="0" covered="1"/></method><method name="getBoolean" desc="(Ljava/lang/String;Z)Z" line="1173"><counter type="INSTRUCTION" missed="0" covered="7"/><counter type="LINE" missed="0" covered="1"/><counter type="COMPLEXITY" missed="0" covered="1"/><counter type="METHOD" missed="0" covered="1"/></method><method name="getFloat" desc="(Ljava/lang/String;F)F" line="1189"><counter type="INSTRUCTION" missed="15" covered="0"/><counter type="LINE" missed="6" covered="0"/><counter type="COMPLEXITY" missed="1" covered="0"/><counter type="METHOD" missed="1" covered="0"/></method><method name="getConnectionString" desc="(Ljava/lang/String;Ljava/lang/String;)Ljava/lang/String;" line="1213"><counter type="INSTRUCTION" missed="16" covered="79"/><counter type="BRANCH" missed="5" covered="7"/><counter type="LINE" missed="3" covered="17"/><counter type="COMPLEXITY" missed="5" covered="2"/><counter type="METHOD" missed="0" covered="1"/></method><method name="getDataDirectory" desc="()Ljava/io/File;" line="1251"><counter type="INSTRUCTION" missed="31" covered="0"/><counter type="BRANCH" missed="8" covered="0"/><counter type="LINE" missed="5" covered="0"/><counter type="COMPLEXITY" missed="5" covered="0"/><counter type="METHOD" missed="1" covered="0"/></method><method name="getH2DataDirectory" desc="()Ljava/io/File;" line="1268"><counter type="INSTRUCTION" missed="25" covered="20"/><counter type="BRANCH" missed="8" covered="4"/><counter type="LINE" missed="3" covered="5"/><counter type="COMPLEXITY" missed="6" covered="1"/><counter type="METHOD" missed="0" covered="1"/></method><method name="getTempFile" desc="(Ljava/lang/String;Ljava/lang/String;)Ljava/io/File;" line="1291"><counter type="INSTRUCTION" missed="37" covered="0"/><counter type="BRANCH" missed="2" covered="0"/><counter type="LINE" missed="6" covered="0"/><counter type="COMPLEXITY" missed="2" covered="0"/><counter type="METHOD" missed="1" covered="0"/></method><method name="lambda$isKeyMasked$1" desc="(Ljava/lang/String;Ljava/util/function/Predicate;)Z" line="711"><counter type="INSTRUCTION" missed="0" covered="4"/><counter type="LINE" missed="0" covered="1"/><counter type="COMPLEXITY" missed="0" covered="1"/><counter type="METHOD" missed="0" covered="1"/></method><method name="lambda$getMaskedKeys$0" desc="(Ljava/lang/String;)Ljava/util/function/Predicate;" line="699"><counter type="INSTRUCTION" missed="0" covered="4"/><counter type="LINE" missed="0" covered="1"/><counter type="COMPLEXITY" missed="0" covered="1"/><counter type="METHOD" missed="0" covered="1"/></method><method name="&lt;clinit&gt;" desc="()V" line="59"><counter type="INSTRUCTION" missed="0" covered="4"/><counter type="LINE" missed="0" covered="1"/><counter type="COMPLEXITY" missed="0" covered="1"/><counter type="METHOD" missed="0" covered="1"/></method><counter type="INSTRUCTION" missed="441" covered="416"/><counter type="BRANCH" missed="55" covered="37"/><counter type="LINE" missed="100" covered="98"/><counter type="COMPLEXITY" missed="53" covered="38"/><counter type="METHOD" missed="14" covered="31"/><counter type="CLASS" missed="0" covered="1"/></class><class name="org/owasp/dependencycheck/utils/SSLSocketFactoryEx" sourcefilename="SSLSocketFactoryEx.java"><method name="&lt;init&gt;" desc="(Lorg/owasp/dependencycheck/utils/Settings;)V" line="66"><counter type="INSTRUCTION" missed="0" covered="11"/><counter type="LINE" missed="0" covered="4"/><counter type="COMPLEXITY" missed="0" covered="1"/><counter type="METHOD" missed="0" covered="1"/></method><method name="&lt;init&gt;" desc="([Ljavax/net/ssl/KeyManager;[Ljavax/net/ssl/TrustManager;Ljava/security/SecureRandom;Lorg/owasp/dependencycheck/utils/Settings;)V" line="84"><counter type="INSTRUCTION" missed="11" covered="0"/><counter type="LINE" missed="4" covered="0"/><counter type="COMPLEXITY" missed="1" covered="0"/><counter type="METHOD" missed="1" covered="0"/></method><method name="&lt;init&gt;" desc="(Ljavax/net/ssl/SSLContext;Lorg/owasp/dependencycheck/utils/Settings;)V" line="99"><counter type="INSTRUCTION" missed="9" covered="0"/><counter type="LINE" missed="4" covered="0"/><counter type="COMPLEXITY" missed="1" covered="0"/><counter type="METHOD" missed="1" covered="0"/></method><method name="getDefaultCipherSuites" desc="()[Ljava/lang/String;" line="111"><counter type="INSTRUCTION" missed="5" covered="0"/><counter type="LINE" missed="1" covered="0"/><counter type="COMPLEXITY" missed="1" covered="0"/><counter type="METHOD" missed="1" covered="0"/></method><method name="getSupportedCipherSuites" desc="()[Ljava/lang/String;" line="121"><counter type="INSTRUCTION" missed="5" covered="0"/><counter type="LINE" missed="1" covered="0"/><counter type="COMPLEXITY" missed="1" covered="0"/><counter type="METHOD" missed="1" covered="0"/></method><method name="getDefaultProtocols" desc="()[Ljava/lang/String;" line="130"><counter type="INSTRUCTION" missed="8" covered="0"/><counter type="LINE" missed="1" covered="0"/><counter type="COMPLEXITY" missed="1" covered="0"/><counter type="METHOD" missed="1" covered="0"/></method><method name="getSupportedProtocols" desc="()[Ljava/lang/String;" line="139"><counter type="INSTRUCTION" missed="8" covered="0"/><counter type="LINE" missed="1" covered="0"/><counter type="COMPLEXITY" missed="1" covered="0"/><counter type="METHOD" missed="1" covered="0"/></method><method name="createSocket" desc="(Ljava/net/Socket;Ljava/lang/String;IZ)Ljava/net/Socket;" line="149"><counter type="INSTRUCTION" missed="0" covered="18"/><counter type="LINE" missed="0" covered="4"/><counter type="COMPLEXITY" missed="0" covered="1"/><counter type="METHOD" missed="0" covered="1"/></method><method name="createSocket" desc="(Ljava/net/InetAddress;ILjava/net/InetAddress;I)Ljava/net/Socket;" line="164"><counter type="INSTRUCTION" missed="18" covered="0"/><counter type="LINE" missed="4" covered="0"/><counter type="COMPLEXITY" missed="1" covered="0"/><counter type="METHOD" missed="1" covered="0"/></method><method name="createSocket" desc="(Ljava/lang/String;ILjava/net/InetAddress;I)Ljava/net/Socket;" line="179"><counter type="INSTRUCTION" missed="18" covered="0"/><counter type="LINE" missed="4" covered="0"/><counter type="COMPLEXITY" missed="1" covered="0"/><counter type="METHOD" missed="1" covered="0"/></method><method name="createSocket" desc="(Ljava/net/InetAddress;I)Ljava/net/Socket;" line="194"><counter type="INSTRUCTION" missed="16" covered="0"/><counter type="LINE" missed="4" covered="0"/><counter type="COMPLEXITY" missed="1" covered="0"/><counter type="METHOD" missed="1" covered="0"/></method><method name="createSocket" desc="(Ljava/lang/String;I)Ljava/net/Socket;" line="209"><counter type="INSTRUCTION" missed="16" covered="0"/><counter type="LINE" missed="4" covered="0"/><counter type="COMPLEXITY" missed="1" covered="0"/><counter type="METHOD" missed="1" covered="0"/></method><method name="initSSLSocketFactoryEx" desc="([Ljavax/net/ssl/KeyManager;[Ljavax/net/ssl/TrustManager;Ljava/security/SecureRandom;)V" line="229"><counter type="INSTRUCTION" missed="0" covered="15"/><counter type="LINE" missed="0" covered="4"/><counter type="COMPLEXITY" missed="0" covered="1"/><counter type="METHOD" missed="0" covered="1"/></method><method name="initSSLSocketFactoryEx" desc="(Ljavax/net/ssl/SSLContext;)V" line="245"><counter type="INSTRUCTION" missed="8" covered="0"/><counter type="LINE" missed="3" covered="0"/><counter type="COMPLEXITY" missed="1" covered="0"/><counter type="METHOD" missed="1" covered="0"/></method><method name="getProtocolList" desc="()[Ljava/lang/String;" line="256"><counter type="INSTRUCTION" missed="53" covered="67"/><counter type="BRANCH" missed="6" covered="6"/><counter type="LINE" missed="9" covered="17"/><counter type="COMPLEXITY" missed="4" covered="3"/><counter type="METHOD" missed="0" covered="1"/></method><method name="&lt;clinit&gt;" desc="()V" line="37"><counter type="INSTRUCTION" missed="0" covered="6"/><counter type="LINE" missed="0" covered="2"/><counter type="COMPLEXITY" missed="0" covered="1"/><counter type="METHOD" missed="0" covered="1"/></method><counter type="INSTRUCTION" missed="175" covered="117"/><counter type="BRANCH" missed="6" covered="6"/><counter type="LINE" missed="40" covered="31"/><counter type="COMPLEXITY" missed="15" covered="7"/><counter type="METHOD" missed="11" covered="5"/><counter type="CLASS" missed="0" covered="1"/></class><class name="org/owasp/dependencycheck/utils/ExpectedObjectInputStream" sourcefilename="ExpectedObjectInputStream.java"><method name="&lt;init&gt;" desc="(Ljava/io/InputStream;[Ljava/lang/String;)V" line="41"><counter type="INSTRUCTION" missed="0" covered="15"/><counter type="LINE" missed="0" covered="4"/><counter type="COMPLEXITY" missed="0" covered="1"/><counter type="METHOD" missed="0" covered="1"/></method><method name="resolveClass" desc="(Ljava/io/ObjectStreamClass;)Ljava/lang/Class;" line="63"><counter type="INSTRUCTION" missed="0" covered="17"/><counter type="BRANCH" missed="0" covered="2"/><counter type="LINE" missed="0" covered="3"/><counter type="COMPLEXITY" missed="0" covered="2"/><counter type="METHOD" missed="0" covered="1"/></method><counter type="INSTRUCTION" missed="0" covered="32"/><counter type="BRANCH" missed="0" covered="2"/><counter type="LINE" missed="0" covered="7"/><counter type="COMPLEXITY" missed="0" covered="3"/><counter type="METHOD" missed="0" covered="2"/><counter type="CLASS" missed="0" covered="1"/></class><class name="org/owasp/dependencycheck/utils/InvalidSettingException" sourcefilename="InvalidSettingException.java"><method name="&lt;init&gt;" desc="()V" line="39"><counter type="INSTRUCTION" missed="3" covered="0"/><counter type="LINE" missed="2" covered="0"/><counter type="COMPLEXITY" missed="1" covered="0"/><counter type="METHOD" missed="1" covered="0"/></method><method name="&lt;init&gt;" desc="(Ljava/lang/String;)V" line="48"><counter type="INSTRUCTION" missed="0" covered="4"/><counter type="LINE" missed="0" covered="2"/><counter type="COMPLEXITY" missed="0" covered="1"/><counter type="METHOD" missed="0" covered="1"/></method><method name="&lt;init&gt;" desc="(Ljava/lang/Throwable;)V" line="57"><counter type="INSTRUCTION" missed="4" covered="0"/><counter type="LINE" missed="2" covered="0"/><counter type="COMPLEXITY" missed="1" covered="0"/><counter type="METHOD" missed="1" covered="0"/></method><method name="&lt;init&gt;" desc="(Ljava/lang/String;Ljava/lang/Throwable;)V" line="67"><counter type="INSTRUCTION" missed="5" covered="0"/><counter type="LINE" missed="2" covered="0"/><counter type="COMPLEXITY" missed="1" covered="0"/><counter type="METHOD" missed="1" covered="0"/></method><counter type="INSTRUCTION" missed="12" covered="4"/><counter type="LINE" missed="6" covered="2"/><counter type="COMPLEXITY" missed="3" covered="1"/><counter type="METHOD" missed="3" covered="1"/><counter type="CLASS" missed="0" covered="1"/></class><class name="org/owasp/dependencycheck/utils/URLConnectionFactory$1" sourcefilename="URLConnectionFactory.java"><method name="&lt;init&gt;" desc="(Lorg/owasp/dependencycheck/utils/URLConnectionFactory;Ljava/lang/String;Ljava/lang/String;Ljava/lang/String;)V" line="93"><counter type="INSTRUCTION" missed="15" covered="0"/><counter type="LINE" missed="1" covered="0"/><counter type="COMPLEXITY" missed="1" covered="0"/><counter type="METHOD" missed="1" covered="0"/></method><method name="getPasswordAuthentication" desc="()Ljava/net/PasswordAuthentication;" line="96"><counter type="INSTRUCTION" missed="37" covered="0"/><counter type="BRANCH" missed="6" covered="0"/><counter type="LINE" missed="6" covered="0"/><counter type="COMPLEXITY" missed="4" covered="0"/><counter type="METHOD" missed="1" covered="0"/></method><counter type="INSTRUCTION" missed="52" covered="0"/><counter type="BRANCH" missed="6" covered="0"/><counter type="LINE" missed="7" covered="0"/><counter type="COMPLEXITY" missed="5" covered="0"/><counter type="METHOD" missed="2" covered="0"/><counter type="CLASS" missed="1" covered="0"/></class><class name="org/owasp/dependencycheck/utils/URLConnectionFailureException" sourcefilename="URLConnectionFailureException.java"><method name="&lt;init&gt;" desc="()V" line="39"><counter type="INSTRUCTION" missed="3" covered="0"/><counter type="LINE" missed="2" covered="0"/><counter type="COMPLEXITY" missed="1" covered="0"/><counter type="METHOD" missed="1" covered="0"/></method><method name="&lt;init&gt;" desc="(Ljava/lang/String;)V" line="48"><counter type="INSTRUCTION" missed="4" covered="0"/><counter type="LINE" missed="2" covered="0"/><counter type="COMPLEXITY" missed="1" covered="0"/><counter type="METHOD" missed="1" covered="0"/></method><method name="&lt;init&gt;" desc="(Ljava/lang/Throwable;)V" line="57"><counter type="INSTRUCTION" missed="4" covered="0"/><counter type="LINE" missed="2" covered="0"/><counter type="COMPLEXITY" missed="1" covered="0"/><counter type="METHOD" missed="1" covered="0"/></method><method name="&lt;init&gt;" desc="(Ljava/lang/String;Ljava/lang/Throwable;)V" line="67"><counter type="INSTRUCTION" missed="5" covered="0"/><counter type="LINE" missed="2" covered="0"/><counter type="COMPLEXITY" missed="1" covered="0"/><counter type="METHOD" missed="1" covered="0"/></method><counter type="INSTRUCTION" missed="16" covered="0"/><counter type="LINE" missed="8" covered="0"/><counter type="COMPLEXITY" missed="4" covered="0"/><counter type="METHOD" missed="4" covered="0"/><counter type="CLASS" missed="1" covered="0"/></class><class name="org/owasp/dependencycheck/utils/URLConnectionFactory" sourcefilename="URLConnectionFactory.java"><method name="&lt;init&gt;" desc="(Lorg/owasp/dependencycheck/utils/Settings;)V" line="63"><counter type="INSTRUCTION" missed="0" covered="6"/><counter type="LINE" missed="0" covered="3"/><counter type="COMPLEXITY" missed="0" covered="1"/><counter type="METHOD" missed="0" covered="1"/></method><method name="createHttpURLConnection" desc="(Ljava/net/URL;)Ljava/net/HttpURLConnection;" line="81"><counter type="INSTRUCTION" missed="64" covered="35"/><counter type="BRANCH" missed="9" covered="1"/><counter type="LINE" missed="15" covered="11"/><counter type="COMPLEXITY" missed="5" covered="1"/><counter type="METHOD" missed="0" covered="1"/></method><method name="addAuthenticationIfPresent" desc="(Ljava/net/HttpURLConnection;)V" line="143"><counter type="INSTRUCTION" missed="3" covered="26"/><counter type="BRANCH" missed="1" covered="3"/><counter type="LINE" missed="1" covered="6"/><counter type="COMPLEXITY" missed="1" covered="2"/><counter type="METHOD" missed="0" covered="1"/></method><method name="matchNonProxy" desc="(Ljava/net/URL;)Z" line="161"><counter type="INSTRUCTION" missed="102" covered="0"/><counter type="BRANCH" missed="30" covered="0"/><counter type="LINE" missed="19" covered="0"/><counter type="COMPLEXITY" missed="16" covered="0"/><counter type="METHOD" missed="1" covered="0"/></method><method name="createHttpURLConnection" desc="(Ljava/net/URL;Z)Ljava/net/HttpURLConnection;" line="208"><counter type="INSTRUCTION" missed="33" covered="6"/><counter type="BRANCH" missed="1" covered="1"/><counter type="LINE" missed="10" covered="2"/><counter type="COMPLEXITY" missed="1" covered="1"/><counter type="METHOD" missed="0" covered="1"/></method><method name="configureTLS" desc="(Ljava/net/URL;Ljava/net/URLConnection;)V" line="234"><counter type="INSTRUCTION" missed="11" covered="19"/><counter type="BRANCH" missed="0" covered="2"/><counter type="LINE" missed="4" covered="6"/><counter type="COMPLEXITY" missed="0" covered="2"/><counter type="METHOD" missed="0" covered="1"/></method><method name="&lt;clinit&gt;" desc="()V" line="52"><counter type="INSTRUCTION" missed="0" covered="4"/><counter type="LINE" missed="0" covered="1"/><counter type="COMPLEXITY" missed="0" covered="1"/><counter type="METHOD" missed="0" covered="1"/></method><counter type="INSTRUCTION" missed="213" covered="96"/><counter type="BRANCH" missed="41" covered="7"/><counter type="LINE" missed="49" covered="29"/><counter type="COMPLEXITY" missed="23" covered="8"/><counter type="METHOD" missed="1" covered="6"/><counter type="CLASS" missed="0" covered="1"/></class><class name="org/owasp/dependencycheck/utils/ResourceNotFoundException" sourcefilename="ResourceNotFoundException.java"><method name="&lt;init&gt;" desc="()V" line="40"><counter type="INSTRUCTION" missed="3" covered="0"/><counter type="LINE" missed="2" covered="0"/><counter type="COMPLEXITY" missed="1" covered="0"/><counter type="METHOD" missed="1" covered="0"/></method><method name="&lt;init&gt;" desc="(Ljava/lang/String;)V" line="49"><counter type="INSTRUCTION" missed="4" covered="0"/><counter type="LINE" missed="2" covered="0"/><counter type="COMPLEXITY" missed="1" covered="0"/><counter type="METHOD" missed="1" covered="0"/></method><method name="&lt;init&gt;" desc="(Ljava/lang/Throwable;)V" line="58"><counter type="INSTRUCTION" missed="4" covered="0"/><counter type="LINE" missed="2" covered="0"/><counter type="COMPLEXITY" missed="1" covered="0"/><counter type="METHOD" missed="1" covered="0"/></method><method name="&lt;init&gt;" desc="(Ljava/lang/String;Ljava/lang/Throwable;)V" line="68"><counter type="INSTRUCTION" missed="5" covered="0"/><counter type="LINE" missed="2" covered="0"/><counter type="COMPLEXITY" missed="1" covered="0"/><counter type="METHOD" missed="1" covered="0"/></method><counter type="INSTRUCTION" missed="16" covered="0"/><counter type="LINE" missed="8" covered="0"/><counter type="COMPLEXITY" missed="4" covered="0"/><counter type="METHOD" missed="4" covered="0"/><counter type="CLASS" missed="1" covered="0"/></class><class name="org/owasp/dependencycheck/utils/Downloader" sourcefilename="Downloader.java"><method name="&lt;init&gt;" desc="(Lorg/owasp/dependencycheck/utils/Settings;)V" line="53"><counter type="INSTRUCTION" missed="0" covered="6"/><counter type="LINE" missed="0" covered="3"/><counter type="COMPLEXITY" missed="0" covered="1"/><counter type="METHOD" missed="0" covered="1"/></method><method name="fetchFile" desc="(Ljava/net/URL;Ljava/io/File;)V" line="68"><counter type="INSTRUCTION" missed="0" covered="6"/><counter type="LINE" missed="0" covered="2"/><counter type="COMPLEXITY" missed="0" covered="1"/><counter type="METHOD" missed="0" covered="1"/></method><method name="fetchFile" desc="(Ljava/net/URL;Ljava/io/File;Z)V" line="85"><counter type="INSTRUCTION" missed="22" covered="26"/><counter type="LINE" missed="3" covered="6"/><counter type="COMPLEXITY" missed="0" covered="1"/><counter type="METHOD" missed="0" covered="1"/></method><method name="fetchContent" desc="(Ljava/net/URL;Z)Ljava/lang/String;" line="108"><counter type="INSTRUCTION" missed="46" covered="0"/><counter type="LINE" missed="8" covered="0"/><counter type="COMPLEXITY" missed="1" covered="0"/><counter type="METHOD" missed="1" covered="0"/></method><method name="&lt;clinit&gt;" desc="()V" line="42"><counter type="INSTRUCTION" missed="0" covered="4"/><counter type="LINE" missed="0" covered="1"/><counter type="COMPLEXITY" missed="0" covered="1"/><counter type="METHOD" missed="0" covered="1"/></method><counter type="INSTRUCTION" missed="68" covered="42"/><counter type="LINE" missed="11" covered="12"/><counter type="COMPLEXITY" missed="1" covered="4"/><counter type="METHOD" missed="1" covered="4"/><counter type="CLASS" missed="0" covered="1"/></class><class name="org/owasp/dependencycheck/utils/ExtractionException" sourcefilename="ExtractionException.java"><method name="&lt;init&gt;" desc="()V" line="39"><counter type="INSTRUCTION" missed="3" covered="0"/><counter type="LINE" missed="2" covered="0"/><counter type="COMPLEXITY" missed="1" covered="0"/><counter type="METHOD" missed="1" covered="0"/></method><method name="&lt;init&gt;" desc="(Ljava/lang/String;)V" line="48"><counter type="INSTRUCTION" missed="4" covered="0"/><counter type="LINE" missed="2" covered="0"/><counter type="COMPLEXITY" missed="1" covered="0"/><counter type="METHOD" missed="1" covered="0"/></method><method name="&lt;init&gt;" desc="(Ljava/lang/Throwable;)V" line="57"><counter type="INSTRUCTION" missed="4" covered="0"/><counter type="LINE" missed="2" covered="0"/><counter type="COMPLEXITY" missed="1" covered="0"/><counter type="METHOD" missed="1" covered="0"/></method><method name="&lt;init&gt;" desc="(Ljava/lang/String;Ljava/lang/Throwable;)V" line="67"><counter type="INSTRUCTION" missed="5" covered="0"/><counter type="LINE" missed="2" covered="0"/><counter type="COMPLEXITY" missed="1" covered="0"/><counter type="METHOD" missed="1" covered="0"/></method><counter type="INSTRUCTION" missed="16" covered="0"/><counter type="LINE" missed="8" covered="0"/><counter type="COMPLEXITY" missed="4" covered="0"/><counter type="METHOD" missed="4" covered="0"/><counter type="CLASS" missed="1" covered="0"/></class><class name="org/owasp/dependencycheck/utils/TooManyRequestsException" sourcefilename="TooManyRequestsException.java"><method name="&lt;init&gt;" desc="()V" line="39"><counter type="INSTRUCTION" missed="3" covered="0"/><counter type="LINE" missed="2" covered="0"/><counter type="COMPLEXITY" missed="1" covered="0"/><counter type="METHOD" missed="1" covered="0"/></method><method name="&lt;init&gt;" desc="(Ljava/lang/String;)V" line="48"><counter type="INSTRUCTION" missed="4" covered="0"/><counter type="LINE" missed="2" covered="0"/><counter type="COMPLEXITY" missed="1" covered="0"/><counter type="METHOD" missed="1" covered="0"/></method><method name="&lt;init&gt;" desc="(Ljava/lang/Throwable;)V" line="57"><counter type="INSTRUCTION" missed="4" covered="0"/><counter type="LINE" missed="2" covered="0"/><counter type="COMPLEXITY" missed="1" covered="0"/><counter type="METHOD" missed="1" covered="0"/></method><method name="&lt;init&gt;" desc="(Ljava/lang/String;Ljava/lang/Throwable;)V" line="67"><counter type="INSTRUCTION" missed="5" covered="0"/><counter type="LINE" missed="2" covered="0"/><counter type="COMPLEXITY" missed="1" covered="0"/><counter type="METHOD" missed="1" covered="0"/></method><counter type="INSTRUCTION" missed="16" covered="0"/><counter type="LINE" missed="8" covered="0"/><counter type="COMPLEXITY" missed="4" covered="0"/><counter type="METHOD" missed="4" covered="0"/><counter type="CLASS" missed="1" covered="0"/></class><class name="org/owasp/dependencycheck/utils/DownloadFailedException" sourcefilename="DownloadFailedException.java"><method name="&lt;init&gt;" desc="()V" line="39"><counter type="INSTRUCTION" missed="3" covered="0"/><counter type="LINE" missed="2" covered="0"/><counter type="COMPLEXITY" missed="1" covered="0"/><counter type="METHOD" missed="1" covered="0"/></method><method name="&lt;init&gt;" desc="(Ljava/lang/String;)V" line="48"><counter type="INSTRUCTION" missed="4" covered="0"/><counter type="LINE" missed="2" covered="0"/><counter type="COMPLEXITY" missed="1" covered="0"/><counter type="METHOD" missed="1" covered="0"/></method><method name="&lt;init&gt;" desc="(Ljava/lang/Throwable;)V" line="57"><counter type="INSTRUCTION" missed="4" covered="0"/><counter type="LINE" missed="2" covered="0"/><counter type="COMPLEXITY" missed="1" covered="0"/><counter type="METHOD" missed="1" covered="0"/></method><method name="&lt;init&gt;" desc="(Ljava/lang/String;Ljava/lang/Throwable;)V" line="67"><counter type="INSTRUCTION" missed="5" covered="0"/><counter type="LINE" missed="2" covered="0"/><counter type="COMPLEXITY" missed="1" covered="0"/><counter type="METHOD" missed="1" covered="0"/></method><counter type="INSTRUCTION" missed="16" covered="0"/><counter type="LINE" missed="8" covered="0"/><counter type="COMPLEXITY" missed="4" covered="0"/><counter type="METHOD" missed="4" covered="0"/><counter type="CLASS" missed="1" covered="0"/></class><class name="org/owasp/dependencycheck/utils/XmlUtils" sourcefilename="XmlUtils.java"><method name="buildSecureSaxParser" desc="([Ljava/io/InputStream;)Ljavax/xml/parsers/SAXParser;" line="80"><counter type="INSTRUCTION" missed="87" covered="0"/><counter type="BRANCH" missed="8" covered="0"/><counter type="LINE" missed="22" covered="0"/><counter type="COMPLEXITY" missed="5" covered="0"/><counter type="METHOD" missed="1" covered="0"/></method><method name="parseBoolean" desc="(Ljava/lang/String;)Z" line="120"><counter type="INSTRUCTION" missed="30" covered="0"/><counter type="BRANCH" missed="3" covered="0"/><counter type="LINE" missed="7" covered="0"/><counter type="COMPLEXITY" missed="3" covered="0"/><counter type="METHOD" missed="1" covered="0"/></method><method name="buildSecureSaxParser" desc="()Ljavax/xml/parsers/SAXParser;" line="150"><counter type="INSTRUCTION" missed="17" covered="0"/><counter type="LINE" missed="5" covered="0"/><counter type="COMPLEXITY" missed="1" covered="0"/><counter type="METHOD" missed="1" covered="0"/></method><method name="buildSecureDocumentBuilder" desc="()Ljavax/xml/parsers/DocumentBuilder;" line="165"><counter type="INSTRUCTION" missed="17" covered="0"/><counter type="LINE" missed="5" covered="0"/><counter type="COMPLEXITY" missed="1" covered="0"/><counter type="METHOD" missed="1" covered="0"/></method><method name="getPrettyParseExceptionInfo" desc="(Lorg/xml/sax/SAXParseException;)Ljava/lang/String;" line="180"><counter type="INSTRUCTION" missed="58" covered="0"/><counter type="BRANCH" missed="8" covered="0"/><counter type="LINE" missed="11" covered="0"/><counter type="COMPLEXITY" missed="5" covered="0"/><counter type="METHOD" missed="1" covered="0"/></method><counter type="INSTRUCTION" missed="209" covered="0"/><counter type="BRANCH" missed="19" covered="0"/><counter type="LINE" missed="50" covered="0"/><counter type="COMPLEXITY" missed="15" covered="0"/><counter type="METHOD" missed="5" covered="0"/><counter type="CLASS" missed="1" covered="0"/></class><class name="org/owasp/dependencycheck/utils/Checksum" sourcefilename="Checksum.java"><method name="getChecksum" desc="(Ljava/lang/String;Ljava/io/File;)[B" line="82"><counter type="INSTRUCTION" missed="0" covered="55"/><counter type="BRANCH" missed="1" covered="3"/><counter type="LINE" missed="0" covered="14"/><counter type="COMPLEXITY" missed="1" covered="2"/><counter type="METHOD" missed="0" covered="1"/></method><method name="getMD5Checksum" desc="(Ljava/io/File;)Ljava/lang/String;" line="108"><counter type="INSTRUCTION" missed="0" covered="7"/><counter type="LINE" missed="0" covered="2"/><counter type="COMPLEXITY" missed="0" covered="1"/><counter type="METHOD" missed="0" covered="1"/></method><method name="getSHA1Checksum" desc="(Ljava/io/File;)Ljava/lang/String;" line="121"><counter type="INSTRUCTION" missed="0" covered="7"/><counter type="LINE" missed="0" covered="2"/><counter type="COMPLEXITY" missed="0" covered="1"/><counter type="METHOD" missed="0" covered="1"/></method><method name="getSHA256Checksum" desc="(Ljava/io/File;)Ljava/lang/String;" line="134"><counter type="INSTRUCTION" missed="7" covered="0"/><counter type="LINE" missed="2" covered="0"/><counter type="COMPLEXITY" missed="1" covered="0"/><counter type="METHOD" missed="1" covered="0"/></method><method name="getChecksum" desc="(Ljava/lang/String;[B)Ljava/lang/String;" line="147"><counter type="INSTRUCTION" missed="0" covered="10"/><counter type="LINE" missed="0" covered="3"/><counter type="COMPLEXITY" missed="0" covered="1"/><counter type="METHOD" missed="0" covered="1"/></method><method name="getMD5Checksum" desc="(Ljava/lang/String;)Ljava/lang/String;" line="159"><counter type="INSTRUCTION" missed="0" covered="7"/><counter type="LINE" missed="0" covered="2"/><counter type="COMPLEXITY" missed="0" covered="1"/><counter type="METHOD" missed="0" covered="1"/></method><method name="getSHA1Checksum" desc="(Ljava/lang/String;)Ljava/lang/String;" line="170"><counter type="INSTRUCTION" missed="0" covered="7"/><counter type="LINE" missed="0" covered="2"/><counter type="COMPLEXITY" missed="0" covered="1"/><counter type="METHOD" missed="0" covered="1"/></method><method name="getSHA256Checksum" desc="(Ljava/lang/String;)Ljava/lang/String;" line="181"><counter type="INSTRUCTION" missed="7" covered="0"/><counter type="LINE" missed="2" covered="0"/><counter type="COMPLEXITY" missed="1" covered="0"/><counter type="METHOD" missed="1" covered="0"/></method><method name="stringToBytes" desc="(Ljava/lang/String;)[B" line="194"><counter type="INSTRUCTION" missed="5" covered="9"/><counter type="LINE" missed="2" covered="3"/><counter type="COMPLEXITY" missed="0" covered="1"/><counter type="METHOD" missed="0" covered="1"/></method><method name="getHex" desc="([B)Ljava/lang/String;" line="213"><counter type="INSTRUCTION" missed="2" covered="45"/><counter type="BRANCH" missed="1" covered="3"/><counter type="LINE" missed="1" covered="5"/><counter type="COMPLEXITY" missed="1" covered="2"/><counter type="METHOD" missed="0" covered="1"/></method><method name="getMessageDigest" desc="(Ljava/lang/String;)Ljava/security/MessageDigest;" line="231"><counter type="INSTRUCTION" missed="21" covered="3"/><counter type="LINE" missed="4" covered="1"/><counter type="COMPLEXITY" missed="0" covered="1"/><counter type="METHOD" missed="0" covered="1"/></method><method name="&lt;clinit&gt;" desc="()V" line="49"><counter type="INSTRUCTION" missed="0" covered="4"/><counter type="LINE" missed="0" covered="1"/><counter type="COMPLEXITY" missed="0" covered="1"/><counter type="METHOD" missed="0" covered="1"/></method><counter type="INSTRUCTION" missed="42" covered="154"/><counter type="BRANCH" missed="2" covered="6"/><counter type="LINE" missed="11" covered="35"/><counter type="COMPLEXITY" missed="4" covered="12"/><counter type="METHOD" missed="2" covered="10"/><counter type="CLASS" missed="0" covered="1"/></class><sourcefile name="ExpectedObjectInputStream.java"><line nr="41" mi="0" ci="5" mb="0" cb="0"/><line nr="52" mi="0" ci="3" mb="0" cb="0"/><line nr="53" mi="0" ci="6" mb="0" cb="0"/><line nr="54" mi="0" ci="1" mb="0" cb="0"/><line nr="63" mi="0" ci="6" mb="0" cb="2"/><line nr="64" mi="0" ci="7" mb="0" cb="0"/><line nr="66" mi="0" ci="4" mb="0" cb="0"/><counter type="INSTRUCTION" missed="0" covered="32"/><counter type="BRANCH" missed="0" covered="2"/><counter type="LINE" missed="0" covered="7"/><counter type="COMPLEXITY" missed="0" covered="3"/><counter type="METHOD" missed="0" covered="2"/><counter type="CLASS" missed="0" covered="1"/></sourcefile><sourcefile name="ResourceNotFoundException.java"><line nr="40" mi="2" ci="0" mb="0" cb="0"/><line nr="41" mi="1" ci="0" mb="0" cb="0"/><line nr="49" mi="3" ci="0" mb="0" cb="0"/><line nr="50" mi="1" ci="0" mb="0" cb="0"/><line nr="58" mi="3" ci="0" mb="0" cb="0"/><line nr="59" mi="1" ci="0" mb="0" cb="0"/><line nr="68" mi="4" ci="0" mb="0" cb="0"/><line nr="69" mi="1" ci="0" mb="0" cb="0"/><counter type="INSTRUCTION" missed="16" covered="0"/><counter type="LINE" missed="8" covered="0"/><counter type="COMPLEXITY" missed="4" covered="0"/><counter type="METHOD" missed="4" covered="0"/><counter type="CLASS" missed="1" covered="0"/></sourcefile><sourcefile name="DownloadFailedException.java"><line nr="39" mi="2" ci="0" mb="0" cb="0"/><line nr="40" mi="1" ci="0" mb="0" cb="0"/><line nr="48" mi="3" ci="0" mb="0" cb="0"/><line nr="49" mi="1" ci="0" mb="0" cb="0"/><line nr="57" mi="3" ci="0" mb="0" cb="0"/><line nr="58" mi="1" ci="0" mb="0" cb="0"/><line nr="67" mi="4" ci="0" mb="0" cb="0"/><line nr="68" mi="1" ci="0" mb="0" cb="0"/><counter type="INSTRUCTION" missed="16" covered="0"/><counter type="LINE" missed="8" covered="0"/><counter type="COMPLEXITY" missed="4" covered="0"/><counter type="METHOD" missed="4" covered="0"/><counter type="CLASS" missed="1" covered="0"/></sourcefile><sourcefile name="SSLSocketFactoryEx.java"><line nr="37" mi="0" ci="3" mb="0" cb="0"/><line nr="55" mi="0" ci="3" mb="0" cb="0"/><line nr="66" mi="0" ci="2" mb="0" cb="0"/><line nr="67" mi="0" ci="3" mb="0" cb="0"/><line nr="68" mi="0" ci="5" mb="0" cb="0"/><line nr="69" mi="0" ci="1" mb="0" cb="0"/><line nr="84" mi="2" ci="0" mb="0" cb="0"/><line nr="85" mi="3" ci="0" mb="0" cb="0"/><line nr="86" mi="5" ci="0" mb="0" cb="0"/><line nr="87" mi="1" ci="0" mb="0" cb="0"/><line nr="99" mi="2" ci="0" mb="0" cb="0"/><line nr="100" mi="3" ci="0" mb="0" cb="0"/><line nr="101" mi="3" ci="0" mb="0" cb="0"/><line nr="102" mi="1" ci="0" mb="0" cb="0"/><line nr="111" mi="5" ci="0" mb="0" cb="0"/><line nr="121" mi="5" ci="0" mb="0" cb="0"/><line nr="130" mi="8" ci="0" mb="0" cb="0"/><line nr="139" mi="8" ci="0" mb="0" cb="0"/><line nr="149" mi="0" ci="4" mb="0" cb="0"/><line nr="150" mi="0" ci="8" mb="0" cb="0"/><line nr="152" mi="0" ci="4" mb="0" cb="0"/><line nr="154" mi="0" ci="2" mb="0" cb="0"/><line nr="164" mi="4" ci="0" mb="0" cb="0"/><line nr="165" mi="8" ci="0" mb="0" cb="0"/><line nr="167" mi="4" ci="0" mb="0" cb="0"/><line nr="169" mi="2" ci="0" mb="0" cb="0"/><line nr="179" mi="4" ci="0" mb="0" cb="0"/><line nr="180" mi="8" ci="0" mb="0" cb="0"/><line nr="182" mi="4" ci="0" mb="0" cb="0"/><line nr="184" mi="2" ci="0" mb="0" cb="0"/><line nr="194" mi="4" ci="0" mb="0" cb="0"/><line nr="195" mi="6" ci="0" mb="0" cb="0"/><line nr="197" mi="4" ci="0" mb="0" cb="0"/><line nr="199" mi="2" ci="0" mb="0" cb="0"/><line nr="209" mi="4" ci="0" mb="0" cb="0"/><line nr="210" mi="6" ci="0" mb="0" cb="0"/><line nr="212" mi="4" ci="0" mb="0" cb="0"/><line nr="214" mi="2" ci="0" mb="0" cb="0"/><line nr="229" mi="0" ci="4" mb="0" cb="0"/><line nr="230" mi="0" ci="6" mb="0" cb="0"/><line nr="232" mi="0" ci="4" mb="0" cb="0"/><line nr="233" mi="0" ci="1" mb="0" cb="0"/><line nr="245" mi="3" ci="0" mb="0" cb="0"/><line nr="246" mi="4" ci="0" mb="0" cb="0"/><line nr="247" mi="1" ci="0" mb="0" cb="0"/><line nr="256" mi="0" ci="2" mb="0" cb="0"/><line nr="258" mi="0" ci="6" mb="0" cb="0"/><line nr="261" mi="0" ci="2" mb="0" cb="0"/><line nr="263" mi="0" ci="4" mb="0" cb="0"/><line nr="264" mi="0" ci="4" mb="0" cb="0"/><line nr="266" mi="0" ci="3" mb="0" cb="0"/><line nr="267" mi="0" ci="2" mb="0" cb="0"/><line nr="268" mi="2" ci="3" mb="3" cb="1"/><line nr="269" mi="2" ci="0" mb="0" cb="0"/><line nr="270" mi="3" ci="0" mb="0" cb="0"/><line nr="271" mi="16" ci="0" mb="2" cb="0"/><line nr="272" mi="3" ci="0" mb="0" cb="0"/><line nr="275" mi="1" ci="0" mb="0" cb="0"/><line nr="276" mi="4" ci="0" mb="0" cb="0"/><line nr="277" mi="17" ci="0" mb="0" cb="0"/><line nr="279" mi="0" ci="2" mb="1" cb="1"/><line nr="281" mi="0" ci="2" mb="0" cb="0"/><line nr="282" mi="1" ci="0" mb="0" cb="0"/><line nr="283" mi="4" ci="0" mb="0" cb="0"/><line nr="284" mi="0" ci="1" mb="0" cb="0"/><line nr="288" mi="0" ci="4" mb="0" cb="0"/><line nr="289" mi="0" ci="16" mb="0" cb="2"/><line nr="290" mi="0" ci="4" mb="0" cb="0"/><line nr="291" mi="0" ci="2" mb="0" cb="2"/><line nr="292" mi="0" ci="4" mb="0" cb="0"/><line nr="296" mi="0" ci="6" mb="0" cb="0"/><counter type="INSTRUCTION" missed="175" covered="117"/><counter type="BRANCH" missed="6" covered="6"/><counter type="LINE" missed="40" covered="31"/><counter type="COMPLEXITY" missed="15" covered="7"/><counter type="METHOD" missed="11" covered="5"/><counter type="CLASS" missed="0" covered="1"/></sourcefile><sourcefile name="FileUtils.java"><line nr="48" mi="0" ci="4" mb="0" cb="0"/><line nr="74" mi="0" ci="3" mb="0" cb="0"/><line nr="75" mi="0" ci="13" mb="0" cb="2"/><line nr="86" mi="0" ci="2" mb="1" cb="1"/><line nr="87" mi="3" ci="0" mb="0" cb="0"/><line nr="88" mi="2" ci="0" mb="0" cb="0"/><line nr="91" mi="0" ci="3" mb="0" cb="0"/><line nr="92" mi="0" ci="2" mb="1" cb="1"/><line nr="93" mi="5" ci="0" mb="0" cb="0"/><line nr="94" mi="2" ci="0" mb="0" cb="0"/><line nr="96" mi="0" ci="2" mb="0" cb="0"/><line nr="109" mi="0" ci="14" mb="0" cb="0"/><line nr="110" mi="0" ci="3" mb="1" cb="1"/><line nr="111" mi="3" ci="0" mb="0" cb="0"/><line nr="113" mi="0" ci="3" mb="1" cb="1"/><line nr="114" mi="15" ci="0" mb="0" cb="0"/><line nr="116" mi="0" ci="5" mb="0" cb="0"/><line nr="117" mi="0" ci="2" mb="0" cb="0"/><line nr="128" mi="6" ci="0" mb="2" cb="0"/><line nr="138" mi="3" ci="0" mb="2" cb="0"/><line nr="140" mi="2" ci="0" mb="0" cb="0"/><line nr="141" mi="1" ci="0" mb="0" cb="0"/><line nr="142" mi="4" ci="0" mb="0" cb="0"/><line nr="143" mi="1" ci="0" mb="0" cb="0"/><line nr="145" mi="1" ci="0" mb="0" cb="0"/><line nr="155" mi="0" ci="3" mb="0" cb="0"/><line nr="156" mi="0" ci="2" mb="1" cb="1"/><line nr="157" mi="0" ci="4" mb="0" cb="0"/><line nr="158" mi="2" ci="1" mb="0" cb="0"/><line nr="160" mi="0" ci="2" mb="1" cb="1"/><line nr="162" mi="5" ci="0" mb="0" cb="0"/><line nr="163" mi="1" ci="0" mb="0" cb="0"/><line nr="164" mi="11" ci="0" mb="0" cb="0"/><line nr="167" mi="0" ci="2" mb="0" cb="0"/><line nr="178" mi="3" ci="0" mb="0" cb="0"/><line nr="179" mi="2" ci="0" mb="2" cb="0"/><line nr="180" mi="5" ci="0" mb="0" cb="0"/><line nr="181" mi="4" ci="0" mb="0" cb="0"/><line nr="183" mi="2" ci="0" mb="2" cb="0"/><line nr="184" mi="5" ci="0" mb="0" cb="0"/><line nr="186" mi="5" ci="0" mb="0" cb="0"/><counter type="INSTRUCTION" missed="93" covered="70"/><counter type="BRANCH" missed="14" covered="8"/><counter type="LINE" missed="23" covered="18"/><counter type="COMPLEXITY" missed="13" covered="6"/><counter type="METHOD" missed="3" covered="5"/><counter type="CLASS" missed="0" covered="1"/></sourcefile><sourcefile name="Downloader.java"><line nr="42" mi="0" ci="4" mb="0" cb="0"/><line nr="53" mi="0" ci="2" mb="0" cb="0"/><line nr="54" mi="0" ci="3" mb="0" cb="0"/><line nr="55" mi="0" ci="1" mb="0" cb="0"/><line nr="68" mi="0" ci="5" mb="0" cb="0"/><line nr="69" mi="0" ci="1" mb="0" cb="0"/><line nr="85" mi="0" ci="11" mb="0" cb="0"/><line nr="86" mi="0" ci="5" mb="0" cb="0"/><line nr="87" mi="0" ci="4" mb="0" cb="0"/><line nr="88" mi="0" ci="4" mb="0" cb="0"/><line nr="89" mi="1" ci="0" mb="0" cb="0"/><line nr="90" mi="15" ci="0" mb="0" cb="0"/><line nr="91" mi="6" ci="0" mb="0" cb="0"/><line nr="92" mi="0" ci="1" mb="0" cb="0"/><line nr="93" mi="0" ci="1" mb="0" cb="0"/><line nr="108" mi="11" ci="0" mb="0" cb="0"/><line nr="109" mi="4" ci="0" mb="0" cb="0"/><line nr="110" mi="4" ci="0" mb="0" cb="0"/><line nr="111" mi="4" ci="0" mb="0" cb="0"/><line nr="112" mi="6" ci="0" mb="0" cb="0"/><line nr="113" mi="1" ci="0" mb="0" cb="0"/><line nr="114" mi="10" ci="0" mb="0" cb="0"/><line nr="115" mi="6" ci="0" mb="0" cb="0"/><counter type="INSTRUCTION" missed="68" covered="42"/><counter type="LINE" missed="11" covered="12"/><counter type="COMPLEXITY" missed="1" covered="4"/><counter type="METHOD" missed="1" covered="4"/><counter type="CLASS" missed="0" covered="1"/></sourcefile><sourcefile name="Settings.java"><line nr="59" mi="0" ci="4" mb="0" cb="0"/><line nr="71" mi="6" ci="3" mb="0" cb="0"/><line nr="80" mi="6" ci="3" mb="0" cb="0"/><line nr="627" mi="0" ci="2" mb="0" cb="0"/><line nr="628" mi="0" ci="3" mb="0" cb="0"/><line nr="629" mi="0" ci="1" mb="0" cb="0"/><line nr="637" mi="2" ci="0" mb="0" cb="0"/><line nr="638" mi="3" ci="0" mb="0" cb="0"/><line nr="639" mi="5" ci="0" mb="0" cb="0"/><line nr="640" mi="1" ci="0" mb="0" cb="0"/><line nr="647" mi="2" ci="0" mb="0" cb="0"/><line nr="648" mi="3" ci="0" mb="0" cb="0"/><line nr="649" mi="1" ci="0" mb="0" cb="0"/><line nr="657" mi="0" ci="5" mb="0" cb="0"/><line nr="658" mi="0" ci="5" mb="0" cb="0"/><line nr="659" mi="0" ci="4" mb="0" cb="0"/><line nr="660" mi="1" ci="0" mb="0" cb="0"/><line nr="661" mi="4" ci="0" mb="0" cb="0"/><line nr="662" mi="4" ci="0" mb="0" cb="0"/><line nr="663" mi="1" ci="0" mb="0" cb="0"/><line nr="664" mi="4" ci="0" mb="0" cb="0"/><line nr="665" mi="4" ci="0" mb="0" cb="0"/><line nr="666" mi="1" ci="1" mb="0" cb="0"/><line nr="667" mi="0" ci="5" mb="0" cb="0"/><line nr="668" mi="0" ci="1" mb="0" cb="0"/><line nr="674" mi="3" ci="0" mb="0" cb="0"/><line nr="675" mi="1" ci="0" mb="0" cb="0"/><line nr="684" mi="0" ci="9" mb="2" cb="4"/><line nr="685" mi="0" ci="6" mb="0" cb="0"/><line nr="686" mi="0" ci="4" mb="0" cb="0"/><line nr="687" mi="0" ci="3" mb="0" cb="0"/><line nr="689" mi="0" ci="1" mb="0" cb="0"/><line nr="697" mi="0" ci="5" mb="0" cb="0"/><line nr="698" mi="0" ci="2" mb="0" cb="0"/><line nr="699" mi="0" ci="5" mb="0" cb="0"/><line nr="700" mi="0" ci="3" mb="0" cb="0"/><line nr="711" mi="0" ci="11" mb="0" cb="0"/><line nr="723" mi="0" ci="2" mb="0" cb="0"/><line nr="724" mi="0" ci="2" mb="1" cb="1"/><line nr="725" mi="0" ci="8" mb="0" cb="2"/><line nr="727" mi="0" ci="2" mb="0" cb="0"/><line nr="737" mi="0" ci="4" mb="0" cb="0"/><line nr="738" mi="0" ci="1" mb="0" cb="0"/><line nr="748" mi="0" ci="3" mb="1" cb="1"/><line nr="749" mi="2" ci="0" mb="0" cb="0"/><line nr="750" mi="4" ci="0" mb="0" cb="0"/><line nr="751" mi="7" ci="0" mb="0" cb="0"/><line nr="752" mi="10" ci="0" mb="0" cb="0"/><line nr="753" mi="3" ci="0" mb="0" cb="0"/><line nr="754" mi="3" ci="0" mb="2" cb="0"/><line nr="755" mi="4" ci="0" mb="0" cb="0"/><line nr="756" mi="7" ci="0" mb="0" cb="0"/><line nr="757" mi="2" ci="0" mb="2" cb="0"/><line nr="758" mi="14" ci="0" mb="0" cb="0"/><line nr="760" mi="1" ci="0" mb="0" cb="0"/><line nr="761" mi="2" ci="0" mb="0" cb="0"/><line nr="762" mi="4" ci="0" mb="0" cb="0"/><line nr="765" mi="0" ci="1" mb="0" cb="0"/><line nr="774" mi="0" ci="6" mb="0" cb="0"/><line nr="775" mi="0" ci="5" mb="0" cb="0"/><line nr="776" mi="0" ci="1" mb="0" cb="0"/><line nr="785" mi="0" ci="3" mb="1" cb="1"/><line nr="786" mi="4" ci="0" mb="0" cb="0"/><line nr="788" mi="0" ci="1" mb="0" cb="0"/><line nr="797" mi="0" ci="6" mb="2" cb="2"/><line nr="798" mi="4" ci="0" mb="0" cb="0"/><line nr="800" mi="0" ci="1" mb="0" cb="0"/><line nr="809" mi="0" ci="6" mb="1" cb="3"/><line nr="810" mi="8" ci="0" mb="0" cb="0"/><line nr="812" mi="0" ci="1" mb="0" cb="0"/><line nr="821" mi="0" ci="6" mb="2" cb="2"/><line nr="822" mi="0" ci="8" mb="0" cb="0"/><line nr="824" mi="0" ci="1" mb="0" cb="0"/><line nr="833" mi="5" ci="0" mb="0" cb="0"/><line nr="834" mi="1" ci="0" mb="0" cb="0"/><line nr="843" mi="3" ci="0" mb="2" cb="0"/><line nr="844" mi="5" ci="0" mb="0" cb="0"/><line nr="846" mi="1" ci="0" mb="0" cb="0"/><line nr="855" mi="5" ci="0" mb="0" cb="0"/><line nr="856" mi="1" ci="0" mb="0" cb="0"/><line nr="865" mi="7" ci="0" mb="0" cb="0"/><line nr="866" mi="6" ci="0" mb="0" cb="0"/><line nr="867" mi="1" ci="0" mb="0" cb="0"/><line nr="876" mi="3" ci="0" mb="2" cb="0"/><line nr="877" mi="5" ci="0" mb="0" cb="0"/><line nr="879" mi="1" ci="0" mb="0" cb="0"/><line nr="895" mi="7" ci="0" mb="0" cb="0"/><line nr="896" mi="3" ci="0" mb="0" cb="0"/><line nr="898" mi="1" ci="0" mb="0" cb="0"/><line nr="914" mi="0" ci="7" mb="0" cb="0"/><line nr="915" mi="0" ci="3" mb="0" cb="0"/><line nr="917" mi="0" ci="1" mb="0" cb="0"/><line nr="930" mi="0" ci="4" mb="0" cb="0"/><line nr="931" mi="0" ci="5" mb="0" cb="0"/><line nr="932" mi="0" ci="1" mb="0" cb="0"/><line nr="945" mi="4" ci="0" mb="0" cb="0"/><line nr="946" mi="2" ci="0" mb="2" cb="0"/><line nr="947" mi="2" ci="0" mb="0" cb="0"/><line nr="949" mi="5" ci="0" mb="0" cb="0"/><line nr="967" mi="0" ci="4" mb="0" cb="0"/><line nr="968" mi="0" ci="4" mb="0" cb="0"/><line nr="969" mi="0" ci="2" mb="1" cb="1"/><line nr="970" mi="2" ci="0" mb="0" cb="0"/><line nr="972" mi="0" ci="4" mb="1" cb="1"/><line nr="973" mi="3" ci="0" mb="0" cb="0"/><line nr="974" mi="3" ci="0" mb="0" cb="0"/><line nr="975" mi="5" ci="0" mb="0" cb="0"/><line nr="976" mi="8" ci="0" mb="0" cb="0"/><line nr="977" mi="5" ci="0" mb="0" cb="0"/><line nr="978" mi="2" ci="0" mb="0" cb="0"/><line nr="980" mi="0" ci="5" mb="0" cb="0"/><line nr="990" mi="2" ci="0" mb="0" cb="0"/><line nr="991" mi="2" ci="0" mb="0" cb="0"/><line nr="992" mi="3" ci="0" mb="0" cb="0"/><line nr="993" mi="9" ci="0" mb="6" cb="0"/><line nr="994" mi="6" ci="0" mb="0" cb="0"/><line nr="997" mi="5" ci="0" mb="0" cb="0"/><line nr="998" mi="1" ci="0" mb="0" cb="0"/><line nr="999" mi="4" ci="0" mb="0" cb="0"/><line nr="1000" mi="1" ci="0" mb="0" cb="0"/><line nr="1002" mi="5" ci="0" mb="0" cb="0"/><line nr="1003" mi="6" ci="0" mb="2" cb="0"/><line nr="1004" mi="3" ci="0" mb="0" cb="0"/><line nr="1006" mi="5" ci="0" mb="0" cb="0"/><line nr="1021" mi="0" ci="8" mb="0" cb="0"/><line nr="1031" mi="0" ci="3" mb="1" cb="1"/><line nr="1032" mi="0" ci="9" mb="0" cb="0"/><line nr="1033" mi="0" ci="4" mb="0" cb="0"/><line nr="1035" mi="0" ci="3" mb="0" cb="0"/><line nr="1048" mi="0" ci="7" mb="0" cb="0"/><line nr="1061" mi="0" ci="4" mb="0" cb="0"/><line nr="1062" mi="0" ci="2" mb="0" cb="2"/><line nr="1063" mi="0" ci="10" mb="1" cb="3"/><line nr="1064" mi="0" ci="8" mb="0" cb="0"/><line nr="1066" mi="0" ci="4" mb="0" cb="0"/><line nr="1069" mi="0" ci="2" mb="0" cb="0"/><line nr="1079" mi="0" ci="5" mb="0" cb="0"/><line nr="1080" mi="0" ci="1" mb="0" cb="0"/><line nr="1095" mi="0" ci="5" mb="0" cb="0"/><line nr="1096" mi="1" ci="0" mb="0" cb="0"/><line nr="1097" mi="15" ci="0" mb="0" cb="0"/><line nr="1115" mi="5" ci="0" mb="0" cb="0"/><line nr="1116" mi="0" ci="1" mb="0" cb="0"/><line nr="1117" mi="0" ci="6" mb="0" cb="2"/><line nr="1118" mi="0" ci="20" mb="0" cb="0"/><line nr="1120" mi="0" ci="2" mb="0" cb="0"/><line nr="1121" mi="1" ci="0" mb="0" cb="0"/><line nr="1122" mi="0" ci="2" mb="0" cb="0"/><line nr="1138" mi="0" ci="5" mb="0" cb="0"/><line nr="1139" mi="1" ci="0" mb="0" cb="0"/><line nr="1140" mi="15" ci="0" mb="0" cb="0"/><line nr="1157" mi="0" ci="5" mb="0" cb="0"/><line nr="1173" mi="0" ci="7" mb="0" cb="0"/><line nr="1189" mi="2" ci="0" mb="0" cb="0"/><line nr="1191" mi="5" ci="0" mb="0" cb="0"/><line nr="1192" mi="1" ci="0" mb="0" cb="0"/><line nr="1193" mi="4" ci="0" mb="0" cb="0"/><line nr="1194" mi="1" ci="0" mb="0" cb="0"/><line nr="1195" mi="2" ci="0" mb="0" cb="0"/><line nr="1213" mi="0" ci="4" mb="0" cb="0"/><line nr="1214" mi="0" ci="2" mb="0" cb="2"/><line nr="1215" mi="0" ci="9" mb="0" cb="0"/><line nr="1216" mi="0" ci="5" mb="0" cb="0"/><line nr="1218" mi="0" ci="4" mb="1" cb="1"/><line nr="1219" mi="0" ci="3" mb="0" cb="0"/><line nr="1220" mi="0" ci="4" mb="0" cb="0"/><line nr="1221" mi="0" ci="2" mb="0" cb="0"/><line nr="1222" mi="0" ci="2" mb="1" cb="1"/><line nr="1223" mi="0" ci="4" mb="0" cb="0"/><line nr="1225" mi="0" ci="2" mb="1" cb="1"/><line nr="1226" mi="9" ci="0" mb="0" cb="0"/><line nr="1228" mi="5" ci="0" mb="0" cb="0"/><line nr="1230" mi="0" ci="8" mb="2" cb="2"/><line nr="1231" mi="0" ci="8" mb="0" cb="0"/><line nr="1234" mi="0" ci="6" mb="0" cb="0"/><line nr="1235" mi="0" ci="10" mb="0" cb="0"/><line nr="1236" mi="0" ci="4" mb="0" cb="0"/><line nr="1237" mi="0" ci="2" mb="0" cb="0"/><line nr="1239" mi="2" ci="0" mb="0" cb="0"/><line nr="1251" mi="4" ci="0" mb="0" cb="0"/><line nr="1252" mi="8" ci="0" mb="6" cb="0"/><line nr="1253" mi="2" ci="0" mb="0" cb="0"/><line nr="1255" mi="10" ci="0" mb="0" cb="0"/><line nr="1256" mi="7" ci="0" mb="2" cb="0"/><line nr="1268" mi="0" ci="4" mb="0" cb="0"/><line nr="1270" mi="3" ci="2" mb="3" cb="1"/><line nr="1271" mi="5" ci="0" mb="0" cb="0"/><line nr="1273" mi="0" ci="4" mb="0" cb="0"/><line nr="1275" mi="0" ci="8" mb="3" cb="3"/><line nr="1276" mi="0" ci="2" mb="0" cb="0"/><line nr="1278" mi="10" ci="0" mb="0" cb="0"/><line nr="1279" mi="7" ci="0" mb="2" cb="0"/><line nr="1291" mi="3" ci="0" mb="0" cb="0"/><line nr="1292" mi="18" ci="0" mb="0" cb="0"/><line nr="1293" mi="6" ci="0" mb="0" cb="0"/><line nr="1294" mi="3" ci="0" mb="2" cb="0"/><line nr="1295" mi="5" ci="0" mb="0" cb="0"/><line nr="1297" mi="2" ci="0" mb="0" cb="0"/><counter type="INSTRUCTION" missed="441" covered="416"/><counter type="BRANCH" missed="55" covered="37"/><counter type="LINE" missed="100" covered="98"/><counter type="COMPLEXITY" missed="53" covered="38"/><counter type="METHOD" missed="14" covered="31"/><counter type="CLASS" missed="0" covered="1"/></sourcefile><sourcefile name="InvalidSettingException.java"><line nr="39" mi="2" ci="0" mb="0" cb="0"/><line nr="40" mi="1" ci="0" mb="0" cb="0"/><line nr="48" mi="0" ci="3" mb="0" cb="0"/><line nr="49" mi="0" ci="1" mb="0" cb="0"/><line nr="57" mi="3" ci="0" mb="0" cb="0"/><line nr="58" mi="1" ci="0" mb="0" cb="0"/><line nr="67" mi="4" ci="0" mb="0" cb="0"/><line nr="68" mi="1" ci="0" mb="0" cb="0"/><counter type="INSTRUCTION" missed="12" covered="4"/><counter type="LINE" missed="6" covered="2"/><counter type="COMPLEXITY" missed="3" covered="1"/><counter type="METHOD" missed="3" covered="1"/><counter type="CLASS" missed="0" covered="1"/></sourcefile><sourcefile name="ExtractionException.java"><line nr="39" mi="2" ci="0" mb="0" cb="0"/><line nr="40" mi="1" ci="0" mb="0" cb="0"/><line nr="48" mi="3" ci="0" mb="0" cb="0"/><line nr="49" mi="1" ci="0" mb="0" cb="0"/><line nr="57" mi="3" ci="0" mb="0" cb="0"/><line nr="58" mi="1" ci="0" mb="0" cb="0"/><line nr="67" mi="4" ci="0" mb="0" cb="0"/><line nr="68" mi="1" ci="0" mb="0" cb="0"/><counter type="INSTRUCTION" missed="16" covered="0"/><counter type="LINE" missed="8" covered="0"/><counter type="COMPLEXITY" missed="4" covered="0"/><counter type="METHOD" missed="4" covered="0"/><counter type="CLASS" missed="1" covered="0"/></sourcefile><sourcefile name="URLConnectionFailureException.java"><line nr="39" mi="2" ci="0" mb="0" cb="0"/><line nr="40" mi="1" ci="0" mb="0" cb="0"/><line nr="48" mi="3" ci="0" mb="0" cb="0"/><line nr="49" mi="1" ci="0" mb="0" cb="0"/><line nr="57" mi="3" ci="0" mb="0" cb="0"/><line nr="58" mi="1" ci="0" mb="0" cb="0"/><line nr="67" mi="4" ci="0" mb="0" cb="0"/><line nr="68" mi="1" ci="0" mb="0" cb="0"/><counter type="INSTRUCTION" missed="16" covered="0"/><counter type="LINE" missed="8" covered="0"/><counter type="COMPLEXITY" missed="4" covered="0"/><counter type="METHOD" missed="4" covered="0"/><counter type="CLASS" missed="1" covered="0"/></sourcefile><sourcefile name="TooManyRequestsException.java"><line nr="39" mi="2" ci="0" mb="0" cb="0"/><line nr="40" mi="1" ci="0" mb="0" cb="0"/><line nr="48" mi="3" ci="0" mb="0" cb="0"/><line nr="49" mi="1" ci="0" mb="0" cb="0"/><line nr="57" mi="3" ci="0" mb="0" cb="0"/><line nr="58" mi="1" ci="0" mb="0" cb="0"/><line nr="67" mi="4" ci="0" mb="0" cb="0"/><line nr="68" mi="1" ci="0" mb="0" cb="0"/><counter type="INSTRUCTION" missed="16" covered="0"/><counter type="LINE" missed="8" covered="0"/><counter type="COMPLEXITY" missed="4" covered="0"/><counter type="METHOD" missed="4" covered="0"/><counter type="CLASS" missed="1" covered="0"/></sourcefile><sourcefile name="Checksum.java"><line nr="49" mi="0" ci="4" mb="0" cb="0"/><line nr="82" mi="0" ci="3" mb="0" cb="0"/><line nr="83" mi="0" ci="9" mb="0" cb="0"/><line nr="84" mi="0" ci="3" mb="0" cb="0"/><line nr="85" mi="0" ci="3" mb="0" cb="0"/><line nr="86" mi="0" ci="4" mb="0" cb="0"/><line nr="87" mi="0" ci="5" mb="1" cb="3"/><line nr="88" mi="0" ci="3" mb="0" cb="0"/><line nr="89" mi="0" ci="3" mb="0" cb="0"/><line nr="90" mi="0" ci="4" mb="0" cb="0"/><line nr="91" mi="0" ci="5" mb="0" cb="0"/><line nr="92" mi="0" ci="3" mb="0" cb="0"/><line nr="93" mi="0" ci="4" mb="0" cb="0"/><line nr="94" mi="0" ci="1" mb="0" cb="0"/><line nr="95" mi="0" ci="5" mb="0" cb="0"/><line nr="108" mi="0" ci="4" mb="0" cb="0"/><line nr="109" mi="0" ci="3" mb="0" cb="0"/><line nr="121" mi="0" ci="4" mb="0" cb="0"/><line nr="122" mi="0" ci="3" mb="0" cb="0"/><line nr="134" mi="4" ci="0" mb="0" cb="0"/><line nr="135" mi="3" ci="0" mb="0" cb="0"/><line nr="147" mi="0" ci="3" mb="0" cb="0"/><line nr="148" mi="0" ci="4" mb="0" cb="0"/><line nr="149" mi="0" ci="3" mb="0" cb="0"/><line nr="159" mi="0" ci="3" mb="0" cb="0"/><line nr="160" mi="0" ci="4" mb="0" cb="0"/><line nr="170" mi="0" ci="3" mb="0" cb="0"/><line nr="171" mi="0" ci="4" mb="0" cb="0"/><line nr="181" mi="3" ci="0" mb="0" cb="0"/><line nr="182" mi="4" ci="0" mb="0" cb="0"/><line nr="194" mi="0" ci="6" mb="0" cb="0"/><line nr="195" mi="1" ci="0" mb="0" cb="0"/><line nr="196" mi="4" ci="0" mb="0" cb="0"/><line nr="197" mi="0" ci="1" mb="0" cb="0"/><line nr="198" mi="0" ci="2" mb="0" cb="0"/><line nr="213" mi="0" ci="2" mb="1" cb="1"/><line nr="214" mi="2" ci="0" mb="0" cb="0"/><line nr="216" mi="0" ci="8" mb="0" cb="0"/><line nr="217" mi="0" ci="16" mb="0" cb="2"/><line nr="218" mi="0" ci="16" mb="0" cb="0"/><line nr="220" mi="0" ci="3" mb="0" cb="0"/><line nr="231" mi="0" ci="3" mb="0" cb="0"/><line nr="232" mi="1" ci="0" mb="0" cb="0"/><line nr="233" mi="5" ci="0" mb="0" cb="0"/><line nr="234" mi="9" ci="0" mb="0" cb="0"/><line nr="235" mi="6" ci="0" mb="0" cb="0"/><counter type="INSTRUCTION" missed="42" covered="154"/><counter type="BRANCH" missed="2" covered="6"/><counter type="LINE" missed="11" covered="35"/><counter type="COMPLEXITY" missed="4" covered="12"/><counter type="METHOD" missed="2" covered="10"/><counter type="CLASS" missed="0" covered="1"/></sourcefile><sourcefile name="XmlUtils.java"><line nr="80" mi="2" ci="0" mb="0" cb="0"/><line nr="81" mi="3" ci="0" mb="0" cb="0"/><line nr="82" mi="3" ci="0" mb="0" cb="0"/><line nr="83" mi="4" ci="0" mb="0" cb="0"/><line nr="84" mi="4" ci="0" mb="0" cb="0"/><line nr="85" mi="4" ci="0" mb="0" cb="0"/><line nr="86" mi="4" ci="0" mb="0" cb="0"/><line nr="87" mi="4" ci="0" mb="0" cb="0"/><line nr="88" mi="4" ci="0" mb="0" cb="0"/><line nr="90" mi="3" ci="0" mb="0" cb="0"/><line nr="91" mi="2" ci="0" mb="2" cb="0"/><line nr="92" mi="3" ci="0" mb="0" cb="0"/><line nr="93" mi="4" ci="0" mb="2" cb="0"/><line nr="94" mi="4" ci="0" mb="2" cb="0"/><line nr="95" mi="9" ci="0" mb="0" cb="0"/><line nr="97" mi="4" ci="0" mb="2" cb="0"/><line nr="98" mi="9" ci="0" mb="0" cb="0"/><line nr="101" mi="4" ci="0" mb="0" cb="0"/><line nr="103" mi="3" ci="0" mb="0" cb="0"/><line nr="104" mi="4" ci="0" mb="0" cb="0"/><line nr="105" mi="4" ci="0" mb="0" cb="0"/><line nr="106" mi="2" ci="0" mb="0" cb="0"/><line nr="120" mi="8" ci="0" mb="3" cb="0"/><line nr="123" mi="2" ci="0" mb="0" cb="0"/><line nr="124" mi="1" ci="0" mb="0" cb="0"/><line nr="127" mi="2" ci="0" mb="0" cb="0"/><line nr="128" mi="1" ci="0" mb="0" cb="0"/><line nr="130" mi="14" ci="0" mb="0" cb="0"/><line nr="132" mi="2" ci="0" mb="0" cb="0"/><line nr="150" mi="2" ci="0" mb="0" cb="0"/><line nr="151" mi="4" ci="0" mb="0" cb="0"/><line nr="152" mi="4" ci="0" mb="0" cb="0"/><line nr="153" mi="4" ci="0" mb="0" cb="0"/><line nr="154" mi="3" ci="0" mb="0" cb="0"/><line nr="165" mi="2" ci="0" mb="0" cb="0"/><line nr="166" mi="4" ci="0" mb="0" cb="0"/><line nr="167" mi="4" ci="0" mb="0" cb="0"/><line nr="168" mi="4" ci="0" mb="0" cb="0"/><line nr="169" mi="3" ci="0" mb="0" cb="0"/><line nr="180" mi="4" ci="0" mb="0" cb="0"/><line nr="182" mi="3" ci="0" mb="2" cb="0"/><line nr="183" mi="9" ci="0" mb="0" cb="0"/><line nr="185" mi="3" ci="0" mb="2" cb="0"/><line nr="186" mi="9" ci="0" mb="0" cb="0"/><line nr="188" mi="3" ci="0" mb="2" cb="0"/><line nr="189" mi="7" ci="0" mb="0" cb="0"/><line nr="191" mi="3" ci="0" mb="2" cb="0"/><line nr="192" mi="7" ci="0" mb="0" cb="0"/><line nr="194" mi="7" ci="0" mb="0" cb="0"/><line nr="196" mi="3" ci="0" mb="0" cb="0"/><counter type="INSTRUCTION" missed="209" covered="0"/><counter type="BRANCH" missed="19" covered="0"/><counter type="LINE" missed="50" covered="0"/><counter type="COMPLEXITY" missed="15" covered="0"/><counter type="METHOD" missed="5" covered="0"/><counter type="CLASS" missed="1" covered="0"/></sourcefile><sourcefile name="HttpResourceConnection.java"><line nr="48" mi="0" ci="4" mb="0" cb="0"/><line nr="74" mi="0" ci="3" mb="0" cb="0"/><line nr="86" mi="0" ci="4" mb="0" cb="0"/><line nr="87" mi="0" ci="1" mb="0" cb="0"/><line nr="95" mi="0" ci="2" mb="0" cb="0"/><line nr="96" mi="0" ci="3" mb="0" cb="0"/><line nr="97" mi="0" ci="6" mb="0" cb="0"/><line nr="98" mi="0" ci="3" mb="0" cb="0"/><line nr="99" mi="0" ci="1" mb="0" cb="0"/><line nr="113" mi="0" ci="5" mb="1" cb="1"/><line nr="116" mi="6" ci="0" mb="0" cb="0"/><line nr="117" mi="1" ci="0" mb="0" cb="0"/><line nr="118" mi="10" ci="0" mb="0" cb="0"/><line nr="119" mi="5" ci="0" mb="0" cb="0"/><line nr="120" mi="1" ci="0" mb="0" cb="0"/><line nr="121" mi="3" ci="0" mb="2" cb="0"/><line nr="123" mi="5" ci="0" mb="0" cb="0"/><line nr="124" mi="1" ci="0" mb="0" cb="0"/><line nr="125" mi="10" ci="0" mb="0" cb="0"/><line nr="126" mi="6" ci="0" mb="0" cb="0"/><line nr="129" mi="10" ci="0" mb="0" cb="0"/><line nr="130" mi="5" ci="0" mb="0" cb="0"/><line nr="133" mi="0" ci="3" mb="1" cb="1"/><line nr="134" mi="3" ci="0" mb="0" cb="0"/><line nr="135" mi="3" ci="0" mb="0" cb="0"/><line nr="136" mi="3" ci="0" mb="0" cb="0"/><line nr="138" mi="0" ci="5" mb="0" cb="0"/><line nr="140" mi="0" ci="4" mb="0" cb="0"/><line nr="142" mi="4" ci="2" mb="3" cb="1"/><line nr="143" mi="7" ci="0" mb="0" cb="0"/><line nr="144" mi="4" ci="2" mb="3" cb="1"/><line nr="145" mi="7" ci="0" mb="0" cb="0"/><line nr="147" mi="0" ci="4" mb="0" cb="0"/><line nr="149" mi="1" ci="0" mb="0" cb="0"/><line nr="150" mi="3" ci="0" mb="0" cb="0"/><line nr="151" mi="8" ci="0" mb="0" cb="0"/><line nr="152" mi="13" ci="0" mb="0" cb="0"/><line nr="153" mi="6" ci="0" mb="0" cb="0"/><line nr="154" mi="1" ci="0" mb="0" cb="0"/><line nr="155" mi="8" ci="0" mb="0" cb="0"/><line nr="156" mi="13" ci="0" mb="0" cb="0"/><line nr="157" mi="6" ci="0" mb="0" cb="0"/><line nr="173" mi="0" ci="2" mb="0" cb="0"/><line nr="175" mi="0" ci="5" mb="0" cb="0"/><line nr="176" mi="0" ci="7" mb="0" cb="0"/><line nr="177" mi="0" ci="4" mb="0" cb="0"/><line nr="178" mi="0" ci="2" mb="0" cb="0"/><line nr="179" mi="0" ci="3" mb="0" cb="0"/><line nr="180" mi="0" ci="2" mb="0" cb="0"/><line nr="182" mi="4" ci="9" mb="5" cb="3"/><line nr="186" mi="4" ci="0" mb="0" cb="0"/><line nr="188" mi="2" ci="0" mb="0" cb="0"/><line nr="190" mi="2" ci="0" mb="0" cb="0"/><line nr="192" mi="6" ci="0" mb="0" cb="0"/><line nr="193" mi="10" ci="0" mb="0" cb="0"/><line nr="194" mi="4" ci="0" mb="0" cb="0"/><line nr="195" mi="2" ci="0" mb="0" cb="0"/><line nr="196" mi="3" ci="0" mb="0" cb="0"/><line nr="197" mi="1" ci="0" mb="0" cb="0"/><line nr="198" mi="0" ci="3" mb="1" cb="1"/><line nr="200" mi="2" ci="0" mb="0" cb="0"/><line nr="202" mi="2" ci="0" mb="0" cb="0"/><line nr="204" mi="5" ci="0" mb="0" cb="0"/><line nr="205" mi="0" ci="3" mb="1" cb="1"/><line nr="207" mi="2" ci="0" mb="0" cb="0"/><line nr="209" mi="2" ci="0" mb="0" cb="0"/><line nr="211" mi="5" ci="0" mb="0" cb="0"/><line nr="212" mi="0" ci="3" mb="1" cb="1"/><line nr="214" mi="2" ci="0" mb="0" cb="0"/><line nr="216" mi="2" ci="0" mb="0" cb="0"/><line nr="218" mi="15" ci="0" mb="0" cb="0"/><line nr="219" mi="3" ci="0" mb="0" cb="0"/><line nr="220" mi="5" ci="0" mb="0" cb="0"/><line nr="222" mi="1" ci="0" mb="0" cb="0"/><line nr="224" mi="2" ci="0" mb="2" cb="0"/><line nr="225" mi="2" ci="0" mb="0" cb="0"/><line nr="228" mi="2" ci="0" mb="0" cb="0"/><line nr="230" mi="5" ci="0" mb="2" cb="0"/><line nr="231" mi="5" ci="0" mb="0" cb="0"/><line nr="234" mi="3" ci="0" mb="0" cb="0"/><line nr="235" mi="6" ci="0" mb="0" cb="0"/><line nr="237" mi="10" ci="0" mb="0" cb="0"/><line nr="238" mi="6" ci="0" mb="0" cb="0"/><line nr="239" mi="0" ci="1" mb="0" cb="0"/><line nr="240" mi="0" ci="2" mb="0" cb="0"/><line nr="257" mi="0" ci="5" mb="0" cb="0"/><line nr="278" mi="0" ci="5" mb="1" cb="1"/><line nr="281" mi="6" ci="0" mb="0" cb="0"/><line nr="282" mi="1" ci="0" mb="0" cb="0"/><line nr="283" mi="10" ci="0" mb="0" cb="0"/><line nr="284" mi="6" ci="0" mb="0" cb="0"/><line nr="285" mi="1" ci="0" mb="0" cb="0"/><line nr="286" mi="3" ci="0" mb="0" cb="0"/><line nr="287" mi="1" ci="0" mb="0" cb="0"/><line nr="288" mi="0" ci="3" mb="0" cb="0"/><line nr="289" mi="0" ci="2" mb="0" cb="0"/><line nr="291" mi="0" ci="5" mb="0" cb="0"/><line nr="292" mi="0" ci="3" mb="0" cb="0"/><line nr="293" mi="0" ci="2" mb="0" cb="0"/><line nr="294" mi="0" ci="3" mb="0" cb="0"/><line nr="295" mi="0" ci="6" mb="2" cb="2"/><line nr="296" mi="0" ci="4" mb="0" cb="0"/><line nr="298" mi="16" ci="0" mb="0" cb="0"/><line nr="300" mi="1" ci="0" mb="0" cb="0"/><line nr="301" mi="17" ci="0" mb="0" cb="0"/><line nr="302" mi="1" ci="0" mb="0" cb="0"/><line nr="303" mi="3" ci="0" mb="0" cb="0"/><line nr="304" mi="15" ci="0" mb="0" cb="0"/><line nr="305" mi="4" ci="0" mb="0" cb="0"/><line nr="306" mi="3" ci="0" mb="2" cb="0"/><line nr="307" mi="14" ci="0" mb="0" cb="0"/><line nr="311" mi="7" ci="0" mb="4" cb="0"/><line nr="312" mi="5" ci="0" mb="0" cb="0"/><line nr="313" mi="7" ci="0" mb="0" cb="0"/><line nr="315" mi="1" ci="0" mb="0" cb="0"/><line nr="316" mi="4" ci="0" mb="0" cb="0"/><line nr="317" mi="1" ci="0" mb="0" cb="0"/><line nr="318" mi="17" ci="0" mb="0" cb="0"/><line nr="320" mi="0" ci="2" mb="1" cb="1"/><line nr="322" mi="0" ci="2" mb="0" cb="0"/><line nr="324" mi="0" ci="2" mb="0" cb="0"/><line nr="329" mi="0" ci="2" mb="0" cb="0"/><line nr="339" mi="0" ci="3" mb="0" cb="2"/><line nr="341" mi="0" ci="3" mb="0" cb="0"/><line nr="343" mi="0" ci="3" mb="0" cb="0"/><line nr="346" mi="0" ci="1" mb="0" cb="0"/><line nr="354" mi="0" ci="7" mb="0" cb="2"/><line nr="363" mi="1" ci="6" mb="1" cb="1"/><line nr="373" mi="0" ci="6" mb="0" cb="0"/><line nr="387" mi="2" ci="0" mb="0" cb="0"/><line nr="388" mi="2" ci="0" mb="2" cb="0"/><line nr="389" mi="3" ci="0" mb="2" cb="0"/><line nr="390" mi="10" ci="0" mb="0" cb="0"/><line nr="391" mi="3" ci="0" mb="0" cb="0"/><line nr="392" mi="5" ci="0" mb="0" cb="0"/><line nr="394" mi="3" ci="0" mb="2" cb="0"/><line nr="395" mi="3" ci="0" mb="0" cb="0"/><line nr="396" mi="3" ci="0" mb="0" cb="0"/><line nr="397" mi="3" ci="0" mb="0" cb="0"/><line nr="398" mi="3" ci="0" mb="0" cb="0"/><line nr="399" mi="3" ci="0" mb="0" cb="0"/><line nr="401" mi="17" ci="0" mb="0" cb="0"/><line nr="403" mi="5" ci="0" mb="0" cb="0"/><line nr="405" mi="4" ci="0" mb="0" cb="0"/><line nr="407" mi="1" ci="0" mb="0" cb="0"/><counter type="INSTRUCTION" missed="493" covered="173"/><counter type="BRANCH" missed="39" covered="19"/><counter type="LINE" missed="95" covered="50"/><counter type="COMPLEXITY" missed="28" covered="13"/><counter type="METHOD" missed="1" covered="11"/><counter type="CLASS" missed="0" covered="1"/></sourcefile><sourcefile name="URLConnectionFactory.java"><line nr="52" mi="0" ci="4" mb="0" cb="0"/><line nr="63" mi="0" ci="2" mb="0" cb="0"/><line nr="64" mi="0" ci="3" mb="0" cb="0"/><line nr="65" mi="0" ci="1" mb="0" cb="0"/><line nr="81" mi="0" ci="2" mb="0" cb="0"/><line nr="82" mi="0" ci="5" mb="0" cb="0"/><line nr="85" mi="4" ci="2" mb="3" cb="1"/><line nr="86" mi="5" ci="0" mb="0" cb="0"/><line nr="87" mi="6" ci="0" mb="0" cb="0"/><line nr="89" mi="5" ci="0" mb="0" cb="0"/><line nr="90" mi="5" ci="0" mb="0" cb="0"/><line nr="92" mi="4" ci="0" mb="4" cb="0"/><line nr="93" mi="23" ci="0" mb="0" cb="0"/><line nr="96" mi="11" ci="0" mb="4" cb="0"/><line nr="97" mi="3" ci="0" mb="0" cb="0"/><line nr="98" mi="7" ci="0" mb="2" cb="0"/><line nr="99" mi="4" ci="0" mb="0" cb="0"/><line nr="101" mi="9" ci="0" mb="0" cb="0"/><line nr="103" mi="3" ci="0" mb="0" cb="0"/><line nr="106" mi="2" ci="0" mb="0" cb="0"/><line nr="109" mi="6" ci="0" mb="0" cb="0"/><line nr="110" mi="5" ci="0" mb="0" cb="0"/><line nr="111" mi="1" ci="0" mb="0" cb="0"/><line nr="112" mi="0" ci="4" mb="0" cb="0"/><line nr="114" mi="0" ci="6" mb="0" cb="0"/><line nr="115" mi="0" ci="3" mb="0" cb="0"/><line nr="116" mi="0" ci="3" mb="0" cb="0"/><line nr="117" mi="1" ci="0" mb="0" cb="0"/><line nr="118" mi="2" ci="0" mb="2" cb="0"/><line nr="120" mi="2" ci="0" mb="0" cb="0"/><line nr="122" mi="2" ci="0" mb="0" cb="0"/><line nr="125" mi="6" ci="0" mb="0" cb="0"/><line nr="126" mi="0" ci="1" mb="0" cb="0"/><line nr="129" mi="0" ci="4" mb="0" cb="0"/><line nr="130" mi="0" ci="3" mb="0" cb="0"/><line nr="131" mi="0" ci="2" mb="0" cb="0"/><line nr="143" mi="0" ci="4" mb="0" cb="0"/><line nr="144" mi="0" ci="2" mb="0" cb="2"/><line nr="145" mi="0" ci="12" mb="0" cb="0"/><line nr="146" mi="0" ci="3" mb="1" cb="1"/><line nr="147" mi="3" ci="0" mb="0" cb="0"/><line nr="149" mi="0" ci="4" mb="0" cb="0"/><line nr="151" mi="0" ci="1" mb="0" cb="0"/><line nr="161" mi="3" ci="0" mb="0" cb="0"/><line nr="164" mi="5" ci="0" mb="0" cb="0"/><line nr="165" mi="3" ci="0" mb="2" cb="0"/><line nr="166" mi="4" ci="0" mb="0" cb="0"/><line nr="167" mi="16" ci="0" mb="2" cb="0"/><line nr="169" mi="7" ci="0" mb="4" cb="0"/><line nr="171" mi="4" ci="0" mb="0" cb="0"/><line nr="172" mi="5" ci="0" mb="0" cb="0"/><line nr="173" mi="6" ci="0" mb="0" cb="0"/><line nr="175" mi="10" ci="0" mb="6" cb="0"/><line nr="176" mi="2" ci="0" mb="0" cb="0"/><line nr="179" mi="10" ci="0" mb="6" cb="0"/><line nr="180" mi="2" ci="0" mb="0" cb="0"/><line nr="183" mi="12" ci="0" mb="6" cb="0"/><line nr="184" mi="2" ci="0" mb="2" cb="0"/><line nr="185" mi="2" ci="0" mb="0" cb="0"/><line nr="187" mi="5" ci="0" mb="2" cb="0"/><line nr="188" mi="2" ci="0" mb="0" cb="0"/><line nr="192" mi="2" ci="0" mb="0" cb="0"/><line nr="208" mi="0" ci="2" mb="1" cb="1"/><line nr="209" mi="0" ci="4" mb="0" cb="0"/><line nr="213" mi="4" ci="0" mb="0" cb="0"/><line nr="214" mi="6" ci="0" mb="0" cb="0"/><line nr="215" mi="3" ci="0" mb="0" cb="0"/><line nr="216" mi="3" ci="0" mb="0" cb="0"/><line nr="217" mi="1" ci="0" mb="0" cb="0"/><line nr="218" mi="6" ci="0" mb="0" cb="0"/><line nr="219" mi="1" ci="0" mb="0" cb="0"/><line nr="220" mi="4" ci="0" mb="0" cb="0"/><line nr="221" mi="3" ci="0" mb="0" cb="0"/><line nr="222" mi="2" ci="0" mb="0" cb="0"/><line nr="234" mi="0" ci="5" mb="0" cb="2"/><line nr="236" mi="0" ci="3" mb="0" cb="0"/><line nr="237" mi="0" ci="6" mb="0" cb="0"/><line nr="238" mi="0" ci="3" mb="0" cb="0"/><line nr="239" mi="1" ci="0" mb="0" cb="0"/><line nr="240" mi="4" ci="0" mb="0" cb="0"/><line nr="241" mi="1" ci="0" mb="0" cb="0"/><line nr="242" mi="4" ci="0" mb="0" cb="0"/><line nr="243" mi="1" ci="1" mb="0" cb="0"/><line nr="245" mi="0" ci="1" mb="0" cb="0"/><counter type="INSTRUCTION" missed="265" covered="96"/><counter type="BRANCH" missed="47" covered="7"/><counter type="LINE" missed="55" covered="29"/><counter type="COMPLEXITY" missed="28" covered="8"/><counter type="METHOD" missed="3" covered="6"/><counter type="CLASS" missed="1" covered="1"/></sourcefile><counter type="INSTRUCTION" missed="1878" covered="1104"/><counter type="BRANCH" missed="182" covered="85"/><counter type="LINE" missed="431" covered="282"/><counter type="COMPLEXITY" missed="180" covered="92"/><counter type="METHOD" missed="63" covered="75"/><counter type="CLASS" missed="7" covered="9"/></package><counter type="INSTRUCTION" missed="1878" covered="1176"/><counter type="BRANCH" missed="182" covered="91"/><counter type="LINE" missed="431" covered="292"/><counter type="COMPLEXITY" missed="180" covered="98"/><counter type="METHOD" missed="63" covered="78"/><counter type="CLASS" missed="7" covered="10"/></report>