<?xml version="1.0" encoding="UTF-8" standalone="yes"?><!DOCTYPE report PUBLIC "-//JACOCO//DTD Report 1.1//EN" "report.dtd"><report name="Dependency-Check Command Line"><sessioninfo id="localhost-14a9761a" start="1573556670012" dump="1573556672308"/><package name="org/owasp/dependencycheck"><class name="org/owasp/dependencycheck/App" sourcefilename="App.java"><method name="main" desc="([Ljava/lang/String;)V" line="79"><counter type="INSTRUCTION" missed="16" covered="0"/><counter type="LINE" missed="5" covered="0"/><counter type="COMPLEXITY" missed="1" covered="0"/><counter type="METHOD" missed="1" covered="0"/></method><method name="&lt;init&gt;" desc="()V" line="88"><counter type="INSTRUCTION" missed="8" covered="0"/><counter type="LINE" missed="3" covered="0"/><counter type="COMPLEXITY" missed="1" covered="0"/><counter type="METHOD" missed="1" covered="0"/></method><method name="&lt;init&gt;" desc="(Lorg/owasp/dependencycheck/utils/Settings;)V" line="97"><counter type="INSTRUCTION" missed="0" covered="6"/><counter type="LINE" missed="0" covered="3"/><counter type="COMPLEXITY" missed="0" covered="1"/><counter type="METHOD" missed="0" covered="1"/></method><method name="run" desc="([Ljava/lang/String;)I" line="108"><counter type="INSTRUCTION" missed="252" covered="0"/><counter type="BRANCH" missed="22" covered="0"/><counter type="LINE" missed="83" covered="0"/><counter type="COMPLEXITY" missed="12" covered="0"/><counter type="METHOD" missed="1" covered="0"/></method><method name="runScan" desc="(Ljava/lang/String;[Ljava/lang/String;Ljava/lang/String;[Ljava/lang/String;[Ljava/lang/String;IF)I" line="242"><counter type="INSTRUCTION" missed="90" covered="0"/><counter type="BRANCH" missed="12" covered="0"/><counter type="LINE" missed="25" covered="0"/><counter type="COMPLEXITY" missed="7" covered="0"/><counter type="METHOD" missed="1" covered="0"/></method><method name="determineReturnCode" desc="(Lorg/owasp/dependencycheck/Engine;F)I" line="293"><counter type="INSTRUCTION" missed="62" covered="0"/><counter type="BRANCH" missed="14" covered="0"/><counter type="LINE" missed="10" covered="0"/><counter type="COMPLEXITY" missed="8" covered="0"/><counter type="METHOD" missed="1" covered="0"/></method><method name="scanAntStylePaths" desc="(Ljava/util/List;I[Ljava/lang/String;)Ljava/util/Set;" line="318"><counter type="INSTRUCTION" missed="141" covered="0"/><counter type="BRANCH" missed="18" covered="0"/><counter type="LINE" missed="30" covered="0"/><counter type="COMPLEXITY" missed="10" covered="0"/><counter type="METHOD" missed="1" covered="0"/></method><method name="getPaths" desc="([Ljava/lang/String;)Ljava/util/List;" line="365"><counter type="INSTRUCTION" missed="30" covered="0"/><counter type="BRANCH" missed="2" covered="0"/><counter type="LINE" missed="5" covered="0"/><counter type="COMPLEXITY" missed="2" covered="0"/><counter type="METHOD" missed="1" covered="0"/></method><method name="runUpdateOnly" desc="()V" line="381"><counter type="INSTRUCTION" missed="11" covered="0"/><counter type="LINE" missed="3" covered="0"/><counter type="COMPLEXITY" missed="1" covered="0"/><counter type="METHOD" missed="1" covered="0"/></method><method name="populateSettings" desc="(Lorg/owasp/dependencycheck/CliParser;)V" line="395"><counter type="INSTRUCTION" missed="94" covered="571"/><counter type="BRANCH" missed="15" covered="45"/><counter type="LINE" missed="12" covered="110"/><counter type="COMPLEXITY" missed="14" covered="17"/><counter type="METHOD" missed="0" covered="1"/></method><method name="prepareLogger" desc="(Ljava/lang/String;)V" line="538"><counter type="INSTRUCTION" missed="88" covered="0"/><counter type="BRANCH" missed="2" covered="0"/><counter type="LINE" missed="27" covered="0"/><counter type="COMPLEXITY" missed="2" covered="0"/><counter type="METHOD" missed="1" covered="0"/></method><method name="ensureCanonicalPath" desc="(Ljava/lang/String;)Ljava/lang/String;" line="579"><counter type="INSTRUCTION" missed="11" covered="57"/><counter type="BRANCH" missed="2" covered="6"/><counter type="LINE" missed="4" covered="16"/><counter type="COMPLEXITY" missed="2" covered="3"/><counter type="METHOD" missed="0" covered="1"/></method><method name="getLastFileSeparator" desc="(Ljava/lang/String;)I" line="614"><counter type="INSTRUCTION" missed="13" covered="35"/><counter type="BRANCH" missed="6" covered="4"/><counter type="LINE" missed="1" covered="8"/><counter type="COMPLEXITY" missed="5" covered="1"/><counter type="METHOD" missed="0" covered="1"/></method><method name="lambda$prepareLogger$0" desc="(Lch/qos/logback/classic/filter/ThresholdFilter;Lch/qos/logback/core/Appender;)V" line="564"><counter type="INSTRUCTION" missed="4" covered="0"/><counter type="LINE" missed="1" covered="0"/><counter type="COMPLEXITY" missed="1" covered="0"/><counter type="METHOD" missed="1" covered="0"/></method><method name="&lt;clinit&gt;" desc="()V" line="61"><counter type="INSTRUCTION" missed="0" covered="4"/><counter type="LINE" missed="0" covered="1"/><counter type="COMPLEXITY" missed="0" covered="1"/><counter type="METHOD" missed="0" covered="1"/></method><counter type="INSTRUCTION" missed="820" covered="673"/><counter type="BRANCH" missed="93" covered="55"/><counter type="LINE" missed="208" covered="138"/><counter type="COMPLEXITY" missed="66" covered="23"/><counter type="METHOD" missed="10" covered="5"/><counter type="CLASS" missed="0" covered="1"/></class><class name="org/owasp/dependencycheck/CliParser$ARGUMENT" sourcefilename="CliParser.java"><method name="&lt;init&gt;" desc="()V" line="1522"><counter type="INSTRUCTION" missed="3" covered="0"/><counter type="LINE" missed="1" covered="0"/><counter type="COMPLEXITY" missed="1" covered="0"/><counter type="METHOD" missed="1" covered="0"/></method><counter type="INSTRUCTION" missed="3" covered="0"/><counter type="LINE" missed="1" covered="0"/><counter type="COMPLEXITY" missed="1" covered="0"/><counter type="METHOD" missed="1" covered="0"/><counter type="CLASS" missed="1" covered="0"/></class><class name="org/owasp/dependencycheck/CliParser" sourcefilename="CliParser.java"><method name="&lt;init&gt;" desc="(Lorg/owasp/dependencycheck/utils/Settings;)V" line="59"><counter type="INSTRUCTION" missed="0" covered="9"/><counter type="LINE" missed="0" covered="4"/><counter type="COMPLEXITY" missed="0" covered="1"/><counter type="METHOD" missed="0" covered="1"/></method><method name="parse" desc="([Ljava/lang/String;)V" line="87"><counter type="INSTRUCTION" missed="0" covered="11"/><counter type="BRANCH" missed="1" covered="1"/><counter type="LINE" missed="0" covered="4"/><counter type="COMPLEXITY" missed="1" covered="1"/><counter type="METHOD" missed="0" covered="1"/></method><method name="parseArgs" desc="([Ljava/lang/String;)Lorg/apache/commons/cli/CommandLine;" line="102"><counter type="INSTRUCTION" missed="0" covered="12"/><counter type="LINE" missed="0" covered="3"/><counter type="COMPLEXITY" missed="0" covered="1"/><counter type="METHOD" missed="0" covered="1"/></method><method name="validateArgs" desc="()V" line="116"><counter type="INSTRUCTION" missed="92" covered="49"/><counter type="BRANCH" missed="16" covered="12"/><counter type="LINE" missed="23" covered="11"/><counter type="COMPLEXITY" missed="12" covered="3"/><counter type="METHOD" missed="0" covered="1"/></method><method name="validatePathExists" desc="([Ljava/lang/String;Ljava/lang/String;)V" line="176"><counter type="INSTRUCTION" missed="0" covered="21"/><counter type="BRANCH" missed="0" covered="2"/><counter type="LINE" missed="0" covered="3"/><counter type="COMPLEXITY" missed="0" covered="2"/><counter type="METHOD" missed="0" covered="1"/></method><method name="validatePathExists" desc="(Ljava/lang/String;Ljava/lang/String;)V" line="192"><counter type="INSTRUCTION" missed="130" covered="92"/><counter type="BRANCH" missed="33" covered="15"/><counter type="LINE" missed="18" covered="15"/><counter type="COMPLEXITY" missed="22" covered="3"/><counter type="METHOD" missed="0" covered="1"/></method><method name="createCommandLineOptions" desc="()Lorg/apache/commons/cli/Options;" line="246"><counter type="INSTRUCTION" missed="0" covered="15"/><counter type="LINE" missed="0" covered="5"/><counter type="COMPLEXITY" missed="0" covered="1"/><counter type="METHOD" missed="0" covered="1"/></method><method name="addStandardOptions" desc="(Lorg/apache/commons/cli/Options;)V" line="260"><counter type="INSTRUCTION" missed="0" covered="219"/><counter type="LINE" missed="0" covered="69"/><counter type="COMPLEXITY" missed="0" covered="1"/><counter type="METHOD" missed="0" covered="1"/></method><method name="addAdvancedOptions" desc="(Lorg/apache/commons/cli/Options;)V" line="368"><counter type="INSTRUCTION" missed="0" covered="668"/><counter type="LINE" missed="0" covered="203"/><counter type="COMPLEXITY" missed="0" covered="1"/><counter type="METHOD" missed="0" covered="1"/></method><method name="addDeprecatedOptions" desc="(Lorg/apache/commons/cli/Options;)V" line="587"><counter type="INSTRUCTION" missed="0" covered="1"/><counter type="LINE" missed="0" covered="1"/><counter type="COMPLEXITY" missed="0" covered="1"/><counter type="METHOD" missed="0" covered="1"/></method><method name="isGetVersion" desc="()Z" line="595"><counter type="INSTRUCTION" missed="0" covered="12"/><counter type="BRANCH" missed="0" covered="4"/><counter type="LINE" missed="0" covered="1"/><counter type="COMPLEXITY" missed="0" covered="3"/><counter type="METHOD" missed="0" covered="1"/></method><method name="isGetHelp" desc="()Z" line="604"><counter type="INSTRUCTION" missed="0" covered="12"/><counter type="BRANCH" missed="0" covered="4"/><counter type="LINE" missed="0" covered="1"/><counter type="COMPLEXITY" missed="0" covered="3"/><counter type="METHOD" missed="0" covered="1"/></method><method name="isRunScan" desc="()Z" line="613"><counter type="INSTRUCTION" missed="0" covered="15"/><counter type="BRANCH" missed="0" covered="6"/><counter type="LINE" missed="0" covered="1"/><counter type="COMPLEXITY" missed="0" covered="4"/><counter type="METHOD" missed="0" covered="1"/></method><method name="getSymLinkDepth" desc="()I" line="623"><counter type="INSTRUCTION" missed="20" covered="0"/><counter type="BRANCH" missed="2" covered="0"/><counter type="LINE" missed="8" covered="0"/><counter type="COMPLEXITY" missed="2" covered="0"/><counter type="METHOD" missed="1" covered="0"/></method><method name="hasDisableOption" desc="(Ljava/lang/String;Ljava/lang/String;)Z" line="649"><counter type="INSTRUCTION" missed="7" covered="19"/><counter type="BRANCH" missed="1" covered="5"/><counter type="LINE" missed="3" covered="3"/><counter type="COMPLEXITY" missed="1" covered="3"/><counter type="METHOD" missed="0" covered="1"/></method><method name="isJarDisabled" desc="()Z" line="668"><counter type="INSTRUCTION" missed="0" covered="5"/><counter type="LINE" missed="0" covered="1"/><counter type="COMPLEXITY" missed="0" covered="1"/><counter type="METHOD" missed="0" covered="1"/></method><method name="isArchiveDisabled" desc="()Z" line="678"><counter type="INSTRUCTION" missed="0" covered="5"/><counter type="LINE" missed="0" covered="1"/><counter type="COMPLEXITY" missed="0" covered="1"/><counter type="METHOD" missed="0" covered="1"/></method><method name="isNuspecDisabled" desc="()Z" line="688"><counter type="INSTRUCTION" missed="0" covered="5"/><counter type="LINE" missed="0" covered="1"/><counter type="COMPLEXITY" missed="0" covered="1"/><counter type="METHOD" missed="0" covered="1"/></method><method name="isNugetconfDisabled" desc="()Z" line="698"><counter type="INSTRUCTION" missed="0" covered="5"/><counter type="LINE" missed="0" covered="1"/><counter type="COMPLEXITY" missed="0" covered="1"/><counter type="METHOD" missed="0" covered="1"/></method><method name="isAssemblyDisabled" desc="()Z" line="708"><counter type="INSTRUCTION" missed="0" covered="5"/><counter type="LINE" missed="0" covered="1"/><counter type="COMPLEXITY" missed="0" covered="1"/><counter type="METHOD" missed="0" covered="1"/></method><method name="isBundleAuditDisabled" desc="()Z" line="719"><counter type="INSTRUCTION" missed="0" covered="5"/><counter type="LINE" missed="0" covered="1"/><counter type="COMPLEXITY" missed="0" covered="1"/><counter type="METHOD" missed="0" covered="1"/></method><method name="isPythonDistributionDisabled" desc="()Z" line="729"><counter type="INSTRUCTION" missed="0" covered="5"/><counter type="LINE" missed="0" covered="1"/><counter type="COMPLEXITY" missed="0" covered="1"/><counter type="METHOD" missed="0" covered="1"/></method><method name="isPythonPackageDisabled" desc="()Z" line="739"><counter type="INSTRUCTION" missed="0" covered="5"/><counter type="LINE" missed="0" covered="1"/><counter type="COMPLEXITY" missed="0" covered="1"/><counter type="METHOD" missed="0" covered="1"/></method><method name="isRubyGemspecDisabled" desc="()Z" line="749"><counter type="INSTRUCTION" missed="0" covered="5"/><counter type="LINE" missed="0" covered="1"/><counter type="COMPLEXITY" missed="0" covered="1"/><counter type="METHOD" missed="0" covered="1"/></method><method name="isCmakeDisabled" desc="()Z" line="759"><counter type="INSTRUCTION" missed="0" covered="5"/><counter type="LINE" missed="0" covered="1"/><counter type="COMPLEXITY" missed="0" covered="1"/><counter type="METHOD" missed="0" covered="1"/></method><method name="isAutoconfDisabled" desc="()Z" line="769"><counter type="INSTRUCTION" missed="0" covered="5"/><counter type="LINE" missed="0" covered="1"/><counter type="COMPLEXITY" missed="0" covered="1"/><counter type="METHOD" missed="0" covered="1"/></method><method name="isGolangModDisabled" desc="()Z" line="779"><counter type="INSTRUCTION" missed="0" covered="5"/><counter type="LINE" missed="0" covered="1"/><counter type="COMPLEXITY" missed="0" covered="1"/><counter type="METHOD" missed="0" covered="1"/></method><method name="getPathToGo" desc="()Ljava/lang/String;" line="788"><counter type="INSTRUCTION" missed="5" covered="10"/><counter type="BRANCH" missed="2" covered="2"/><counter type="LINE" missed="1" covered="2"/><counter type="COMPLEXITY" missed="2" covered="1"/><counter type="METHOD" missed="0" covered="1"/></method><method name="isComposerDisabled" desc="()Z" line="802"><counter type="INSTRUCTION" missed="0" covered="5"/><counter type="LINE" missed="0" covered="1"/><counter type="COMPLEXITY" missed="0" covered="1"/><counter type="METHOD" missed="0" covered="1"/></method><method name="isNexusEnabled" desc="()Ljava/lang/Boolean;" line="812"><counter type="INSTRUCTION" missed="3" covered="10"/><counter type="BRANCH" missed="2" covered="2"/><counter type="LINE" missed="0" covered="1"/><counter type="COMPLEXITY" missed="2" covered="1"/><counter type="METHOD" missed="0" covered="1"/></method><method name="isOssIndexDisabled" desc="()Z" line="822"><counter type="INSTRUCTION" missed="0" covered="5"/><counter type="LINE" missed="0" covered="1"/><counter type="COMPLEXITY" missed="0" covered="1"/><counter type="METHOD" missed="0" covered="1"/></method><method name="isOssIndexCacheDisabled" desc="()Z" line="833"><counter type="INSTRUCTION" missed="0" covered="5"/><counter type="LINE" missed="0" covered="1"/><counter type="COMPLEXITY" missed="0" covered="1"/><counter type="METHOD" missed="0" covered="1"/></method><method name="getOssIndexUsername" desc="()Ljava/lang/String;" line="844"><counter type="INSTRUCTION" missed="0" covered="5"/><counter type="LINE" missed="0" covered="1"/><counter type="COMPLEXITY" missed="0" covered="1"/><counter type="METHOD" missed="0" covered="1"/></method><method name="getOssIndexPassword" desc="()Ljava/lang/String;" line="855"><counter type="INSTRUCTION" missed="0" covered="5"/><counter type="LINE" missed="0" covered="1"/><counter type="COMPLEXITY" missed="0" covered="1"/><counter type="METHOD" missed="0" covered="1"/></method><method name="isOpenSSLDisabled" desc="()Z" line="865"><counter type="INSTRUCTION" missed="0" covered="5"/><counter type="LINE" missed="0" covered="1"/><counter type="COMPLEXITY" missed="0" covered="1"/><counter type="METHOD" missed="0" covered="1"/></method><method name="isNodeJsDisabled" desc="()Z" line="875"><counter type="INSTRUCTION" missed="0" covered="5"/><counter type="LINE" missed="0" covered="1"/><counter type="COMPLEXITY" missed="0" covered="1"/><counter type="METHOD" missed="0" covered="1"/></method><method name="isNodeAuditDisabled" desc="()Z" line="885"><counter type="INSTRUCTION" missed="5" covered="13"/><counter type="BRANCH" missed="1" covered="1"/><counter type="LINE" missed="1" covered="4"/><counter type="COMPLEXITY" missed="1" covered="1"/><counter type="METHOD" missed="0" covered="1"/></method><method name="isNodeAuditCacheDisabled" desc="()Z" line="901"><counter type="INSTRUCTION" missed="0" covered="5"/><counter type="LINE" missed="0" covered="1"/><counter type="COMPLEXITY" missed="0" covered="1"/><counter type="METHOD" missed="0" covered="1"/></method><method name="isRetireJSDisabled" desc="()Z" line="911"><counter type="INSTRUCTION" missed="0" covered="5"/><counter type="LINE" missed="0" covered="1"/><counter type="COMPLEXITY" missed="0" covered="1"/><counter type="METHOD" missed="0" covered="1"/></method><method name="isCocoapodsAnalyzerDisabled" desc="()Z" line="922"><counter type="INSTRUCTION" missed="0" covered="5"/><counter type="LINE" missed="0" covered="1"/><counter type="COMPLEXITY" missed="0" covered="1"/><counter type="METHOD" missed="0" covered="1"/></method><method name="isSwiftPackageAnalyzerDisabled" desc="()Z" line="933"><counter type="INSTRUCTION" missed="0" covered="5"/><counter type="LINE" missed="0" covered="1"/><counter type="COMPLEXITY" missed="0" covered="1"/><counter type="METHOD" missed="0" covered="1"/></method><method name="isGolangDepAnalyzerDisabled" desc="()Z" line="943"><counter type="INSTRUCTION" missed="0" covered="5"/><counter type="LINE" missed="0" covered="1"/><counter type="COMPLEXITY" missed="0" covered="1"/><counter type="METHOD" missed="0" covered="1"/></method><method name="isCentralDisabled" desc="()Z" line="953"><counter type="INSTRUCTION" missed="0" covered="5"/><counter type="LINE" missed="0" covered="1"/><counter type="COMPLEXITY" missed="0" covered="1"/><counter type="METHOD" missed="0" covered="1"/></method><method name="isCentralCacheDisabled" desc="()Z" line="964"><counter type="INSTRUCTION" missed="0" covered="5"/><counter type="LINE" missed="0" covered="1"/><counter type="COMPLEXITY" missed="0" covered="1"/><counter type="METHOD" missed="0" covered="1"/></method><method name="getNexusUrl" desc="()Ljava/lang/String;" line="974"><counter type="INSTRUCTION" missed="5" covered="10"/><counter type="BRANCH" missed="2" covered="2"/><counter type="LINE" missed="1" covered="2"/><counter type="COMPLEXITY" missed="2" covered="1"/><counter type="METHOD" missed="0" covered="1"/></method><method name="getNexusUsername" desc="()Ljava/lang/String;" line="989"><counter type="INSTRUCTION" missed="0" covered="5"/><counter type="LINE" missed="0" covered="1"/><counter type="COMPLEXITY" missed="0" covered="1"/><counter type="METHOD" missed="0" covered="1"/></method><method name="getNexusPassword" desc="()Ljava/lang/String;" line="1000"><counter type="INSTRUCTION" missed="0" covered="5"/><counter type="LINE" missed="0" covered="1"/><counter type="COMPLEXITY" missed="0" covered="1"/><counter type="METHOD" missed="0" covered="1"/></method><method name="isNexusUsesProxy" desc="()Z" line="1013"><counter type="INSTRUCTION" missed="9" covered="13"/><counter type="BRANCH" missed="2" covered="2"/><counter type="LINE" missed="3" covered="2"/><counter type="COMPLEXITY" missed="2" covered="1"/><counter type="METHOD" missed="0" covered="1"/></method><method name="hasArgument" desc="(Ljava/lang/String;)Z" line="1031"><counter type="INSTRUCTION" missed="0" covered="12"/><counter type="BRANCH" missed="1" covered="3"/><counter type="LINE" missed="0" covered="1"/><counter type="COMPLEXITY" missed="1" covered="2"/><counter type="METHOD" missed="0" covered="1"/></method><method name="getBooleanArgument" desc="(Ljava/lang/String;)Ljava/lang/Boolean;" line="1043"><counter type="INSTRUCTION" missed="0" covered="21"/><counter type="BRANCH" missed="2" covered="4"/><counter type="LINE" missed="0" covered="5"/><counter type="COMPLEXITY" missed="2" covered="2"/><counter type="METHOD" missed="0" covered="1"/></method><method name="getStringArgument" desc="(Ljava/lang/String;)Ljava/lang/String;" line="1059"><counter type="INSTRUCTION" missed="0" covered="15"/><counter type="BRANCH" missed="1" covered="3"/><counter type="LINE" missed="0" covered="3"/><counter type="COMPLEXITY" missed="1" covered="2"/><counter type="METHOD" missed="0" covered="1"/></method><method name="printHelp" desc="()V" line="1069"><counter type="INSTRUCTION" missed="0" covered="55"/><counter type="BRANCH" missed="1" covered="3"/><counter type="LINE" missed="0" covered="10"/><counter type="COMPLEXITY" missed="1" covered="2"/><counter type="METHOD" missed="0" covered="1"/></method><method name="getScanFiles" desc="()[Ljava/lang/String;" line="1095"><counter type="INSTRUCTION" missed="0" covered="5"/><counter type="LINE" missed="0" covered="1"/><counter type="COMPLEXITY" missed="0" covered="1"/><counter type="METHOD" missed="0" covered="1"/></method><method name="getExcludeList" desc="()[Ljava/lang/String;" line="1105"><counter type="INSTRUCTION" missed="5" covered="0"/><counter type="LINE" missed="1" covered="0"/><counter type="COMPLEXITY" missed="1" covered="0"/><counter type="METHOD" missed="1" covered="0"/></method><method name="getRetireJSUrl" desc="()Ljava/lang/String;" line="1114"><counter type="INSTRUCTION" missed="0" covered="5"/><counter type="LINE" missed="0" covered="1"/><counter type="COMPLEXITY" missed="0" covered="1"/><counter type="METHOD" missed="0" covered="1"/></method><method name="getRetireJsFilters" desc="()[Ljava/lang/String;" line="1124"><counter type="INSTRUCTION" missed="5" covered="0"/><counter type="LINE" missed="1" covered="0"/><counter type="COMPLEXITY" missed="1" covered="0"/><counter type="METHOD" missed="1" covered="0"/></method><method name="isRetireJsFilterNonVulnerable" desc="()Ljava/lang/Boolean;" line="1137"><counter type="INSTRUCTION" missed="13" covered="0"/><counter type="BRANCH" missed="4" covered="0"/><counter type="LINE" missed="1" covered="0"/><counter type="COMPLEXITY" missed="3" covered="0"/><counter type="METHOD" missed="1" covered="0"/></method><method name="getReportDirectory" desc="()Ljava/lang/String;" line="1147"><counter type="INSTRUCTION" missed="0" covered="6"/><counter type="LINE" missed="0" covered="1"/><counter type="COMPLEXITY" missed="0" covered="1"/><counter type="METHOD" missed="0" covered="1"/></method><method name="getPathToCore" desc="()Ljava/lang/String;" line="1156"><counter type="INSTRUCTION" missed="0" covered="5"/><counter type="LINE" missed="0" covered="1"/><counter type="COMPLEXITY" missed="0" covered="1"/><counter type="METHOD" missed="0" covered="1"/></method><method name="getPathToBundleAudit" desc="()Ljava/lang/String;" line="1165"><counter type="INSTRUCTION" missed="0" covered="5"/><counter type="LINE" missed="0" covered="1"/><counter type="COMPLEXITY" missed="0" covered="1"/><counter type="METHOD" missed="0" covered="1"/></method><method name="getPathToBundleAuditWorkingDirectory" desc="()Ljava/lang/String;" line="1176"><counter type="INSTRUCTION" missed="0" covered="5"/><counter type="LINE" missed="0" covered="1"/><counter type="COMPLEXITY" missed="0" covered="1"/><counter type="METHOD" missed="0" covered="1"/></method><method name="getReportFormat" desc="()[Ljava/lang/String;" line="1186"><counter type="INSTRUCTION" missed="5" covered="12"/><counter type="BRANCH" missed="1" covered="1"/><counter type="LINE" missed="1" covered="2"/><counter type="COMPLEXITY" missed="1" covered="1"/><counter type="METHOD" missed="0" covered="1"/></method><method name="getProjectName" desc="()Ljava/lang/String;" line="1198"><counter type="INSTRUCTION" missed="11" covered="0"/><counter type="BRANCH" missed="2" covered="0"/><counter type="LINE" missed="4" covered="0"/><counter type="COMPLEXITY" missed="2" covered="0"/><counter type="METHOD" missed="1" covered="0"/></method><method name="getBaseCveUrl" desc="()Ljava/lang/String;" line="1211"><counter type="INSTRUCTION" missed="0" covered="5"/><counter type="LINE" missed="0" covered="1"/><counter type="COMPLEXITY" missed="0" covered="1"/><counter type="METHOD" missed="0" covered="1"/></method><method name="getModifiedCveUrl" desc="()Ljava/lang/String;" line="1220"><counter type="INSTRUCTION" missed="0" covered="5"/><counter type="LINE" missed="0" covered="1"/><counter type="COMPLEXITY" missed="0" covered="1"/><counter type="METHOD" missed="0" covered="1"/></method><method name="getConnectionTimeout" desc="()Ljava/lang/String;" line="1229"><counter type="INSTRUCTION" missed="0" covered="5"/><counter type="LINE" missed="0" covered="1"/><counter type="COMPLEXITY" missed="0" covered="1"/><counter type="METHOD" missed="0" covered="1"/></method><method name="getProxyServer" desc="()Ljava/lang/String;" line="1238"><counter type="INSTRUCTION" missed="0" covered="5"/><counter type="LINE" missed="0" covered="1"/><counter type="COMPLEXITY" missed="0" covered="1"/><counter type="METHOD" missed="0" covered="1"/></method><method name="getProxyPort" desc="()Ljava/lang/String;" line="1247"><counter type="INSTRUCTION" missed="0" covered="5"/><counter type="LINE" missed="0" covered="1"/><counter type="COMPLEXITY" missed="0" covered="1"/><counter type="METHOD" missed="0" covered="1"/></method><method name="getProxyUsername" desc="()Ljava/lang/String;" line="1256"><counter type="INSTRUCTION" missed="0" covered="5"/><counter type="LINE" missed="0" covered="1"/><counter type="COMPLEXITY" missed="0" covered="1"/><counter type="METHOD" missed="0" covered="1"/></method><method name="getProxyPassword" desc="()Ljava/lang/String;" line="1265"><counter type="INSTRUCTION" missed="0" covered="5"/><counter type="LINE" missed="0" covered="1"/><counter type="COMPLEXITY" missed="0" covered="1"/><counter type="METHOD" missed="0" covered="1"/></method><method name="getNonProxyHosts" desc="()Ljava/lang/String;" line="1274"><counter type="INSTRUCTION" missed="0" covered="5"/><counter type="LINE" missed="0" covered="1"/><counter type="COMPLEXITY" missed="0" covered="1"/><counter type="METHOD" missed="0" covered="1"/></method><method name="getDataDirectory" desc="()Ljava/lang/String;" line="1283"><counter type="INSTRUCTION" missed="0" covered="5"/><counter type="LINE" missed="0" covered="1"/><counter type="COMPLEXITY" missed="0" covered="1"/><counter type="METHOD" missed="0" covered="1"/></method><method name="getPropertiesFile" desc="()Ljava/io/File;" line="1292"><counter type="INSTRUCTION" missed="0" covered="14"/><counter type="BRANCH" missed="0" covered="2"/><counter type="LINE" missed="0" covered="4"/><counter type="COMPLEXITY" missed="0" covered="2"/><counter type="METHOD" missed="0" covered="1"/></method><method name="getVerboseLog" desc="()Ljava/lang/String;" line="1305"><counter type="INSTRUCTION" missed="5" covered="0"/><counter type="LINE" missed="1" covered="0"/><counter type="COMPLEXITY" missed="1" covered="0"/><counter type="METHOD" missed="1" covered="0"/></method><method name="getSuppressionFiles" desc="()[Ljava/lang/String;" line="1314"><counter type="INSTRUCTION" missed="0" covered="5"/><counter type="LINE" missed="0" covered="1"/><counter type="COMPLEXITY" missed="0" covered="1"/><counter type="METHOD" missed="0" covered="1"/></method><method name="getHintsFile" desc="()Ljava/lang/String;" line="1323"><counter type="INSTRUCTION" missed="0" covered="5"/><counter type="LINE" missed="0" covered="1"/><counter type="COMPLEXITY" missed="0" covered="1"/><counter type="METHOD" missed="0" covered="1"/></method><method name="printVersionInfo" desc="()V" line="1333"><counter type="INSTRUCTION" missed="0" covered="25"/><counter type="LINE" missed="0" covered="5"/><counter type="COMPLEXITY" missed="0" covered="1"/><counter type="METHOD" missed="0" covered="1"/></method><method name="isAutoUpdate" desc="()Ljava/lang/Boolean;" line="1349"><counter type="INSTRUCTION" missed="0" covered="13"/><counter type="BRANCH" missed="1" covered="3"/><counter type="LINE" missed="0" covered="1"/><counter type="COMPLEXITY" missed="1" covered="2"/><counter type="METHOD" missed="0" covered="1"/></method><method name="isUpdateOnly" desc="()Z" line="1359"><counter type="INSTRUCTION" missed="2" covered="10"/><counter type="BRANCH" missed="2" covered="2"/><counter type="LINE" missed="0" covered="1"/><counter type="COMPLEXITY" missed="2" covered="1"/><counter type="METHOD" missed="0" covered="1"/></method><method name="isPurge" desc="()Z" line="1369"><counter type="INSTRUCTION" missed="12" covered="0"/><counter type="BRANCH" missed="4" covered="0"/><counter type="LINE" missed="1" covered="0"/><counter type="COMPLEXITY" missed="3" covered="0"/><counter type="METHOD" missed="1" covered="0"/></method><method name="getDatabaseDriverName" desc="()Ljava/lang/String;" line="1379"><counter type="INSTRUCTION" missed="0" covered="5"/><counter type="LINE" missed="0" covered="1"/><counter type="COMPLEXITY" missed="0" covered="1"/><counter type="METHOD" missed="0" covered="1"/></method><method name="getDatabaseDriverPath" desc="()Ljava/lang/String;" line="1389"><counter type="INSTRUCTION" missed="0" covered="5"/><counter type="LINE" missed="0" covered="1"/><counter type="COMPLEXITY" missed="0" covered="1"/><counter type="METHOD" missed="0" covered="1"/></method><method name="getConnectionString" desc="()Ljava/lang/String;" line="1400"><counter type="INSTRUCTION" missed="0" covered="5"/><counter type="LINE" missed="0" covered="1"/><counter type="COMPLEXITY" missed="0" covered="1"/><counter type="METHOD" missed="0" covered="1"/></method><method name="getDatabaseUser" desc="()Ljava/lang/String;" line="1411"><counter type="INSTRUCTION" missed="0" covered="5"/><counter type="LINE" missed="0" covered="1"/><counter type="COMPLEXITY" missed="0" covered="1"/><counter type="METHOD" missed="0" covered="1"/></method><method name="getDatabasePassword" desc="()Ljava/lang/String;" line="1422"><counter type="INSTRUCTION" missed="0" covered="5"/><counter type="LINE" missed="0" covered="1"/><counter type="COMPLEXITY" missed="0" covered="1"/><counter type="METHOD" missed="0" covered="1"/></method><method name="getAdditionalZipExtensions" desc="()Ljava/lang/String;" line="1432"><counter type="INSTRUCTION" missed="0" covered="5"/><counter type="LINE" missed="0" covered="1"/><counter type="COMPLEXITY" missed="0" covered="1"/><counter type="METHOD" missed="0" covered="1"/></method><method name="getCveValidForHours" desc="()Ljava/lang/Integer;" line="1441"><counter type="INSTRUCTION" missed="4" covered="9"/><counter type="BRANCH" missed="1" covered="1"/><counter type="LINE" missed="1" covered="3"/><counter type="COMPLEXITY" missed="1" covered="1"/><counter type="METHOD" missed="0" covered="1"/></method><method name="isExperimentalEnabled" desc="()Ljava/lang/Boolean;" line="1456"><counter type="INSTRUCTION" missed="3" covered="10"/><counter type="BRANCH" missed="2" covered="2"/><counter type="LINE" missed="0" covered="1"/><counter type="COMPLEXITY" missed="2" covered="1"/><counter type="METHOD" missed="0" covered="1"/></method><method name="isRetiredEnabled" desc="()Ljava/lang/Boolean;" line="1467"><counter type="INSTRUCTION" missed="3" covered="10"/><counter type="BRANCH" missed="2" covered="2"/><counter type="LINE" missed="0" covered="1"/><counter type="COMPLEXITY" missed="2" covered="1"/><counter type="METHOD" missed="0" covered="1"/></method><method name="isPrettyPrint" desc="()Ljava/lang/Boolean;" line="1478"><counter type="INSTRUCTION" missed="3" covered="10"/><counter type="BRANCH" missed="2" covered="2"/><counter type="LINE" missed="0" covered="1"/><counter type="COMPLEXITY" missed="2" covered="1"/><counter type="METHOD" missed="0" covered="1"/></method><method name="getFailOnCVSS" desc="()F" line="1488"><counter type="INSTRUCTION" missed="2" covered="16"/><counter type="BRANCH" missed="1" covered="1"/><counter type="LINE" missed="1" covered="5"/><counter type="COMPLEXITY" missed="1" covered="1"/><counter type="METHOD" missed="0" covered="1"/></method><method name="getJunitFailOnCVSS" desc="()F" line="1506"><counter type="INSTRUCTION" missed="12" covered="7"/><counter type="BRANCH" missed="1" covered="1"/><counter type="LINE" missed="4" covered="2"/><counter type="COMPLEXITY" missed="1" covered="1"/><counter type="METHOD" missed="0" covered="1"/></method><method name="&lt;clinit&gt;" desc="()V" line="51"><counter type="INSTRUCTION" missed="0" covered="4"/><counter type="LINE" missed="0" covered="1"/><counter type="COMPLEXITY" missed="0" covered="1"/><counter type="METHOD" missed="0" covered="1"/></method><counter type="INSTRUCTION" missed="361" covered="1710"/><counter type="BRANCH" missed="90" covered="88"/><counter type="LINE" missed="74" covered="432"/><counter type="COMPLEXITY" missed="76" covered="106"/><counter type="METHOD" missed="7" covered="86"/><counter type="CLASS" missed="0" covered="1"/></class><sourcefile name="CliParser.java"><line nr="51" mi="0" ci="4" mb="0" cb="0"/><line nr="59" mi="0" ci="3" mb="0" cb="0"/><line nr="74" mi="0" ci="2" mb="0" cb="0"/><line nr="75" mi="0" ci="3" mb="0" cb="0"/><line nr="76" mi="0" ci="1" mb="0" cb="0"/><line nr="87" mi="0" ci="5" mb="0" cb="0"/><line nr="89" mi="0" ci="3" mb="1" cb="1"/><line nr="90" mi="0" ci="2" mb="0" cb="0"/><line nr="92" mi="0" ci="1" mb="0" cb="0"/><line nr="102" mi="0" ci="4" mb="0" cb="0"/><line nr="103" mi="0" ci="3" mb="0" cb="0"/><line nr="104" mi="0" ci="5" mb="0" cb="0"/><line nr="116" mi="0" ci="6" mb="1" cb="3"/><line nr="117" mi="0" ci="5" mb="0" cb="0"/><line nr="118" mi="0" ci="2" mb="1" cb="1"/><line nr="120" mi="3" ci="0" mb="0" cb="0"/><line nr="121" mi="2" ci="0" mb="2" cb="0"/><line nr="122" mi="5" ci="0" mb="0" cb="0"/><line nr="124" mi="1" ci="0" mb="0" cb="0"/><line nr="125" mi="5" ci="0" mb="0" cb="0"/><line nr="126" mi="1" ci="0" mb="0" cb="0"/><line nr="129" mi="0" ci="3" mb="0" cb="2"/><line nr="130" mi="0" ci="5" mb="0" cb="0"/><line nr="131" mi="0" ci="5" mb="0" cb="0"/><line nr="132" mi="0" ci="3" mb="1" cb="1"/><line nr="133" mi="5" ci="0" mb="0" cb="0"/><line nr="135" mi="0" ci="5" mb="1" cb="1"/><line nr="136" mi="2" ci="0" mb="0" cb="0"/><line nr="138" mi="17" ci="0" mb="2" cb="0"/><line nr="139" mi="2" ci="0" mb="0" cb="0"/><line nr="140" mi="3" ci="0" mb="0" cb="0"/><line nr="142" mi="1" ci="0" mb="0" cb="0"/><line nr="143" mi="9" ci="0" mb="0" cb="0"/><line nr="145" mi="5" ci="0" mb="0" cb="0"/><line nr="146" mi="1" ci="0" mb="0" cb="0"/><line nr="148" mi="3" ci="9" mb="5" cb="3"/><line nr="149" mi="2" ci="0" mb="0" cb="0"/><line nr="150" mi="5" ci="0" mb="0" cb="0"/><line nr="152" mi="0" ci="5" mb="1" cb="1"/><line nr="154" mi="6" ci="0" mb="0" cb="0"/><line nr="155" mi="2" ci="0" mb="2" cb="0"/><line nr="156" mi="5" ci="0" mb="0" cb="0"/><line nr="158" mi="1" ci="0" mb="0" cb="0"/><line nr="159" mi="5" ci="0" mb="0" cb="0"/><line nr="160" mi="1" ci="0" mb="0" cb="0"/><line nr="163" mi="0" ci="1" mb="0" cb="0"/><line nr="176" mi="0" ci="16" mb="0" cb="2"/><line nr="177" mi="0" ci="4" mb="0" cb="0"/><line nr="179" mi="0" ci="1" mb="0" cb="0"/><line nr="192" mi="0" ci="2" mb="1" cb="1"/><line nr="193" mi="3" ci="0" mb="0" cb="0"/><line nr="194" mi="9" ci="0" mb="0" cb="0"/><line nr="195" mi="5" ci="0" mb="0" cb="0"/><line nr="196" mi="0" ci="8" mb="2" cb="2"/><line nr="197" mi="0" ci="5" mb="0" cb="0"/><line nr="198" mi="0" ci="3" mb="0" cb="0"/><line nr="199" mi="0" ci="17" mb="2" cb="4"/><line nr="200" mi="0" ci="3" mb="0" cb="0"/><line nr="201" mi="0" ci="14" mb="3" cb="3"/><line nr="202" mi="0" ci="6" mb="2" cb="2"/><line nr="203" mi="3" ci="0" mb="2" cb="0"/><line nr="204" mi="6" ci="0" mb="0" cb="0"/><line nr="206" mi="4" ci="0" mb="2" cb="0"/><line nr="207" mi="3" ci="0" mb="0" cb="0"/><line nr="208" mi="13" ci="0" mb="0" cb="0"/><line nr="209" mi="5" ci="0" mb="0" cb="0"/><line nr="212" mi="3" ci="8" mb="3" cb="1"/><line nr="213" mi="10" ci="0" mb="6" cb="0"/><line nr="214" mi="3" ci="0" mb="0" cb="0"/><line nr="215" mi="13" ci="0" mb="0" cb="0"/><line nr="216" mi="5" ci="0" mb="0" cb="0"/><line nr="218" mi="3" ci="0" mb="2" cb="0"/><line nr="219" mi="3" ci="0" mb="0" cb="0"/><line nr="220" mi="13" ci="0" mb="0" cb="0"/><line nr="221" mi="5" ci="0" mb="0" cb="0"/><line nr="223" mi="0" ci="3" mb="0" cb="2"/><line nr="224" mi="0" ci="3" mb="0" cb="0"/><line nr="225" mi="0" ci="13" mb="0" cb="0"/><line nr="226" mi="0" ci="5" mb="0" cb="0"/><line nr="232" mi="16" ci="1" mb="8" cb="0"/><line nr="233" mi="5" ci="0" mb="0" cb="0"/><line nr="236" mi="0" ci="1" mb="0" cb="0"/><line nr="246" mi="0" ci="4" mb="0" cb="0"/><line nr="247" mi="0" ci="3" mb="0" cb="0"/><line nr="248" mi="0" ci="3" mb="0" cb="0"/><line nr="249" mi="0" ci="3" mb="0" cb="0"/><line nr="250" mi="0" ci="2" mb="0" cb="0"/><line nr="260" mi="0" ci="8" mb="0" cb="0"/><line nr="263" mi="0" ci="4" mb="0" cb="0"/><line nr="264" mi="0" ci="3" mb="0" cb="0"/><line nr="266" mi="0" ci="8" mb="0" cb="0"/><line nr="269" mi="0" ci="8" mb="0" cb="0"/><line nr="272" mi="0" ci="7" mb="0" cb="0"/><line nr="273" mi="0" ci="1" mb="0" cb="0"/><line nr="274" mi="0" ci="2" mb="0" cb="0"/><line nr="276" mi="0" ci="8" mb="0" cb="0"/><line nr="277" mi="0" ci="1" mb="0" cb="0"/><line nr="280" mi="0" ci="2" mb="0" cb="0"/><line nr="282" mi="0" ci="7" mb="0" cb="0"/><line nr="283" mi="0" ci="1" mb="0" cb="0"/><line nr="285" mi="0" ci="2" mb="0" cb="0"/><line nr="287" mi="0" ci="8" mb="0" cb="0"/><line nr="288" mi="0" ci="1" mb="0" cb="0"/><line nr="290" mi="0" ci="2" mb="0" cb="0"/><line nr="292" mi="0" ci="8" mb="0" cb="0"/><line nr="293" mi="0" ci="1" mb="0" cb="0"/><line nr="294" mi="0" ci="2" mb="0" cb="0"/><line nr="296" mi="0" ci="8" mb="0" cb="0"/><line nr="297" mi="0" ci="1" mb="0" cb="0"/><line nr="298" mi="0" ci="2" mb="0" cb="0"/><line nr="300" mi="0" ci="7" mb="0" cb="0"/><line nr="301" mi="0" ci="1" mb="0" cb="0"/><line nr="302" mi="0" ci="2" mb="0" cb="0"/><line nr="304" mi="0" ci="7" mb="0" cb="0"/><line nr="305" mi="0" ci="1" mb="0" cb="0"/><line nr="307" mi="0" ci="2" mb="0" cb="0"/><line nr="309" mi="0" ci="7" mb="0" cb="0"/><line nr="310" mi="0" ci="1" mb="0" cb="0"/><line nr="311" mi="0" ci="2" mb="0" cb="0"/><line nr="313" mi="0" ci="4" mb="0" cb="0"/><line nr="314" mi="0" ci="1" mb="0" cb="0"/><line nr="315" mi="0" ci="2" mb="0" cb="0"/><line nr="317" mi="0" ci="4" mb="0" cb="0"/><line nr="318" mi="0" ci="1" mb="0" cb="0"/><line nr="319" mi="0" ci="2" mb="0" cb="0"/><line nr="321" mi="0" ci="7" mb="0" cb="0"/><line nr="322" mi="0" ci="1" mb="0" cb="0"/><line nr="324" mi="0" ci="2" mb="0" cb="0"/><line nr="326" mi="0" ci="4" mb="0" cb="0"/><line nr="327" mi="0" ci="1" mb="0" cb="0"/><line nr="328" mi="0" ci="2" mb="0" cb="0"/><line nr="331" mi="0" ci="4" mb="0" cb="0"/><line nr="332" mi="0" ci="4" mb="0" cb="0"/><line nr="334" mi="0" ci="4" mb="0" cb="0"/><line nr="335" mi="0" ci="4" mb="0" cb="0"/><line nr="337" mi="0" ci="4" mb="0" cb="0"/><line nr="338" mi="0" ci="2" mb="0" cb="0"/><line nr="339" mi="0" ci="2" mb="0" cb="0"/><line nr="340" mi="0" ci="2" mb="0" cb="0"/><line nr="341" mi="0" ci="2" mb="0" cb="0"/><line nr="342" mi="0" ci="2" mb="0" cb="0"/><line nr="343" mi="0" ci="2" mb="0" cb="0"/><line nr="344" mi="0" ci="2" mb="0" cb="0"/><line nr="345" mi="0" ci="2" mb="0" cb="0"/><line nr="346" mi="0" ci="2" mb="0" cb="0"/><line nr="347" mi="0" ci="2" mb="0" cb="0"/><line nr="348" mi="0" ci="2" mb="0" cb="0"/><line nr="349" mi="0" ci="2" mb="0" cb="0"/><line nr="350" mi="0" ci="2" mb="0" cb="0"/><line nr="351" mi="0" ci="2" mb="0" cb="0"/><line nr="352" mi="0" ci="2" mb="0" cb="0"/><line nr="353" mi="0" ci="1" mb="0" cb="0"/><line nr="354" mi="0" ci="9" mb="0" cb="0"/><line nr="355" mi="0" ci="1" mb="0" cb="0"/><line nr="356" mi="0" ci="1" mb="0" cb="0"/><line nr="357" mi="0" ci="1" mb="0" cb="0"/><line nr="368" mi="0" ci="7" mb="0" cb="0"/><line nr="369" mi="0" ci="3" mb="0" cb="0"/><line nr="370" mi="0" ci="7" mb="0" cb="0"/><line nr="371" mi="0" ci="3" mb="0" cb="0"/><line nr="372" mi="0" ci="4" mb="0" cb="0"/><line nr="373" mi="0" ci="3" mb="0" cb="0"/><line nr="374" mi="0" ci="8" mb="0" cb="0"/><line nr="375" mi="0" ci="3" mb="0" cb="0"/><line nr="376" mi="0" ci="7" mb="0" cb="0"/><line nr="377" mi="0" ci="1" mb="0" cb="0"/><line nr="378" mi="0" ci="2" mb="0" cb="0"/><line nr="379" mi="0" ci="7" mb="0" cb="0"/><line nr="380" mi="0" ci="1" mb="0" cb="0"/><line nr="381" mi="0" ci="2" mb="0" cb="0"/><line nr="382" mi="0" ci="7" mb="0" cb="0"/><line nr="383" mi="0" ci="1" mb="0" cb="0"/><line nr="384" mi="0" ci="2" mb="0" cb="0"/><line nr="385" mi="0" ci="7" mb="0" cb="0"/><line nr="386" mi="0" ci="3" mb="0" cb="0"/><line nr="387" mi="0" ci="5" mb="0" cb="0"/><line nr="388" mi="0" ci="2" mb="0" cb="0"/><line nr="389" mi="0" ci="1" mb="0" cb="0"/><line nr="390" mi="0" ci="2" mb="0" cb="0"/><line nr="391" mi="0" ci="7" mb="0" cb="0"/><line nr="392" mi="0" ci="3" mb="0" cb="0"/><line nr="393" mi="0" ci="5" mb="0" cb="0"/><line nr="394" mi="0" ci="2" mb="0" cb="0"/><line nr="395" mi="0" ci="3" mb="0" cb="0"/><line nr="396" mi="0" ci="5" mb="0" cb="0"/><line nr="397" mi="0" ci="2" mb="0" cb="0"/><line nr="398" mi="0" ci="3" mb="0" cb="0"/><line nr="399" mi="0" ci="6" mb="0" cb="0"/><line nr="400" mi="0" ci="3" mb="0" cb="0"/><line nr="401" mi="0" ci="2" mb="0" cb="0"/><line nr="402" mi="0" ci="7" mb="0" cb="0"/><line nr="403" mi="0" ci="3" mb="0" cb="0"/><line nr="404" mi="0" ci="7" mb="0" cb="0"/><line nr="405" mi="0" ci="3" mb="0" cb="0"/><line nr="406" mi="0" ci="7" mb="0" cb="0"/><line nr="407" mi="0" ci="3" mb="0" cb="0"/><line nr="408" mi="0" ci="7" mb="0" cb="0"/><line nr="409" mi="0" ci="3" mb="0" cb="0"/><line nr="410" mi="0" ci="7" mb="0" cb="0"/><line nr="411" mi="0" ci="1" mb="0" cb="0"/><line nr="412" mi="0" ci="2" mb="0" cb="0"/><line nr="413" mi="0" ci="7" mb="0" cb="0"/><line nr="414" mi="0" ci="3" mb="0" cb="0"/><line nr="415" mi="0" ci="7" mb="0" cb="0"/><line nr="416" mi="0" ci="3" mb="0" cb="0"/><line nr="417" mi="0" ci="7" mb="0" cb="0"/><line nr="418" mi="0" ci="3" mb="0" cb="0"/><line nr="419" mi="0" ci="7" mb="0" cb="0"/><line nr="420" mi="0" ci="3" mb="0" cb="0"/><line nr="421" mi="0" ci="7" mb="0" cb="0"/><line nr="422" mi="0" ci="1" mb="0" cb="0"/><line nr="423" mi="0" ci="2" mb="0" cb="0"/><line nr="424" mi="0" ci="4" mb="0" cb="0"/><line nr="425" mi="0" ci="3" mb="0" cb="0"/><line nr="426" mi="0" ci="4" mb="0" cb="0"/><line nr="427" mi="0" ci="3" mb="0" cb="0"/><line nr="428" mi="0" ci="4" mb="0" cb="0"/><line nr="429" mi="0" ci="3" mb="0" cb="0"/><line nr="430" mi="0" ci="4" mb="0" cb="0"/><line nr="431" mi="0" ci="3" mb="0" cb="0"/><line nr="432" mi="0" ci="4" mb="0" cb="0"/><line nr="433" mi="0" ci="3" mb="0" cb="0"/><line nr="434" mi="0" ci="4" mb="0" cb="0"/><line nr="435" mi="0" ci="3" mb="0" cb="0"/><line nr="436" mi="0" ci="4" mb="0" cb="0"/><line nr="437" mi="0" ci="3" mb="0" cb="0"/><line nr="438" mi="0" ci="4" mb="0" cb="0"/><line nr="439" mi="0" ci="3" mb="0" cb="0"/><line nr="440" mi="0" ci="4" mb="0" cb="0"/><line nr="441" mi="0" ci="3" mb="0" cb="0"/><line nr="442" mi="0" ci="2" mb="0" cb="0"/><line nr="443" mi="0" ci="5" mb="0" cb="0"/><line nr="444" mi="0" ci="4" mb="0" cb="0"/><line nr="445" mi="0" ci="3" mb="0" cb="0"/><line nr="446" mi="0" ci="4" mb="0" cb="0"/><line nr="447" mi="0" ci="3" mb="0" cb="0"/><line nr="448" mi="0" ci="4" mb="0" cb="0"/><line nr="449" mi="0" ci="3" mb="0" cb="0"/><line nr="450" mi="0" ci="4" mb="0" cb="0"/><line nr="451" mi="0" ci="3" mb="0" cb="0"/><line nr="452" mi="0" ci="4" mb="0" cb="0"/><line nr="453" mi="0" ci="1" mb="0" cb="0"/><line nr="454" mi="0" ci="2" mb="0" cb="0"/><line nr="455" mi="0" ci="4" mb="0" cb="0"/><line nr="456" mi="0" ci="3" mb="0" cb="0"/><line nr="457" mi="0" ci="4" mb="0" cb="0"/><line nr="458" mi="0" ci="3" mb="0" cb="0"/><line nr="459" mi="0" ci="7" mb="0" cb="0"/><line nr="460" mi="0" ci="1" mb="0" cb="0"/><line nr="462" mi="0" ci="2" mb="0" cb="0"/><line nr="463" mi="0" ci="7" mb="0" cb="0"/><line nr="464" mi="0" ci="1" mb="0" cb="0"/><line nr="465" mi="0" ci="2" mb="0" cb="0"/><line nr="466" mi="0" ci="4" mb="0" cb="0"/><line nr="467" mi="0" ci="1" mb="0" cb="0"/><line nr="468" mi="0" ci="2" mb="0" cb="0"/><line nr="469" mi="0" ci="4" mb="0" cb="0"/><line nr="470" mi="0" ci="3" mb="0" cb="0"/><line nr="471" mi="0" ci="7" mb="0" cb="0"/><line nr="472" mi="0" ci="1" mb="0" cb="0"/><line nr="474" mi="0" ci="2" mb="0" cb="0"/><line nr="476" mi="0" ci="7" mb="0" cb="0"/><line nr="477" mi="0" ci="1" mb="0" cb="0"/><line nr="478" mi="0" ci="2" mb="0" cb="0"/><line nr="479" mi="0" ci="8" mb="0" cb="0"/><line nr="480" mi="0" ci="1" mb="0" cb="0"/><line nr="481" mi="0" ci="2" mb="0" cb="0"/><line nr="483" mi="0" ci="4" mb="0" cb="0"/><line nr="484" mi="0" ci="2" mb="0" cb="0"/><line nr="485" mi="0" ci="2" mb="0" cb="0"/><line nr="486" mi="0" ci="2" mb="0" cb="0"/><line nr="487" mi="0" ci="2" mb="0" cb="0"/><line nr="488" mi="0" ci="2" mb="0" cb="0"/><line nr="489" mi="0" ci="2" mb="0" cb="0"/><line nr="490" mi="0" ci="2" mb="0" cb="0"/><line nr="491" mi="0" ci="2" mb="0" cb="0"/><line nr="492" mi="0" ci="2" mb="0" cb="0"/><line nr="493" mi="0" ci="2" mb="0" cb="0"/><line nr="494" mi="0" ci="2" mb="0" cb="0"/><line nr="495" mi="0" ci="2" mb="0" cb="0"/><line nr="496" mi="0" ci="2" mb="0" cb="0"/><line nr="497" mi="0" ci="2" mb="0" cb="0"/><line nr="498" mi="0" ci="2" mb="0" cb="0"/><line nr="499" mi="0" ci="2" mb="0" cb="0"/><line nr="500" mi="0" ci="2" mb="0" cb="0"/><line nr="501" mi="0" ci="2" mb="0" cb="0"/><line nr="502" mi="0" ci="2" mb="0" cb="0"/><line nr="503" mi="0" ci="2" mb="0" cb="0"/><line nr="504" mi="0" ci="2" mb="0" cb="0"/><line nr="505" mi="0" ci="1" mb="0" cb="0"/><line nr="506" mi="0" ci="5" mb="0" cb="0"/><line nr="507" mi="0" ci="2" mb="0" cb="0"/><line nr="508" mi="0" ci="6" mb="0" cb="0"/><line nr="509" mi="0" ci="2" mb="0" cb="0"/><line nr="510" mi="0" ci="2" mb="0" cb="0"/><line nr="511" mi="0" ci="2" mb="0" cb="0"/><line nr="512" mi="0" ci="2" mb="0" cb="0"/><line nr="513" mi="0" ci="2" mb="0" cb="0"/><line nr="514" mi="0" ci="2" mb="0" cb="0"/><line nr="515" mi="0" ci="2" mb="0" cb="0"/><line nr="516" mi="0" ci="1" mb="0" cb="0"/><line nr="517" mi="0" ci="6" mb="0" cb="0"/><line nr="518" mi="0" ci="2" mb="0" cb="0"/><line nr="519" mi="0" ci="2" mb="0" cb="0"/><line nr="520" mi="0" ci="2" mb="0" cb="0"/><line nr="521" mi="0" ci="2" mb="0" cb="0"/><line nr="522" mi="0" ci="1" mb="0" cb="0"/><line nr="523" mi="0" ci="6" mb="0" cb="0"/><line nr="524" mi="0" ci="2" mb="0" cb="0"/><line nr="525" mi="0" ci="2" mb="0" cb="0"/><line nr="526" mi="0" ci="2" mb="0" cb="0"/><line nr="527" mi="0" ci="1" mb="0" cb="0"/><line nr="528" mi="0" ci="5" mb="0" cb="0"/><line nr="529" mi="0" ci="2" mb="0" cb="0"/><line nr="530" mi="0" ci="5" mb="0" cb="0"/><line nr="531" mi="0" ci="2" mb="0" cb="0"/><line nr="532" mi="0" ci="5" mb="0" cb="0"/><line nr="533" mi="0" ci="2" mb="0" cb="0"/><line nr="534" mi="0" ci="5" mb="0" cb="0"/><line nr="535" mi="0" ci="2" mb="0" cb="0"/><line nr="536" mi="0" ci="5" mb="0" cb="0"/><line nr="537" mi="0" ci="2" mb="0" cb="0"/><line nr="538" mi="0" ci="4" mb="0" cb="0"/><line nr="539" mi="0" ci="5" mb="0" cb="0"/><line nr="540" mi="0" ci="2" mb="0" cb="0"/><line nr="541" mi="0" ci="5" mb="0" cb="0"/><line nr="542" mi="0" ci="2" mb="0" cb="0"/><line nr="543" mi="0" ci="5" mb="0" cb="0"/><line nr="544" mi="0" ci="2" mb="0" cb="0"/><line nr="545" mi="0" ci="4" mb="0" cb="0"/><line nr="546" mi="0" ci="5" mb="0" cb="0"/><line nr="547" mi="0" ci="2" mb="0" cb="0"/><line nr="548" mi="0" ci="4" mb="0" cb="0"/><line nr="549" mi="0" ci="5" mb="0" cb="0"/><line nr="550" mi="0" ci="2" mb="0" cb="0"/><line nr="551" mi="0" ci="4" mb="0" cb="0"/><line nr="552" mi="0" ci="5" mb="0" cb="0"/><line nr="553" mi="0" ci="2" mb="0" cb="0"/><line nr="554" mi="0" ci="4" mb="0" cb="0"/><line nr="555" mi="0" ci="5" mb="0" cb="0"/><line nr="556" mi="0" ci="2" mb="0" cb="0"/><line nr="557" mi="0" ci="4" mb="0" cb="0"/><line nr="558" mi="0" ci="5" mb="0" cb="0"/><line nr="559" mi="0" ci="2" mb="0" cb="0"/><line nr="560" mi="0" ci="4" mb="0" cb="0"/><line nr="561" mi="0" ci="6" mb="0" cb="0"/><line nr="562" mi="0" ci="2" mb="0" cb="0"/><line nr="563" mi="0" ci="4" mb="0" cb="0"/><line nr="564" mi="0" ci="2" mb="0" cb="0"/><line nr="565" mi="0" ci="2" mb="0" cb="0"/><line nr="566" mi="0" ci="2" mb="0" cb="0"/><line nr="567" mi="0" ci="2" mb="0" cb="0"/><line nr="568" mi="0" ci="2" mb="0" cb="0"/><line nr="569" mi="0" ci="2" mb="0" cb="0"/><line nr="570" mi="0" ci="2" mb="0" cb="0"/><line nr="571" mi="0" ci="2" mb="0" cb="0"/><line nr="572" mi="0" ci="2" mb="0" cb="0"/><line nr="573" mi="0" ci="2" mb="0" cb="0"/><line nr="574" mi="0" ci="1" mb="0" cb="0"/><line nr="587" mi="0" ci="1" mb="0" cb="0"/><line nr="595" mi="0" ci="12" mb="0" cb="4"/><line nr="604" mi="0" ci="12" mb="0" cb="4"/><line nr="613" mi="0" ci="15" mb="0" cb="6"/><line nr="623" mi="2" ci="0" mb="0" cb="0"/><line nr="625" mi="7" ci="0" mb="0" cb="0"/><line nr="626" mi="2" ci="0" mb="2" cb="0"/><line nr="627" mi="2" ci="0" mb="0" cb="0"/><line nr="629" mi="1" ci="0" mb="0" cb="0"/><line nr="630" mi="3" ci="0" mb="0" cb="0"/><line nr="631" mi="1" ci="0" mb="0" cb="0"/><line nr="632" mi="2" ci="0" mb="0" cb="0"/><line nr="649" mi="0" ci="8" mb="1" cb="3"/><line nr="651" mi="0" ci="9" mb="0" cb="2"/><line nr="652" mi="1" ci="0" mb="0" cb="0"/><line nr="653" mi="4" ci="0" mb="0" cb="0"/><line nr="654" mi="2" ci="0" mb="0" cb="0"/><line nr="657" mi="0" ci="2" mb="0" cb="0"/><line nr="668" mi="0" ci="5" mb="0" cb="0"/><line nr="678" mi="0" ci="5" mb="0" cb="0"/><line nr="688" mi="0" ci="5" mb="0" cb="0"/><line nr="698" mi="0" ci="5" mb="0" cb="0"/><line nr="708" mi="0" ci="5" mb="0" cb="0"/><line nr="719" mi="0" ci="5" mb="0" cb="0"/><line nr="729" mi="0" ci="5" mb="0" cb="0"/><line nr="739" mi="0" ci="5" mb="0" cb="0"/><line nr="749" mi="0" ci="5" mb="0" cb="0"/><line nr="759" mi="0" ci="5" mb="0" cb="0"/><line nr="769" mi="0" ci="5" mb="0" cb="0"/><line nr="779" mi="0" ci="5" mb="0" cb="0"/><line nr="788" mi="0" ci="8" mb="2" cb="2"/><line nr="789" mi="0" ci="2" mb="0" cb="0"/><line nr="791" mi="5" ci="0" mb="0" cb="0"/><line nr="802" mi="0" ci="5" mb="0" cb="0"/><line nr="812" mi="3" ci="10" mb="2" cb="2"/><line nr="822" mi="0" ci="5" mb="0" cb="0"/><line nr="833" mi="0" ci="5" mb="0" cb="0"/><line nr="844" mi="0" ci="5" mb="0" cb="0"/><line nr="855" mi="0" ci="5" mb="0" cb="0"/><line nr="865" mi="0" ci="5" mb="0" cb="0"/><line nr="875" mi="0" ci="5" mb="0" cb="0"/><line nr="885" mi="0" ci="5" mb="1" cb="1"/><line nr="886" mi="0" ci="3" mb="0" cb="0"/><line nr="887" mi="0" ci="3" mb="0" cb="0"/><line nr="888" mi="0" ci="2" mb="0" cb="0"/><line nr="890" mi="5" ci="0" mb="0" cb="0"/><line nr="901" mi="0" ci="5" mb="0" cb="0"/><line nr="911" mi="0" ci="5" mb="0" cb="0"/><line nr="922" mi="0" ci="5" mb="0" cb="0"/><line nr="933" mi="0" ci="5" mb="0" cb="0"/><line nr="943" mi="0" ci="5" mb="0" cb="0"/><line nr="953" mi="0" ci="5" mb="0" cb="0"/><line nr="964" mi="0" ci="5" mb="0" cb="0"/><line nr="974" mi="0" ci="8" mb="2" cb="2"/><line nr="975" mi="0" ci="2" mb="0" cb="0"/><line nr="977" mi="5" ci="0" mb="0" cb="0"/><line nr="989" mi="0" ci="5" mb="0" cb="0"/><line nr="1000" mi="0" ci="5" mb="0" cb="0"/><line nr="1013" mi="0" ci="8" mb="2" cb="2"/><line nr="1015" mi="0" ci="5" mb="0" cb="0"/><line nr="1016" mi="1" ci="0" mb="0" cb="0"/><line nr="1017" mi="2" ci="0" mb="0" cb="0"/><line nr="1020" mi="6" ci="0" mb="0" cb="0"/><line nr="1031" mi="0" ci="12" mb="1" cb="3"/><line nr="1043" mi="0" ci="8" mb="1" cb="3"/><line nr="1044" mi="0" ci="5" mb="0" cb="0"/><line nr="1045" mi="0" ci="2" mb="1" cb="1"/><line nr="1046" mi="0" ci="4" mb="0" cb="0"/><line nr="1049" mi="0" ci="2" mb="0" cb="0"/><line nr="1059" mi="0" ci="8" mb="1" cb="3"/><line nr="1060" mi="0" ci="5" mb="0" cb="0"/><line nr="1062" mi="0" ci="2" mb="0" cb="0"/><line nr="1069" mi="0" ci="4" mb="0" cb="0"/><line nr="1070" mi="0" ci="4" mb="0" cb="0"/><line nr="1071" mi="0" ci="3" mb="0" cb="0"/><line nr="1072" mi="0" ci="8" mb="1" cb="3"/><line nr="1073" mi="0" ci="3" mb="0" cb="0"/><line nr="1075" mi="0" ci="11" mb="0" cb="0"/><line nr="1078" mi="0" ci="8" mb="0" cb="0"/><line nr="1079" mi="0" ci="2" mb="0" cb="0"/><line nr="1081" mi="0" ci="11" mb="0" cb="0"/><line nr="1086" mi="0" ci="1" mb="0" cb="0"/><line nr="1095" mi="0" ci="5" mb="0" cb="0"/><line nr="1105" mi="5" ci="0" mb="0" cb="0"/><line nr="1114" mi="0" ci="5" mb="0" cb="0"/><line nr="1124" mi="5" ci="0" mb="0" cb="0"/><line nr="1137" mi="13" ci="0" mb="4" cb="0"/><line nr="1147" mi="0" ci="6" mb="0" cb="0"/><line nr="1156" mi="0" ci="5" mb="0" cb="0"/><line nr="1165" mi="0" ci="5" mb="0" cb="0"/><line nr="1176" mi="0" ci="5" mb="0" cb="0"/><line nr="1186" mi="0" ci="5" mb="1" cb="1"/><line nr="1187" mi="5" ci="0" mb="0" cb="0"/><line nr="1189" mi="0" ci="7" mb="0" cb="0"/><line nr="1198" mi="5" ci="0" mb="0" cb="0"/><line nr="1199" mi="2" ci="0" mb="2" cb="0"/><line nr="1200" mi="2" ci="0" mb="0" cb="0"/><line nr="1202" mi="2" ci="0" mb="0" cb="0"/><line nr="1211" mi="0" ci="5" mb="0" cb="0"/><line nr="1220" mi="0" ci="5" mb="0" cb="0"/><line nr="1229" mi="0" ci="5" mb="0" cb="0"/><line nr="1238" mi="0" ci="5" mb="0" cb="0"/><line nr="1247" mi="0" ci="5" mb="0" cb="0"/><line nr="1256" mi="0" ci="5" mb="0" cb="0"/><line nr="1265" mi="0" ci="5" mb="0" cb="0"/><line nr="1274" mi="0" ci="5" mb="0" cb="0"/><line nr="1283" mi="0" ci="5" mb="0" cb="0"/><line nr="1292" mi="0" ci="5" mb="0" cb="0"/><line nr="1293" mi="0" ci="2" mb="0" cb="2"/><line nr="1294" mi="0" ci="5" mb="0" cb="0"/><line nr="1296" mi="0" ci="2" mb="0" cb="0"/><line nr="1305" mi="5" ci="0" mb="0" cb="0"/><line nr="1314" mi="0" ci="5" mb="0" cb="0"/><line nr="1323" mi="0" ci="5" mb="0" cb="0"/><line nr="1333" mi="0" ci="11" mb="0" cb="0"/><line nr="1334" mi="0" ci="8" mb="0" cb="0"/><line nr="1335" mi="0" ci="2" mb="0" cb="0"/><line nr="1336" mi="0" ci="3" mb="0" cb="0"/><line nr="1337" mi="0" ci="1" mb="0" cb="0"/><line nr="1349" mi="0" ci="13" mb="1" cb="3"/><line nr="1359" mi="2" ci="10" mb="2" cb="2"/><line nr="1369" mi="12" ci="0" mb="4" cb="0"/><line nr="1379" mi="0" ci="5" mb="0" cb="0"/><line nr="1389" mi="0" ci="5" mb="0" cb="0"/><line nr="1400" mi="0" ci="5" mb="0" cb="0"/><line nr="1411" mi="0" ci="5" mb="0" cb="0"/><line nr="1422" mi="0" ci="5" mb="0" cb="0"/><line nr="1432" mi="0" ci="5" mb="0" cb="0"/><line nr="1441" mi="0" ci="5" mb="0" cb="0"/><line nr="1442" mi="0" ci="2" mb="1" cb="1"/><line nr="1443" mi="4" ci="0" mb="0" cb="0"/><line nr="1445" mi="0" ci="2" mb="0" cb="0"/><line nr="1456" mi="3" ci="10" mb="2" cb="2"/><line nr="1467" mi="3" ci="10" mb="2" cb="2"/><line nr="1478" mi="3" ci="10" mb="2" cb="2"/><line nr="1488" mi="0" ci="5" mb="1" cb="1"/><line nr="1489" mi="0" ci="5" mb="0" cb="0"/><line nr="1491" mi="0" ci="3" mb="0" cb="0"/><line nr="1492" mi="0" ci="1" mb="0" cb="0"/><line nr="1493" mi="0" ci="2" mb="0" cb="0"/><line nr="1496" mi="2" ci="0" mb="0" cb="0"/><line nr="1506" mi="0" ci="5" mb="1" cb="1"/><line nr="1507" mi="5" ci="0" mb="0" cb="0"/><line nr="1509" mi="4" ci="0" mb="0" cb="0"/><line nr="1510" mi="1" ci="0" mb="0" cb="0"/><line nr="1511" mi="2" ci="0" mb="0" cb="0"/><line nr="1514" mi="0" ci="2" mb="0" cb="0"/><line nr="1522" mi="3" ci="0" mb="0" cb="0"/><counter type="INSTRUCTION" missed="364" covered="1710"/><counter type="BRANCH" missed="90" covered="88"/><counter type="LINE" missed="75" covered="432"/><counter type="COMPLEXITY" missed="77" covered="106"/><counter type="METHOD" missed="8" covered="86"/><counter type="CLASS" missed="1" covered="1"/></sourcefile><sourcefile name="App.java"><line nr="61" mi="0" ci="4" mb="0" cb="0"/><line nr="79" mi="4" ci="0" mb="0" cb="0"/><line nr="80" mi="4" ci="0" mb="0" cb="0"/><line nr="81" mi="5" ci="0" mb="0" cb="0"/><line nr="82" mi="2" ci="0" mb="0" cb="0"/><line nr="83" mi="1" ci="0" mb="0" cb="0"/><line nr="88" mi="2" ci="0" mb="0" cb="0"/><line nr="89" mi="5" ci="0" mb="0" cb="0"/><line nr="90" mi="1" ci="0" mb="0" cb="0"/><line nr="97" mi="0" ci="2" mb="0" cb="0"/><line nr="98" mi="0" ci="3" mb="0" cb="0"/><line nr="99" mi="0" ci="1" mb="0" cb="0"/><line nr="108" mi="2" ci="0" mb="0" cb="0"/><line nr="109" mi="6" ci="0" mb="0" cb="0"/><line nr="112" mi="3" ci="0" mb="0" cb="0"/><line nr="113" mi="1" ci="0" mb="0" cb="0"/><line nr="114" mi="4" ci="0" mb="0" cb="0"/><line nr="115" mi="2" ci="0" mb="0" cb="0"/><line nr="116" mi="2" ci="0" mb="0" cb="0"/><line nr="117" mi="1" ci="0" mb="0" cb="0"/><line nr="118" mi="4" ci="0" mb="0" cb="0"/><line nr="119" mi="2" ci="0" mb="0" cb="0"/><line nr="120" mi="2" ci="0" mb="0" cb="0"/><line nr="121" mi="1" ci="0" mb="0" cb="0"/><line nr="123" mi="3" ci="0" mb="2" cb="0"/><line nr="124" mi="4" ci="0" mb="0" cb="0"/><line nr="127" mi="3" ci="0" mb="2" cb="0"/><line nr="128" mi="3" ci="0" mb="2" cb="0"/><line nr="129" mi="3" ci="0" mb="0" cb="0"/><line nr="130" mi="3" ci="0" mb="0" cb="0"/><line nr="133" mi="3" ci="0" mb="0" cb="0"/><line nr="134" mi="1" ci="0" mb="0" cb="0"/><line nr="135" mi="4" ci="0" mb="0" cb="0"/><line nr="136" mi="4" ci="0" mb="0" cb="0"/><line nr="137" mi="2" ci="0" mb="0" cb="0"/><line nr="138" mi="2" ci="0" mb="0" cb="0"/><line nr="139" mi="1" ci="0" mb="0" cb="0"/><line nr="140" mi="9" ci="0" mb="0" cb="0"/><line nr="141" mi="3" ci="0" mb="2" cb="0"/><line nr="142" mi="2" ci="0" mb="0" cb="0"/><line nr="143" mi="4" ci="0" mb="0" cb="0"/><line nr="146" mi="4" ci="0" mb="0" cb="0"/><line nr="149" mi="3" ci="0" mb="2" cb="0"/><line nr="150" mi="3" ci="0" mb="0" cb="0"/><line nr="151" mi="3" ci="0" mb="2" cb="0"/><line nr="153" mi="3" ci="0" mb="0" cb="0"/><line nr="154" mi="5" ci="0" mb="0" cb="0"/><line nr="155" mi="1" ci="0" mb="0" cb="0"/><line nr="156" mi="4" ci="0" mb="0" cb="0"/><line nr="157" mi="4" ci="0" mb="0" cb="0"/><line nr="158" mi="2" ci="0" mb="0" cb="0"/><line nr="159" mi="2" ci="0" mb="0" cb="0"/><line nr="160" mi="1" ci="0" mb="0" cb="0"/><line nr="162" mi="2" ci="0" mb="0" cb="0"/><line nr="163" mi="1" ci="0" mb="0" cb="0"/><line nr="164" mi="5" ci="0" mb="0" cb="0"/><line nr="165" mi="2" ci="0" mb="0" cb="0"/><line nr="166" mi="1" ci="0" mb="0" cb="0"/><line nr="167" mi="5" ci="0" mb="0" cb="0"/><line nr="168" mi="2" ci="0" mb="0" cb="0"/><line nr="170" mi="4" ci="0" mb="0" cb="0"/><line nr="172" mi="3" ci="0" mb="2" cb="0"/><line nr="174" mi="3" ci="0" mb="0" cb="0"/><line nr="175" mi="1" ci="0" mb="0" cb="0"/><line nr="176" mi="5" ci="0" mb="0" cb="0"/><line nr="177" mi="4" ci="0" mb="0" cb="0"/><line nr="178" mi="2" ci="0" mb="0" cb="0"/><line nr="179" mi="2" ci="0" mb="0" cb="0"/><line nr="180" mi="1" ci="0" mb="0" cb="0"/><line nr="182" mi="3" ci="0" mb="0" cb="0"/><line nr="183" mi="2" ci="0" mb="2" cb="0"/><line nr="184" mi="12" ci="0" mb="0" cb="0"/><line nr="185" mi="5" ci="0" mb="0" cb="0"/><line nr="187" mi="3" ci="0" mb="0" cb="0"/><line nr="189" mi="1" ci="0" mb="0" cb="0"/><line nr="190" mi="4" ci="0" mb="0" cb="0"/><line nr="191" mi="4" ci="0" mb="0" cb="0"/><line nr="192" mi="2" ci="0" mb="0" cb="0"/><line nr="193" mi="1" ci="0" mb="0" cb="0"/><line nr="194" mi="4" ci="0" mb="0" cb="0"/><line nr="195" mi="4" ci="0" mb="0" cb="0"/><line nr="196" mi="2" ci="0" mb="0" cb="0"/><line nr="197" mi="1" ci="0" mb="0" cb="0"/><line nr="198" mi="3" ci="0" mb="2" cb="0"/><line nr="199" mi="2" ci="0" mb="0" cb="0"/><line nr="200" mi="4" ci="0" mb="0" cb="0"/><line nr="202" mi="2" ci="0" mb="0" cb="0"/><line nr="204" mi="11" ci="0" mb="2" cb="0"/><line nr="205" mi="3" ci="0" mb="2" cb="0"/><line nr="206" mi="4" ci="0" mb="0" cb="0"/><line nr="207" mi="4" ci="0" mb="0" cb="0"/><line nr="209" mi="1" ci="0" mb="0" cb="0"/><line nr="211" mi="4" ci="0" mb="0" cb="0"/><line nr="214" mi="2" ci="0" mb="0" cb="0"/><line nr="216" mi="2" ci="0" mb="0" cb="0"/><line nr="242" mi="2" ci="0" mb="0" cb="0"/><line nr="244" mi="4" ci="0" mb="0" cb="0"/><line nr="245" mi="6" ci="0" mb="0" cb="0"/><line nr="247" mi="6" ci="0" mb="0" cb="0"/><line nr="248" mi="4" ci="0" mb="0" cb="0"/><line nr="250" mi="2" ci="0" mb="0" cb="0"/><line nr="252" mi="2" ci="0" mb="0" cb="0"/><line nr="253" mi="1" ci="0" mb="0" cb="0"/><line nr="254" mi="3" ci="0" mb="2" cb="0"/><line nr="255" mi="2" ci="0" mb="0" cb="0"/><line nr="257" mi="2" ci="0" mb="0" cb="0"/><line nr="258" mi="1" ci="0" mb="0" cb="0"/><line nr="261" mi="16" ci="0" mb="2" cb="0"/><line nr="262" mi="9" ci="0" mb="0" cb="0"/><line nr="264" mi="1" ci="0" mb="0" cb="0"/><line nr="265" mi="2" ci="0" mb="2" cb="0"/><line nr="266" mi="3" ci="0" mb="0" cb="0"/><line nr="267" mi="2" ci="0" mb="0" cb="0"/><line nr="269" mi="2" ci="0" mb="0" cb="0"/><line nr="271" mi="1" ci="0" mb="0" cb="0"/><line nr="272" mi="6" ci="0" mb="4" cb="0"/><line nr="273" mi="2" ci="0" mb="0" cb="0"/><line nr="275" mi="7" ci="0" mb="0" cb="0"/><line nr="277" mi="2" ci="0" mb="2" cb="0"/><line nr="278" mi="2" ci="0" mb="0" cb="0"/><line nr="293" mi="2" ci="0" mb="0" cb="0"/><line nr="295" mi="17" ci="0" mb="2" cb="0"/><line nr="296" mi="4" ci="0" mb="2" cb="0"/><line nr="297" mi="11" ci="0" mb="2" cb="0"/><line nr="298" mi="5" ci="0" mb="0" cb="0"/><line nr="299" mi="10" ci="0" mb="4" cb="0"/><line nr="300" mi="8" ci="0" mb="4" cb="0"/><line nr="301" mi="2" ci="0" mb="0" cb="0"/><line nr="303" mi="1" ci="0" mb="0" cb="0"/><line nr="306" mi="2" ci="0" mb="0" cb="0"/><line nr="318" mi="4" ci="0" mb="0" cb="0"/><line nr="319" mi="10" ci="0" mb="2" cb="0"/><line nr="320" mi="4" ci="0" mb="0" cb="0"/><line nr="321" mi="4" ci="0" mb="0" cb="0"/><line nr="322" mi="5" ci="0" mb="0" cb="0"/><line nr="324" mi="4" ci="0" mb="0" cb="0"/><line nr="325" mi="5" ci="0" mb="0" cb="0"/><line nr="326" mi="6" ci="0" mb="0" cb="0"/><line nr="327" mi="12" ci="0" mb="4" cb="0"/><line nr="328" mi="2" ci="0" mb="2" cb="0"/><line nr="329" mi="5" ci="0" mb="0" cb="0"/><line nr="330" mi="3" ci="0" mb="0" cb="0"/><line nr="332" mi="6" ci="0" mb="0" cb="0"/><line nr="333" mi="2" ci="0" mb="0" cb="0"/><line nr="336" mi="3" ci="0" mb="0" cb="0"/><line nr="337" mi="7" ci="0" mb="0" cb="0"/><line nr="338" mi="3" ci="0" mb="0" cb="0"/><line nr="339" mi="3" ci="0" mb="0" cb="0"/><line nr="340" mi="2" ci="0" mb="2" cb="0"/><line nr="341" mi="3" ci="0" mb="0" cb="0"/><line nr="343" mi="5" ci="0" mb="4" cb="0"/><line nr="344" mi="3" ci="0" mb="0" cb="0"/><line nr="346" mi="2" ci="0" mb="0" cb="0"/><line nr="347" mi="3" ci="0" mb="2" cb="0"/><line nr="348" mi="17" ci="0" mb="2" cb="0"/><line nr="349" mi="6" ci="0" mb="0" cb="0"/><line nr="350" mi="5" ci="0" mb="0" cb="0"/><line nr="351" mi="4" ci="0" mb="0" cb="0"/><line nr="354" mi="1" ci="0" mb="0" cb="0"/><line nr="355" mi="2" ci="0" mb="0" cb="0"/><line nr="365" mi="4" ci="0" mb="0" cb="0"/><line nr="366" mi="16" ci="0" mb="2" cb="0"/><line nr="367" mi="4" ci="0" mb="0" cb="0"/><line nr="368" mi="4" ci="0" mb="0" cb="0"/><line nr="370" mi="2" ci="0" mb="0" cb="0"/><line nr="381" mi="8" ci="0" mb="0" cb="0"/><line nr="382" mi="2" ci="0" mb="0" cb="0"/><line nr="384" mi="1" ci="0" mb="0" cb="0"/><line nr="395" mi="0" ci="3" mb="0" cb="0"/><line nr="396" mi="0" ci="3" mb="0" cb="0"/><line nr="397" mi="0" ci="3" mb="0" cb="0"/><line nr="398" mi="0" ci="3" mb="0" cb="0"/><line nr="399" mi="0" ci="3" mb="0" cb="0"/><line nr="400" mi="0" ci="3" mb="0" cb="0"/><line nr="401" mi="0" ci="3" mb="0" cb="0"/><line nr="402" mi="0" ci="3" mb="0" cb="0"/><line nr="403" mi="0" ci="3" mb="0" cb="0"/><line nr="404" mi="0" ci="3" mb="0" cb="0"/><line nr="405" mi="0" ci="3" mb="0" cb="0"/><line nr="406" mi="0" ci="3" mb="0" cb="0"/><line nr="407" mi="0" ci="3" mb="0" cb="0"/><line nr="408" mi="0" ci="3" mb="0" cb="0"/><line nr="409" mi="0" ci="3" mb="0" cb="0"/><line nr="410" mi="0" ci="3" mb="0" cb="0"/><line nr="411" mi="0" ci="3" mb="0" cb="0"/><line nr="412" mi="0" ci="3" mb="0" cb="0"/><line nr="413" mi="0" ci="3" mb="0" cb="0"/><line nr="414" mi="0" ci="3" mb="0" cb="0"/><line nr="415" mi="0" ci="3" mb="0" cb="0"/><line nr="416" mi="0" ci="3" mb="0" cb="0"/><line nr="417" mi="0" ci="3" mb="0" cb="0"/><line nr="418" mi="0" ci="3" mb="0" cb="0"/><line nr="419" mi="0" ci="3" mb="0" cb="0"/><line nr="420" mi="0" ci="3" mb="0" cb="0"/><line nr="421" mi="0" ci="3" mb="0" cb="0"/><line nr="422" mi="0" ci="3" mb="0" cb="0"/><line nr="424" mi="0" ci="2" mb="0" cb="2"/><line nr="426" mi="0" ci="4" mb="0" cb="0"/><line nr="427" mi="1" ci="0" mb="0" cb="0"/><line nr="428" mi="16" ci="0" mb="0" cb="0"/><line nr="429" mi="1" ci="0" mb="0" cb="0"/><line nr="430" mi="16" ci="0" mb="0" cb="0"/><line nr="431" mi="0" ci="1" mb="0" cb="0"/><line nr="436" mi="0" ci="3" mb="0" cb="0"/><line nr="437" mi="0" ci="2" mb="1" cb="1"/><line nr="438" mi="6" ci="0" mb="0" cb="0"/><line nr="439" mi="0" ci="3" mb="1" cb="1"/><line nr="440" mi="0" ci="7" mb="0" cb="0"/><line nr="441" mi="0" ci="6" mb="0" cb="0"/><line nr="442" mi="0" ci="1" mb="0" cb="0"/><line nr="443" mi="9" ci="0" mb="0" cb="0"/><line nr="444" mi="3" ci="0" mb="0" cb="0"/><line nr="445" mi="5" ci="0" mb="0" cb="0"/><line nr="446" mi="6" ci="0" mb="0" cb="0"/><line nr="447" mi="6" ci="0" mb="0" cb="0"/><line nr="449" mi="0" ci="5" mb="0" cb="0"/><line nr="450" mi="0" ci="5" mb="0" cb="0"/><line nr="451" mi="0" ci="5" mb="0" cb="0"/><line nr="452" mi="0" ci="5" mb="0" cb="0"/><line nr="453" mi="0" ci="5" mb="0" cb="0"/><line nr="454" mi="0" ci="5" mb="0" cb="0"/><line nr="455" mi="0" ci="5" mb="0" cb="0"/><line nr="456" mi="0" ci="5" mb="0" cb="0"/><line nr="457" mi="0" ci="5" mb="0" cb="0"/><line nr="459" mi="0" ci="5" mb="0" cb="0"/><line nr="462" mi="0" ci="5" mb="0" cb="0"/><line nr="463" mi="0" ci="5" mb="0" cb="0"/><line nr="465" mi="0" ci="10" mb="0" cb="2"/><line nr="466" mi="0" ci="10" mb="0" cb="2"/><line nr="467" mi="0" ci="10" mb="0" cb="2"/><line nr="468" mi="0" ci="10" mb="0" cb="2"/><line nr="469" mi="0" ci="10" mb="0" cb="2"/><line nr="470" mi="0" ci="10" mb="0" cb="2"/><line nr="471" mi="0" ci="10" mb="0" cb="2"/><line nr="472" mi="0" ci="10" mb="0" cb="2"/><line nr="473" mi="0" ci="10" mb="0" cb="2"/><line nr="474" mi="1" ci="9" mb="1" cb="1"/><line nr="475" mi="0" ci="10" mb="0" cb="2"/><line nr="476" mi="0" ci="10" mb="0" cb="2"/><line nr="477" mi="1" ci="9" mb="1" cb="1"/><line nr="478" mi="1" ci="9" mb="1" cb="1"/><line nr="479" mi="0" ci="6" mb="0" cb="0"/><line nr="480" mi="2" ci="8" mb="1" cb="1"/><line nr="481" mi="2" ci="8" mb="1" cb="1"/><line nr="482" mi="1" ci="9" mb="1" cb="1"/><line nr="483" mi="1" ci="9" mb="1" cb="1"/><line nr="484" mi="0" ci="6" mb="0" cb="0"/><line nr="485" mi="0" ci="6" mb="0" cb="0"/><line nr="486" mi="0" ci="10" mb="0" cb="2"/><line nr="487" mi="0" ci="10" mb="0" cb="2"/><line nr="488" mi="0" ci="10" mb="0" cb="2"/><line nr="489" mi="0" ci="10" mb="0" cb="2"/><line nr="490" mi="1" ci="9" mb="1" cb="1"/><line nr="491" mi="0" ci="6" mb="0" cb="0"/><line nr="492" mi="1" ci="9" mb="1" cb="1"/><line nr="493" mi="1" ci="9" mb="1" cb="1"/><line nr="494" mi="0" ci="5" mb="0" cb="0"/><line nr="495" mi="0" ci="5" mb="0" cb="0"/><line nr="496" mi="0" ci="6" mb="0" cb="0"/><line nr="498" mi="0" ci="6" mb="0" cb="0"/><line nr="499" mi="0" ci="2" mb="0" cb="0"/><line nr="500" mi="0" ci="6" mb="0" cb="0"/><line nr="501" mi="0" ci="1" mb="0" cb="0"/><line nr="502" mi="0" ci="6" mb="0" cb="0"/><line nr="503" mi="0" ci="1" mb="0" cb="0"/><line nr="504" mi="0" ci="6" mb="0" cb="0"/><line nr="505" mi="0" ci="1" mb="0" cb="0"/><line nr="506" mi="0" ci="6" mb="0" cb="0"/><line nr="507" mi="0" ci="1" mb="0" cb="0"/><line nr="508" mi="0" ci="6" mb="0" cb="0"/><line nr="509" mi="0" ci="1" mb="0" cb="0"/><line nr="510" mi="0" ci="6" mb="0" cb="0"/><line nr="511" mi="0" ci="1" mb="0" cb="0"/><line nr="513" mi="0" ci="6" mb="0" cb="0"/><line nr="514" mi="0" ci="6" mb="0" cb="0"/><line nr="515" mi="0" ci="5" mb="0" cb="0"/><line nr="516" mi="0" ci="5" mb="0" cb="0"/><line nr="517" mi="0" ci="5" mb="0" cb="0"/><line nr="518" mi="0" ci="5" mb="0" cb="0"/><line nr="519" mi="0" ci="5" mb="0" cb="0"/><line nr="520" mi="0" ci="5" mb="0" cb="0"/><line nr="521" mi="0" ci="5" mb="0" cb="0"/><line nr="522" mi="0" ci="5" mb="0" cb="0"/><line nr="523" mi="0" ci="5" mb="0" cb="0"/><line nr="524" mi="0" ci="5" mb="0" cb="0"/><line nr="525" mi="0" ci="5" mb="0" cb="0"/><line nr="526" mi="3" ci="2" mb="3" cb="1"/><line nr="527" mi="5" ci="0" mb="0" cb="0"/><line nr="528" mi="5" ci="0" mb="0" cb="0"/><line nr="530" mi="0" ci="1" mb="0" cb="0"/><line nr="538" mi="2" ci="0" mb="0" cb="0"/><line nr="539" mi="4" ci="0" mb="0" cb="0"/><line nr="541" mi="4" ci="0" mb="0" cb="0"/><line nr="542" mi="3" ci="0" mb="0" cb="0"/><line nr="543" mi="3" ci="0" mb="0" cb="0"/><line nr="544" mi="2" ci="0" mb="0" cb="0"/><line nr="545" mi="4" ci="0" mb="0" cb="0"/><line nr="546" mi="3" ci="0" mb="0" cb="0"/><line nr="547" mi="3" ci="0" mb="0" cb="0"/><line nr="548" mi="3" ci="0" mb="0" cb="0"/><line nr="549" mi="3" ci="0" mb="0" cb="0"/><line nr="550" mi="5" ci="0" mb="0" cb="0"/><line nr="551" mi="3" ci="0" mb="0" cb="0"/><line nr="552" mi="4" ci="0" mb="0" cb="0"/><line nr="553" mi="3" ci="0" mb="2" cb="0"/><line nr="554" mi="5" ci="0" mb="0" cb="0"/><line nr="556" mi="3" ci="0" mb="0" cb="0"/><line nr="557" mi="2" ci="0" mb="0" cb="0"/><line nr="558" mi="4" ci="0" mb="0" cb="0"/><line nr="559" mi="3" ci="0" mb="0" cb="0"/><line nr="560" mi="4" ci="0" mb="0" cb="0"/><line nr="561" mi="4" ci="0" mb="0" cb="0"/><line nr="562" mi="3" ci="0" mb="0" cb="0"/><line nr="563" mi="2" ci="0" mb="0" cb="0"/><line nr="564" mi="9" ci="0" mb="0" cb="0"/><line nr="565" mi="3" ci="0" mb="0" cb="0"/><line nr="566" mi="1" ci="0" mb="0" cb="0"/><line nr="579" mi="0" ci="2" mb="0" cb="0"/><line nr="580" mi="0" ci="5" mb="0" cb="0"/><line nr="581" mi="0" ci="8" mb="1" cb="3"/><line nr="583" mi="0" ci="4" mb="0" cb="0"/><line nr="584" mi="0" ci="2" mb="1" cb="1"/><line nr="585" mi="2" ci="0" mb="0" cb="0"/><line nr="587" mi="0" ci="1" mb="0" cb="0"/><line nr="588" mi="0" ci="5" mb="0" cb="0"/><line nr="589" mi="0" ci="4" mb="0" cb="0"/><line nr="590" mi="0" ci="1" mb="0" cb="0"/><line nr="591" mi="0" ci="2" mb="0" cb="0"/><line nr="594" mi="0" ci="5" mb="0" cb="0"/><line nr="596" mi="0" ci="3" mb="0" cb="0"/><line nr="597" mi="0" ci="2" mb="0" cb="2"/><line nr="598" mi="0" ci="6" mb="0" cb="0"/><line nr="600" mi="1" ci="0" mb="0" cb="0"/><line nr="601" mi="4" ci="0" mb="0" cb="0"/><line nr="602" mi="4" ci="0" mb="0" cb="0"/><line nr="603" mi="0" ci="1" mb="0" cb="0"/><line nr="604" mi="0" ci="6" mb="0" cb="0"/><line nr="614" mi="4" ci="4" mb="3" cb="1"/><line nr="615" mi="0" ci="4" mb="0" cb="0"/><line nr="616" mi="0" ci="4" mb="0" cb="0"/><line nr="617" mi="2" ci="5" mb="1" cb="1"/><line nr="618" mi="2" ci="5" mb="1" cb="1"/><line nr="619" mi="1" ci="6" mb="1" cb="1"/><line nr="620" mi="0" ci="5" mb="0" cb="0"/><line nr="621" mi="0" ci="2" mb="0" cb="0"/><line nr="623" mi="4" ci="0" mb="0" cb="0"/><counter type="INSTRUCTION" missed="820" covered="673"/><counter type="BRANCH" missed="93" covered="55"/><counter type="LINE" missed="208" covered="138"/><counter type="COMPLEXITY" missed="66" covered="23"/><counter type="METHOD" missed="10" covered="5"/><counter type="CLASS" missed="0" covered="1"/></sourcefile><counter type="INSTRUCTION" missed="1184" covered="2383"/><counter type="BRANCH" missed="183" covered="143"/><counter type="LINE" missed="283" covered="570"/><counter type="COMPLEXITY" missed="143" covered="129"/><counter type="METHOD" missed="18" covered="91"/><counter type="CLASS" missed="1" covered="2"/></package><counter type="INSTRUCTION" missed="1184" covered="2383"/><counter type="BRANCH" missed="183" covered="143"/><counter type="LINE" missed="283" covered="570"/><counter type="COMPLEXITY" missed="143" covered="129"/><counter type="METHOD" missed="18" covered="91"/><counter type="CLASS" missed="1" covered="2"/></report>